<?xml version="1.0" encoding="UTF-8"?>
<testsuite xmlns:xsi="http://www.w3.org/2001/XMLSchema-instance" xsi:noNamespaceSchemaLocation="https://maven.apache.org/surefire/maven-surefire-plugin/xsd/surefire-test-report-3.0.xsd" version="3.0" name="com.example.demo.repository.ConsultaMedicaRepositoryTest" time="0.659" tests="1" errors="0" skipped="0" failures="0">
  <properties>
    <property name="java.specification.version" value="21"/>
    <property name="sun.cpu.isalist" value="amd64"/>
    <property name="sun.jnu.encoding" value="Cp1252"/>
    <property name="java.class.path" value="C:\Users\PC Gio\Documents\GitHub\sumativa2_microservicio_B\demo\target\test-classes;C:\Users\PC Gio\Documents\GitHub\sumativa2_microservicio_B\demo\target\classes;C:\Users\PC Gio\.m2\repository\org\springframework\boot\spring-boot-starter-data-jpa\3.2.4\spring-boot-starter-data-jpa-3.2.4.jar;C:\Users\PC Gio\.m2\repository\org\springframework\boot\spring-boot-starter-aop\3.2.4\spring-boot-starter-aop-3.2.4.jar;C:\Users\PC Gio\.m2\repository\org\springframework\spring-aop\6.1.5\spring-aop-6.1.5.jar;C:\Users\PC Gio\.m2\repository\org\aspectj\aspectjweaver\1.9.21\aspectjweaver-1.9.21.jar;C:\Users\PC Gio\.m2\repository\org\springframework\boot\spring-boot-starter-jdbc\3.2.4\spring-boot-starter-jdbc-3.2.4.jar;C:\Users\PC Gio\.m2\repository\com\zaxxer\HikariCP\5.0.1\HikariCP-5.0.1.jar;C:\Users\PC Gio\.m2\repository\org\springframework\spring-jdbc\6.1.5\spring-jdbc-6.1.5.jar;C:\Users\PC Gio\.m2\repository\org\hibernate\orm\hibernate-core\6.4.4.Final\hibernate-core-6.4.4.Final.jar;C:\Users\PC Gio\.m2\repository\jakarta\persistence\jakarta.persistence-api\3.1.0\jakarta.persistence-api-3.1.0.jar;C:\Users\PC Gio\.m2\repository\jakarta\transaction\jakarta.transaction-api\2.0.1\jakarta.transaction-api-2.0.1.jar;C:\Users\PC Gio\.m2\repository\org\jboss\logging\jboss-logging\3.5.3.Final\jboss-logging-3.5.3.Final.jar;C:\Users\PC Gio\.m2\repository\org\hibernate\common\hibernate-commons-annotations\6.0.6.Final\hibernate-commons-annotations-6.0.6.Final.jar;C:\Users\PC Gio\.m2\repository\io\smallrye\jandex\3.1.2\jandex-3.1.2.jar;C:\Users\PC Gio\.m2\repository\com\fasterxml\classmate\1.6.0\classmate-1.6.0.jar;C:\Users\PC Gio\.m2\repository\net\bytebuddy\byte-buddy\1.14.12\byte-buddy-1.14.12.jar;C:\Users\PC Gio\.m2\repository\org\glassfish\jaxb\jaxb-runtime\4.0.5\jaxb-runtime-4.0.5.jar;C:\Users\PC Gio\.m2\repository\org\glassfish\jaxb\jaxb-core\4.0.5\jaxb-core-4.0.5.jar;C:\Users\PC Gio\.m2\repository\org\eclipse\angus\angus-activation\2.0.2\angus-activation-2.0.2.jar;C:\Users\PC Gio\.m2\repository\org\glassfish\jaxb\txw2\4.0.5\txw2-4.0.5.jar;C:\Users\PC Gio\.m2\repository\com\sun\istack\istack-commons-runtime\4.1.2\istack-commons-runtime-4.1.2.jar;C:\Users\PC Gio\.m2\repository\jakarta\inject\jakarta.inject-api\2.0.1\jakarta.inject-api-2.0.1.jar;C:\Users\PC Gio\.m2\repository\org\antlr\antlr4-runtime\4.13.0\antlr4-runtime-4.13.0.jar;C:\Users\PC Gio\.m2\repository\org\springframework\data\spring-data-jpa\3.2.4\spring-data-jpa-3.2.4.jar;C:\Users\PC Gio\.m2\repository\org\springframework\data\spring-data-commons\3.2.4\spring-data-commons-3.2.4.jar;C:\Users\PC Gio\.m2\repository\org\springframework\spring-orm\6.1.5\spring-orm-6.1.5.jar;C:\Users\PC Gio\.m2\repository\org\springframework\spring-context\6.1.5\spring-context-6.1.5.jar;C:\Users\PC Gio\.m2\repository\org\springframework\spring-tx\6.1.5\spring-tx-6.1.5.jar;C:\Users\PC Gio\.m2\repository\org\springframework\spring-beans\6.1.5\spring-beans-6.1.5.jar;C:\Users\PC Gio\.m2\repository\jakarta\annotation\jakarta.annotation-api\2.1.1\jakarta.annotation-api-2.1.1.jar;C:\Users\PC Gio\.m2\repository\org\slf4j\slf4j-api\2.0.12\slf4j-api-2.0.12.jar;C:\Users\PC Gio\.m2\repository\org\springframework\spring-aspects\6.1.5\spring-aspects-6.1.5.jar;C:\Users\PC Gio\.m2\repository\org\springframework\boot\spring-boot-starter-web\3.2.4\spring-boot-starter-web-3.2.4.jar;C:\Users\PC Gio\.m2\repository\org\springframework\boot\spring-boot-starter\3.2.4\spring-boot-starter-3.2.4.jar;C:\Users\PC Gio\.m2\repository\org\springframework\boot\spring-boot-starter-logging\3.2.4\spring-boot-starter-logging-3.2.4.jar;C:\Users\PC Gio\.m2\repository\ch\qos\logback\logback-classic\1.4.14\logback-classic-1.4.14.jar;C:\Users\PC Gio\.m2\repository\ch\qos\logback\logback-core\1.4.14\logback-core-1.4.14.jar;C:\Users\PC Gio\.m2\repository\org\apache\logging\log4j\log4j-to-slf4j\2.21.1\log4j-to-slf4j-2.21.1.jar;C:\Users\PC Gio\.m2\repository\org\apache\logging\log4j\log4j-api\2.21.1\log4j-api-2.21.1.jar;C:\Users\PC Gio\.m2\repository\org\slf4j\jul-to-slf4j\2.0.12\jul-to-slf4j-2.0.12.jar;C:\Users\PC Gio\.m2\repository\org\yaml\snakeyaml\2.2\snakeyaml-2.2.jar;C:\Users\PC Gio\.m2\repository\org\springframework\boot\spring-boot-starter-json\3.2.4\spring-boot-starter-json-3.2.4.jar;C:\Users\PC Gio\.m2\repository\com\fasterxml\jackson\core\jackson-databind\2.15.4\jackson-databind-2.15.4.jar;C:\Users\PC Gio\.m2\repository\com\fasterxml\jackson\core\jackson-annotations\2.15.4\jackson-annotations-2.15.4.jar;C:\Users\PC Gio\.m2\repository\com\fasterxml\jackson\core\jackson-core\2.15.4\jackson-core-2.15.4.jar;C:\Users\PC Gio\.m2\repository\com\fasterxml\jackson\datatype\jackson-datatype-jdk8\2.15.4\jackson-datatype-jdk8-2.15.4.jar;C:\Users\PC Gio\.m2\repository\com\fasterxml\jackson\datatype\jackson-datatype-jsr310\2.15.4\jackson-datatype-jsr310-2.15.4.jar;C:\Users\PC Gio\.m2\repository\com\fasterxml\jackson\module\jackson-module-parameter-names\2.15.4\jackson-module-parameter-names-2.15.4.jar;C:\Users\PC Gio\.m2\repository\org\springframework\boot\spring-boot-starter-tomcat\3.2.4\spring-boot-starter-tomcat-3.2.4.jar;C:\Users\PC Gio\.m2\repository\org\apache\tomcat\embed\tomcat-embed-core\10.1.19\tomcat-embed-core-10.1.19.jar;C:\Users\PC Gio\.m2\repository\org\apache\tomcat\embed\tomcat-embed-websocket\10.1.19\tomcat-embed-websocket-10.1.19.jar;C:\Users\PC Gio\.m2\repository\org\springframework\spring-web\6.1.5\spring-web-6.1.5.jar;C:\Users\PC Gio\.m2\repository\io\micrometer\micrometer-observation\1.12.4\micrometer-observation-1.12.4.jar;C:\Users\PC Gio\.m2\repository\io\micrometer\micrometer-commons\1.12.4\micrometer-commons-1.12.4.jar;C:\Users\PC Gio\.m2\repository\org\springframework\spring-webmvc\6.1.5\spring-webmvc-6.1.5.jar;C:\Users\PC Gio\.m2\repository\org\springframework\spring-expression\6.1.5\spring-expression-6.1.5.jar;C:\Users\PC Gio\.m2\repository\org\springframework\boot\spring-boot-devtools\3.2.4\spring-boot-devtools-3.2.4.jar;C:\Users\PC Gio\.m2\repository\org\springframework\boot\spring-boot\3.2.4\spring-boot-3.2.4.jar;C:\Users\PC Gio\.m2\repository\org\springframework\boot\spring-boot-autoconfigure\3.2.4\spring-boot-autoconfigure-3.2.4.jar;C:\Users\PC Gio\.m2\repository\com\oracle\database\jdbc\ojdbc11\21.9.0.0\ojdbc11-21.9.0.0.jar;C:\Users\PC Gio\.m2\repository\org\projectlombok\lombok\1.18.30\lombok-1.18.30.jar;C:\Users\PC Gio\.m2\repository\org\springframework\boot\spring-boot-starter-test\3.2.4\spring-boot-starter-test-3.2.4.jar;C:\Users\PC Gio\.m2\repository\org\springframework\boot\spring-boot-test\3.2.4\spring-boot-test-3.2.4.jar;C:\Users\PC Gio\.m2\repository\org\springframework\boot\spring-boot-test-autoconfigure\3.2.4\spring-boot-test-autoconfigure-3.2.4.jar;C:\Users\PC Gio\.m2\repository\com\jayway\jsonpath\json-path\2.9.0\json-path-2.9.0.jar;C:\Users\PC Gio\.m2\repository\jakarta\xml\bind\jakarta.xml.bind-api\4.0.2\jakarta.xml.bind-api-4.0.2.jar;C:\Users\PC Gio\.m2\repository\jakarta\activation\jakarta.activation-api\2.1.3\jakarta.activation-api-2.1.3.jar;C:\Users\PC Gio\.m2\repository\net\minidev\json-smart\2.5.0\json-smart-2.5.0.jar;C:\Users\PC Gio\.m2\repository\net\minidev\accessors-smart\2.5.0\accessors-smart-2.5.0.jar;C:\Users\PC Gio\.m2\repository\org\ow2\asm\asm\9.3\asm-9.3.jar;C:\Users\PC Gio\.m2\repository\org\assertj\assertj-core\3.24.2\assertj-core-3.24.2.jar;C:\Users\PC Gio\.m2\repository\org\awaitility\awaitility\4.2.0\awaitility-4.2.0.jar;C:\Users\PC Gio\.m2\repository\org\hamcrest\hamcrest\2.2\hamcrest-2.2.jar;C:\Users\PC Gio\.m2\repository\org\junit\jupiter\junit-jupiter\5.10.2\junit-jupiter-5.10.2.jar;C:\Users\PC Gio\.m2\repository\org\junit\jupiter\junit-jupiter-api\5.10.2\junit-jupiter-api-5.10.2.jar;C:\Users\PC Gio\.m2\repository\org\opentest4j\opentest4j\1.3.0\opentest4j-1.3.0.jar;C:\Users\PC Gio\.m2\repository\org\junit\platform\junit-platform-commons\1.10.2\junit-platform-commons-1.10.2.jar;C:\Users\PC Gio\.m2\repository\org\apiguardian\apiguardian-api\1.1.2\apiguardian-api-1.1.2.jar;C:\Users\PC Gio\.m2\repository\org\junit\jupiter\junit-jupiter-params\5.10.2\junit-jupiter-params-5.10.2.jar;C:\Users\PC Gio\.m2\repository\org\junit\jupiter\junit-jupiter-engine\5.10.2\junit-jupiter-engine-5.10.2.jar;C:\Users\PC Gio\.m2\repository\org\junit\platform\junit-platform-engine\1.10.2\junit-platform-engine-1.10.2.jar;C:\Users\PC Gio\.m2\repository\org\mockito\mockito-core\5.7.0\mockito-core-5.7.0.jar;C:\Users\PC Gio\.m2\repository\net\bytebuddy\byte-buddy-agent\1.14.12\byte-buddy-agent-1.14.12.jar;C:\Users\PC Gio\.m2\repository\org\objenesis\objenesis\3.3\objenesis-3.3.jar;C:\Users\PC Gio\.m2\repository\org\mockito\mockito-junit-jupiter\5.7.0\mockito-junit-jupiter-5.7.0.jar;C:\Users\PC Gio\.m2\repository\org\skyscreamer\jsonassert\1.5.1\jsonassert-1.5.1.jar;C:\Users\PC Gio\.m2\repository\com\vaadin\external\google\android-json\0.0.20131108.vaadin1\android-json-0.0.20131108.vaadin1.jar;C:\Users\PC Gio\.m2\repository\org\springframework\spring-core\6.1.5\spring-core-6.1.5.jar;C:\Users\PC Gio\.m2\repository\org\springframework\spring-jcl\6.1.5\spring-jcl-6.1.5.jar;C:\Users\PC Gio\.m2\repository\org\springframework\spring-test\6.1.5\spring-test-6.1.5.jar;C:\Users\PC Gio\.m2\repository\org\xmlunit\xmlunit-core\2.9.1\xmlunit-core-2.9.1.jar;C:\Users\PC Gio\.m2\repository\com\oracle\database\security\oraclepki\21.5.0.0\oraclepki-21.5.0.0.jar;C:\Users\PC Gio\.m2\repository\com\oracle\database\security\osdt_cert\21.5.0.0\osdt_cert-21.5.0.0.jar;C:\Users\PC Gio\.m2\repository\com\oracle\database\security\osdt_core\21.5.0.0\osdt_core-21.5.0.0.jar;C:\Users\PC Gio\.m2\repository\org\springframework\boot\spring-boot-starter-validation\3.2.4\spring-boot-starter-validation-3.2.4.jar;C:\Users\PC Gio\.m2\repository\org\apache\tomcat\embed\tomcat-embed-el\10.1.19\tomcat-embed-el-10.1.19.jar;C:\Users\PC Gio\.m2\repository\org\hibernate\validator\hibernate-validator\8.0.1.Final\hibernate-validator-8.0.1.Final.jar;C:\Users\PC Gio\.m2\repository\jakarta\validation\jakarta.validation-api\3.0.2\jakarta.validation-api-3.0.2.jar;C:\Users\PC Gio\.m2\repository\org\springframework\boot\spring-boot-starter-hateoas\3.2.4\spring-boot-starter-hateoas-3.2.4.jar;C:\Users\PC Gio\.m2\repository\org\springframework\hateoas\spring-hateoas\2.2.1\spring-hateoas-2.2.1.jar;C:\Users\PC Gio\.m2\repository\org\springframework\plugin\spring-plugin-core\3.0.0\spring-plugin-core-3.0.0.jar;"/>
    <property name="java.vm.vendor" value="Oracle Corporation"/>
    <property name="sun.arch.data.model" value="64"/>
    <property name="user.variant" value=""/>
    <property name="java.vendor.url" value="https://java.oracle.com/"/>
    <property name="user.timezone" value="America/Santiago"/>
    <property name="org.jboss.logging.provider" value="slf4j"/>
    <property name="os.name" value="Windows 11"/>
    <property name="java.vm.specification.version" value="21"/>
    <property name="sun.java.launcher" value="SUN_STANDARD"/>
    <property name="user.country" value="CL"/>
    <property name="sun.boot.library.path" value="C:\Program Files\Java\jdk-21\bin"/>
    <property name="sun.java.command" value="C:\Users\PC Gio\AppData\Local\Temp\surefire13580204357881507005\surefirebooter-20240428144206179_3.jar C:\Users\PC Gio\AppData\Local\Temp\surefire13580204357881507005 2024-04-28T14-42-06_105-jvmRun1 surefire-20240428144206179_1tmp surefire_0-20240428144206179_2tmp"/>
    <property name="jdk.debug" value="release"/>
    <property name="surefire.test.class.path" value="C:\Users\PC Gio\Documents\GitHub\sumativa2_microservicio_B\demo\target\test-classes;C:\Users\PC Gio\Documents\GitHub\sumativa2_microservicio_B\demo\target\classes;C:\Users\PC Gio\.m2\repository\org\springframework\boot\spring-boot-starter-data-jpa\3.2.4\spring-boot-starter-data-jpa-3.2.4.jar;C:\Users\PC Gio\.m2\repository\org\springframework\boot\spring-boot-starter-aop\3.2.4\spring-boot-starter-aop-3.2.4.jar;C:\Users\PC Gio\.m2\repository\org\springframework\spring-aop\6.1.5\spring-aop-6.1.5.jar;C:\Users\PC Gio\.m2\repository\org\aspectj\aspectjweaver\1.9.21\aspectjweaver-1.9.21.jar;C:\Users\PC Gio\.m2\repository\org\springframework\boot\spring-boot-starter-jdbc\3.2.4\spring-boot-starter-jdbc-3.2.4.jar;C:\Users\PC Gio\.m2\repository\com\zaxxer\HikariCP\5.0.1\HikariCP-5.0.1.jar;C:\Users\PC Gio\.m2\repository\org\springframework\spring-jdbc\6.1.5\spring-jdbc-6.1.5.jar;C:\Users\PC Gio\.m2\repository\org\hibernate\orm\hibernate-core\6.4.4.Final\hibernate-core-6.4.4.Final.jar;C:\Users\PC Gio\.m2\repository\jakarta\persistence\jakarta.persistence-api\3.1.0\jakarta.persistence-api-3.1.0.jar;C:\Users\PC Gio\.m2\repository\jakarta\transaction\jakarta.transaction-api\2.0.1\jakarta.transaction-api-2.0.1.jar;C:\Users\PC Gio\.m2\repository\org\jboss\logging\jboss-logging\3.5.3.Final\jboss-logging-3.5.3.Final.jar;C:\Users\PC Gio\.m2\repository\org\hibernate\common\hibernate-commons-annotations\6.0.6.Final\hibernate-commons-annotations-6.0.6.Final.jar;C:\Users\PC Gio\.m2\repository\io\smallrye\jandex\3.1.2\jandex-3.1.2.jar;C:\Users\PC Gio\.m2\repository\com\fasterxml\classmate\1.6.0\classmate-1.6.0.jar;C:\Users\PC Gio\.m2\repository\net\bytebuddy\byte-buddy\1.14.12\byte-buddy-1.14.12.jar;C:\Users\PC Gio\.m2\repository\org\glassfish\jaxb\jaxb-runtime\4.0.5\jaxb-runtime-4.0.5.jar;C:\Users\PC Gio\.m2\repository\org\glassfish\jaxb\jaxb-core\4.0.5\jaxb-core-4.0.5.jar;C:\Users\PC Gio\.m2\repository\org\eclipse\angus\angus-activation\2.0.2\angus-activation-2.0.2.jar;C:\Users\PC Gio\.m2\repository\org\glassfish\jaxb\txw2\4.0.5\txw2-4.0.5.jar;C:\Users\PC Gio\.m2\repository\com\sun\istack\istack-commons-runtime\4.1.2\istack-commons-runtime-4.1.2.jar;C:\Users\PC Gio\.m2\repository\jakarta\inject\jakarta.inject-api\2.0.1\jakarta.inject-api-2.0.1.jar;C:\Users\PC Gio\.m2\repository\org\antlr\antlr4-runtime\4.13.0\antlr4-runtime-4.13.0.jar;C:\Users\PC Gio\.m2\repository\org\springframework\data\spring-data-jpa\3.2.4\spring-data-jpa-3.2.4.jar;C:\Users\PC Gio\.m2\repository\org\springframework\data\spring-data-commons\3.2.4\spring-data-commons-3.2.4.jar;C:\Users\PC Gio\.m2\repository\org\springframework\spring-orm\6.1.5\spring-orm-6.1.5.jar;C:\Users\PC Gio\.m2\repository\org\springframework\spring-context\6.1.5\spring-context-6.1.5.jar;C:\Users\PC Gio\.m2\repository\org\springframework\spring-tx\6.1.5\spring-tx-6.1.5.jar;C:\Users\PC Gio\.m2\repository\org\springframework\spring-beans\6.1.5\spring-beans-6.1.5.jar;C:\Users\PC Gio\.m2\repository\jakarta\annotation\jakarta.annotation-api\2.1.1\jakarta.annotation-api-2.1.1.jar;C:\Users\PC Gio\.m2\repository\org\slf4j\slf4j-api\2.0.12\slf4j-api-2.0.12.jar;C:\Users\PC Gio\.m2\repository\org\springframework\spring-aspects\6.1.5\spring-aspects-6.1.5.jar;C:\Users\PC Gio\.m2\repository\org\springframework\boot\spring-boot-starter-web\3.2.4\spring-boot-starter-web-3.2.4.jar;C:\Users\PC Gio\.m2\repository\org\springframework\boot\spring-boot-starter\3.2.4\spring-boot-starter-3.2.4.jar;C:\Users\PC Gio\.m2\repository\org\springframework\boot\spring-boot-starter-logging\3.2.4\spring-boot-starter-logging-3.2.4.jar;C:\Users\PC Gio\.m2\repository\ch\qos\logback\logback-classic\1.4.14\logback-classic-1.4.14.jar;C:\Users\PC Gio\.m2\repository\ch\qos\logback\logback-core\1.4.14\logback-core-1.4.14.jar;C:\Users\PC Gio\.m2\repository\org\apache\logging\log4j\log4j-to-slf4j\2.21.1\log4j-to-slf4j-2.21.1.jar;C:\Users\PC Gio\.m2\repository\org\apache\logging\log4j\log4j-api\2.21.1\log4j-api-2.21.1.jar;C:\Users\PC Gio\.m2\repository\org\slf4j\jul-to-slf4j\2.0.12\jul-to-slf4j-2.0.12.jar;C:\Users\PC Gio\.m2\repository\org\yaml\snakeyaml\2.2\snakeyaml-2.2.jar;C:\Users\PC Gio\.m2\repository\org\springframework\boot\spring-boot-starter-json\3.2.4\spring-boot-starter-json-3.2.4.jar;C:\Users\PC Gio\.m2\repository\com\fasterxml\jackson\core\jackson-databind\2.15.4\jackson-databind-2.15.4.jar;C:\Users\PC Gio\.m2\repository\com\fasterxml\jackson\core\jackson-annotations\2.15.4\jackson-annotations-2.15.4.jar;C:\Users\PC Gio\.m2\repository\com\fasterxml\jackson\core\jackson-core\2.15.4\jackson-core-2.15.4.jar;C:\Users\PC Gio\.m2\repository\com\fasterxml\jackson\datatype\jackson-datatype-jdk8\2.15.4\jackson-datatype-jdk8-2.15.4.jar;C:\Users\PC Gio\.m2\repository\com\fasterxml\jackson\datatype\jackson-datatype-jsr310\2.15.4\jackson-datatype-jsr310-2.15.4.jar;C:\Users\PC Gio\.m2\repository\com\fasterxml\jackson\module\jackson-module-parameter-names\2.15.4\jackson-module-parameter-names-2.15.4.jar;C:\Users\PC Gio\.m2\repository\org\springframework\boot\spring-boot-starter-tomcat\3.2.4\spring-boot-starter-tomcat-3.2.4.jar;C:\Users\PC Gio\.m2\repository\org\apache\tomcat\embed\tomcat-embed-core\10.1.19\tomcat-embed-core-10.1.19.jar;C:\Users\PC Gio\.m2\repository\org\apache\tomcat\embed\tomcat-embed-websocket\10.1.19\tomcat-embed-websocket-10.1.19.jar;C:\Users\PC Gio\.m2\repository\org\springframework\spring-web\6.1.5\spring-web-6.1.5.jar;C:\Users\PC Gio\.m2\repository\io\micrometer\micrometer-observation\1.12.4\micrometer-observation-1.12.4.jar;C:\Users\PC Gio\.m2\repository\io\micrometer\micrometer-commons\1.12.4\micrometer-commons-1.12.4.jar;C:\Users\PC Gio\.m2\repository\org\springframework\spring-webmvc\6.1.5\spring-webmvc-6.1.5.jar;C:\Users\PC Gio\.m2\repository\org\springframework\spring-expression\6.1.5\spring-expression-6.1.5.jar;C:\Users\PC Gio\.m2\repository\org\springframework\boot\spring-boot-devtools\3.2.4\spring-boot-devtools-3.2.4.jar;C:\Users\PC Gio\.m2\repository\org\springframework\boot\spring-boot\3.2.4\spring-boot-3.2.4.jar;C:\Users\PC Gio\.m2\repository\org\springframework\boot\spring-boot-autoconfigure\3.2.4\spring-boot-autoconfigure-3.2.4.jar;C:\Users\PC Gio\.m2\repository\com\oracle\database\jdbc\ojdbc11\21.9.0.0\ojdbc11-21.9.0.0.jar;C:\Users\PC Gio\.m2\repository\org\projectlombok\lombok\1.18.30\lombok-1.18.30.jar;C:\Users\PC Gio\.m2\repository\org\springframework\boot\spring-boot-starter-test\3.2.4\spring-boot-starter-test-3.2.4.jar;C:\Users\PC Gio\.m2\repository\org\springframework\boot\spring-boot-test\3.2.4\spring-boot-test-3.2.4.jar;C:\Users\PC Gio\.m2\repository\org\springframework\boot\spring-boot-test-autoconfigure\3.2.4\spring-boot-test-autoconfigure-3.2.4.jar;C:\Users\PC Gio\.m2\repository\com\jayway\jsonpath\json-path\2.9.0\json-path-2.9.0.jar;C:\Users\PC Gio\.m2\repository\jakarta\xml\bind\jakarta.xml.bind-api\4.0.2\jakarta.xml.bind-api-4.0.2.jar;C:\Users\PC Gio\.m2\repository\jakarta\activation\jakarta.activation-api\2.1.3\jakarta.activation-api-2.1.3.jar;C:\Users\PC Gio\.m2\repository\net\minidev\json-smart\2.5.0\json-smart-2.5.0.jar;C:\Users\PC Gio\.m2\repository\net\minidev\accessors-smart\2.5.0\accessors-smart-2.5.0.jar;C:\Users\PC Gio\.m2\repository\org\ow2\asm\asm\9.3\asm-9.3.jar;C:\Users\PC Gio\.m2\repository\org\assertj\assertj-core\3.24.2\assertj-core-3.24.2.jar;C:\Users\PC Gio\.m2\repository\org\awaitility\awaitility\4.2.0\awaitility-4.2.0.jar;C:\Users\PC Gio\.m2\repository\org\hamcrest\hamcrest\2.2\hamcrest-2.2.jar;C:\Users\PC Gio\.m2\repository\org\junit\jupiter\junit-jupiter\5.10.2\junit-jupiter-5.10.2.jar;C:\Users\PC Gio\.m2\repository\org\junit\jupiter\junit-jupiter-api\5.10.2\junit-jupiter-api-5.10.2.jar;C:\Users\PC Gio\.m2\repository\org\opentest4j\opentest4j\1.3.0\opentest4j-1.3.0.jar;C:\Users\PC Gio\.m2\repository\org\junit\platform\junit-platform-commons\1.10.2\junit-platform-commons-1.10.2.jar;C:\Users\PC Gio\.m2\repository\org\apiguardian\apiguardian-api\1.1.2\apiguardian-api-1.1.2.jar;C:\Users\PC Gio\.m2\repository\org\junit\jupiter\junit-jupiter-params\5.10.2\junit-jupiter-params-5.10.2.jar;C:\Users\PC Gio\.m2\repository\org\junit\jupiter\junit-jupiter-engine\5.10.2\junit-jupiter-engine-5.10.2.jar;C:\Users\PC Gio\.m2\repository\org\junit\platform\junit-platform-engine\1.10.2\junit-platform-engine-1.10.2.jar;C:\Users\PC Gio\.m2\repository\org\mockito\mockito-core\5.7.0\mockito-core-5.7.0.jar;C:\Users\PC Gio\.m2\repository\net\bytebuddy\byte-buddy-agent\1.14.12\byte-buddy-agent-1.14.12.jar;C:\Users\PC Gio\.m2\repository\org\objenesis\objenesis\3.3\objenesis-3.3.jar;C:\Users\PC Gio\.m2\repository\org\mockito\mockito-junit-jupiter\5.7.0\mockito-junit-jupiter-5.7.0.jar;C:\Users\PC Gio\.m2\repository\org\skyscreamer\jsonassert\1.5.1\jsonassert-1.5.1.jar;C:\Users\PC Gio\.m2\repository\com\vaadin\external\google\android-json\0.0.20131108.vaadin1\android-json-0.0.20131108.vaadin1.jar;C:\Users\PC Gio\.m2\repository\org\springframework\spring-core\6.1.5\spring-core-6.1.5.jar;C:\Users\PC Gio\.m2\repository\org\springframework\spring-jcl\6.1.5\spring-jcl-6.1.5.jar;C:\Users\PC Gio\.m2\repository\org\springframework\spring-test\6.1.5\spring-test-6.1.5.jar;C:\Users\PC Gio\.m2\repository\org\xmlunit\xmlunit-core\2.9.1\xmlunit-core-2.9.1.jar;C:\Users\PC Gio\.m2\repository\com\oracle\database\security\oraclepki\21.5.0.0\oraclepki-21.5.0.0.jar;C:\Users\PC Gio\.m2\repository\com\oracle\database\security\osdt_cert\21.5.0.0\osdt_cert-21.5.0.0.jar;C:\Users\PC Gio\.m2\repository\com\oracle\database\security\osdt_core\21.5.0.0\osdt_core-21.5.0.0.jar;C:\Users\PC Gio\.m2\repository\org\springframework\boot\spring-boot-starter-validation\3.2.4\spring-boot-starter-validation-3.2.4.jar;C:\Users\PC Gio\.m2\repository\org\apache\tomcat\embed\tomcat-embed-el\10.1.19\tomcat-embed-el-10.1.19.jar;C:\Users\PC Gio\.m2\repository\org\hibernate\validator\hibernate-validator\8.0.1.Final\hibernate-validator-8.0.1.Final.jar;C:\Users\PC Gio\.m2\repository\jakarta\validation\jakarta.validation-api\3.0.2\jakarta.validation-api-3.0.2.jar;C:\Users\PC Gio\.m2\repository\org\springframework\boot\spring-boot-starter-hateoas\3.2.4\spring-boot-starter-hateoas-3.2.4.jar;C:\Users\PC Gio\.m2\repository\org\springframework\hateoas\spring-hateoas\2.2.1\spring-hateoas-2.2.1.jar;C:\Users\PC Gio\.m2\repository\org\springframework\plugin\spring-plugin-core\3.0.0\spring-plugin-core-3.0.0.jar;"/>
    <property name="sun.cpu.endian" value="little"/>
    <property name="user.home" value="C:\Users\PC Gio"/>
    <property name="user.language" value="es"/>
    <property name="java.specification.vendor" value="Oracle Corporation"/>
    <property name="java.version.date" value="2024-01-16"/>
    <property name="java.home" value="C:\Program Files\Java\jdk-21"/>
    <property name="file.separator" value="\"/>
    <property name="basedir" value="C:\Users\PC Gio\Documents\GitHub\sumativa2_microservicio_B\demo"/>
    <property name="java.vm.compressedOopsMode" value="Zero based"/>
    <property name="line.separator" value="&#10;"/>
    <property name="java.vm.specification.vendor" value="Oracle Corporation"/>
    <property name="java.specification.name" value="Java Platform API Specification"/>
    <property name="FILE_LOG_CHARSET" value="UTF-8"/>
    <property name="java.awt.headless" value="true"/>
    <property name="surefire.real.class.path" value="C:\Users\PC Gio\AppData\Local\Temp\surefire13580204357881507005\surefirebooter-20240428144206179_3.jar"/>
    <property name="user.script" value=""/>
    <property name="sun.management.compiler" value="HotSpot 64-Bit Tiered Compilers"/>
    <property name="java.runtime.version" value="21.0.2+13-LTS-58"/>
    <property name="user.name" value="PC Gio"/>
    <property name="stdout.encoding" value="Cp1252"/>
    <property name="path.separator" value=";"/>
    <property name="os.version" value="10.0"/>
    <property name="java.runtime.name" value="Java(TM) SE Runtime Environment"/>
    <property name="file.encoding" value="UTF-8"/>
    <property name="java.vm.name" value="Java HotSpot(TM) 64-Bit Server VM"/>
    <property name="localRepository" value="C:\Users\PC Gio\.m2\repository"/>
    <property name="java.vendor.url.bug" value="https://bugreport.java.com/bugreport/"/>
    <property name="java.io.tmpdir" value="C:\Users\PCGIO~1\AppData\Local\Temp\"/>
    <property name="com.zaxxer.hikari.pool_number" value="2"/>
    <property name="java.version" value="21.0.2"/>
    <property name="user.dir" value="C:\Users\PC Gio\Documents\GitHub\sumativa2_microservicio_B\demo"/>
    <property name="os.arch" value="amd64"/>
    <property name="java.vm.specification.name" value="Java Virtual Machine Specification"/>
    <property name="PID" value="7452"/>
    <property name="sun.os.patch.level" value=""/>
    <property name="CONSOLE_LOG_CHARSET" value="UTF-8"/>
    <property name="native.encoding" value="Cp1252"/>
    <property name="java.library.path" value="C:\Program Files\Java\jdk-21\bin;C:\Windows\Sun\Java\bin;C:\Windows\system32;C:\Windows;C:\Program Files\Common Files\Oracle\Java\javapath;C:\Oracle\bin;C:\Windows\system32;C:\Windows;C:\Windows\System32\Wbem;C:\Windows\System32\WindowsPowerShell\v1.0\;C:\Windows\System32\OpenSSH\;C:\Program Files\NVIDIA Corporation\NVIDIA NvDLISR;C:\Program Files (x86)\NVIDIA Corporation\PhysX\Common;C:\Program Files\Java\jdk-21;C:\Program Files\Git\cmd;C:\Program Files\Maven\apache-maven-3.9.6\bin;;C:\Program Files\Docker\Docker\resources\bin;C:\Users\PC Gio\AppData\Local\Microsoft\WindowsApps;C:\Users\PC Gio\AppData\Local\Programs\Microsoft VS Code\bin;C:\Users\PC Gio\AppData\Local\GitHubDesktop\bin;."/>
    <property name="java.vm.info" value="mixed mode, sharing"/>
    <property name="stderr.encoding" value="Cp1252"/>
    <property name="java.vendor" value="Oracle Corporation"/>
    <property name="java.vm.version" value="21.0.2+13-LTS-58"/>
    <property name="sun.io.unicode.encoding" value="UnicodeLittle"/>
    <property name="java.class.version" value="65.0"/>
  </properties>
  <testcase name="guardarConsultaMedicaTest" classname="com.example.demo.repository.ConsultaMedicaRepositoryTest" time="0.21">
    <system-out><![CDATA[2024-04-28T14:42:11.890-04:00 DEBUG 7452 --- [           main] b.t.a.o.j.DataJpaTestContextBootstrapper : Neither @ContextConfiguration nor @ContextHierarchy found for test class [ConsultaMedicaRepositoryTest]: using SpringBootContextLoader
2024-04-28T14:42:11.890-04:00 DEBUG 7452 --- [           main] o.s.t.c.support.AbstractContextLoader    : Could not detect default resource locations for test class [com.example.demo.repository.ConsultaMedicaRepositoryTest]: no resource found for suffixes {-context.xml, Context.groovy}.
2024-04-28T14:42:11.890-04:00  INFO 7452 --- [           main] t.c.s.AnnotationConfigContextLoaderUtils : Could not detect default configuration classes for test class [com.example.demo.repository.ConsultaMedicaRepositoryTest]: ConsultaMedicaRepositoryTest does not declare any static, non-private, non-final, nested classes annotated with @Configuration.
2024-04-28T14:42:11.891-04:00 DEBUG 7452 --- [           main] b.t.a.o.j.DataJpaTestContextBootstrapper : Using ContextCustomizerFactory implementations for test class [ConsultaMedicaRepositoryTest]: [ImportsContextCustomizerFactory, ExcludeFilterContextCustomizerFactory, HttpGraphQlTesterContextCustomizerFactory, DuplicateJsonObjectContextCustomizerFactory, MockitoContextCustomizerFactory, TestRestTemplateContextCustomizerFactory, WebTestClientContextCustomizerFactory, OverrideAutoConfigurationContextCustomizerFactory, ObservabilityContextCustomizerFactory, TypeExcludeFiltersContextCustomizerFactory, PropertyMappingContextCustomizerFactory, WebDriverContextCustomizerFactory, MockServerContainerContextCustomizerFactory, DynamicPropertiesContextCustomizerFactory]
2024-04-28T14:42:11.899-04:00 DEBUG 7452 --- [           main] b.t.a.o.j.DataJpaTestContextBootstrapper : Using ContextCustomizers for test class [ConsultaMedicaRepositoryTest]: [ImportsContextCustomizer, ExcludeFilterContextCustomizer, DuplicateJsonObjectContextCustomizer, MockitoContextCustomizer, DisableAutoConfigurationContextCustomizer, DisableObservabilityContextCustomizer, TypeExcludeFiltersContextCustomizer, PropertyMappingContextCustomizer, WebDriverContextCustomizer]
2024-04-28T14:42:11.904-04:00 DEBUG 7452 --- [           main] ssPathScanningCandidateComponentProvider : Identified candidate component class: file [C:\Users\PC Gio\Documents\GitHub\sumativa2_microservicio_B\demo\target\classes\com\example\demo\DemoApplication.class]
2024-04-28T14:42:11.904-04:00  INFO 7452 --- [           main] .b.t.c.SpringBootTestContextBootstrapper : Found @SpringBootConfiguration com.example.demo.DemoApplication for test class com.example.demo.repository.ConsultaMedicaRepositoryTest
2024-04-28T14:42:11.905-04:00 DEBUG 7452 --- [           main] .s.t.c.u.TestContextSpringFactoriesUtils : Skipping candidate TestExecutionListener [org.springframework.test.context.observation.MicrometerObservationRegistryTestExecutionListener] due to a missing dependency. Specify custom TestExecutionListener classes or make the default TestExecutionListener classes and their required dependencies available. Offending class: io.micrometer.context.ThreadLocalAccessor. MicrometerObservationRegistryTestExecutionListener requires io.micrometer:micrometer-observation:1.10.8 or higher and io.micrometer:context-propagation:1.0.3 or higher.
2024-04-28T14:42:11.905-04:00 DEBUG 7452 --- [           main] b.t.a.o.j.DataJpaTestContextBootstrapper : Using TestExecutionListeners for test class [ConsultaMedicaRepositoryTest]: [ServletTestExecutionListener, DirtiesContextBeforeModesTestExecutionListener, ApplicationEventsTestExecutionListener, MockitoTestExecutionListener, DependencyInjectionTestExecutionListener, DirtiesContextTestExecutionListener, TransactionalTestExecutionListener, SqlScriptsTestExecutionListener, EventPublishingTestExecutionListener, ResetMocksTestExecutionListener, RestDocsTestExecutionListener, MockRestServiceServerResetTestExecutionListener, MockMvcPrintOnlyOnFailureTestExecutionListener, WebDriverTestExecutionListener, MockWebServiceServerTestExecutionListener]
2024-04-28T14:42:11.905-04:00 DEBUG 7452 --- [           main] sContextBeforeModesTestExecutionListener : Before test class: class [ConsultaMedicaRepositoryTest], class annotated with @DirtiesContext [false] with mode [null]
2024-04-28T14:42:11.905-04:00 DEBUG 7452 --- [           main] DependencyInjectionTestExecutionListener : Performing dependency injection for test class com.example.demo.repository.ConsultaMedicaRepositoryTest
2024-04-28T14:42:11.907-04:00  INFO 7452 --- [           main] o.s.b.d.r.RestartApplicationListener     : Restart disabled due to context in which it is running
2024-04-28T14:42:11.918-04:00 DEBUG 7452 --- [           main] o.s.boot.ApplicationEnvironment          : Activating profiles []

  .   ____          _            __ _ _
 /\\ / ___'_ __ _ _(_)_ __  __ _ \ \ \ \
( ( )\___ | '_ | '_| | '_ \/ _` | \ \ \ \
 \\/  ___)| |_)| | | | | || (_| |  ) ) ) )
  '  |____| .__|_| |_|_| |_\__, | / / / /
 =========|_|==============|___/=/_/_/_/
 :: Spring Boot ::                (v3.2.4)

2024-04-28T14:42:11.924-04:00  INFO 7452 --- [           main] c.e.d.r.ConsultaMedicaRepositoryTest     : Starting ConsultaMedicaRepositoryTest using Java 21.0.2 with PID 7452 (started by PC Gio in C:\Users\PC Gio\Documents\GitHub\sumativa2_microservicio_B\demo)
2024-04-28T14:42:11.924-04:00  INFO 7452 --- [           main] c.e.d.r.ConsultaMedicaRepositoryTest     : No active profile set, falling back to 1 default profile: "default"
2024-04-28T14:42:11.924-04:00 DEBUG 7452 --- [           main] o.s.boot.SpringApplication               : Loading source class com.example.demo.DemoApplication
2024-04-28T14:42:11.925-04:00 DEBUG 7452 --- [           main] s.c.a.AnnotationConfigApplicationContext : Refreshing org.springframework.context.annotation.AnnotationConfigApplicationContext@33dcbdc2
2024-04-28T14:42:11.926-04:00 DEBUG 7452 --- [           main] o.s.b.f.s.DefaultListableBeanFactory     : Creating shared instance of singleton bean 'org.springframework.context.annotation.internalConfigurationAnnotationProcessor'
2024-04-28T14:42:11.926-04:00 DEBUG 7452 --- [           main] o.s.b.f.s.DefaultListableBeanFactory     : Creating shared instance of singleton bean 'org.springframework.boot.autoconfigure.internalCachingMetadataReaderFactory'
2024-04-28T14:42:11.978-04:00  INFO 7452 --- [           main] .s.d.r.c.RepositoryConfigurationDelegate : Bootstrapping Spring Data JPA repositories in DEFAULT mode.
2024-04-28T14:42:11.978-04:00 DEBUG 7452 --- [           main] o.s.b.f.s.DefaultListableBeanFactory     : Creating shared instance of singleton bean 'org.springframework.boot.autoconfigure.AutoConfigurationPackages'
2024-04-28T14:42:11.979-04:00 DEBUG 7452 --- [           main] o.s.b.a.AutoConfigurationPackages        : @EnableAutoConfiguration was declared on a class in the package 'com.example.demo'. Automatic @Repository and @Entity scanning is enabled.
2024-04-28T14:42:11.979-04:00 DEBUG 7452 --- [           main] .s.d.r.c.RepositoryConfigurationDelegate : Scanning for JPA repositories in packages com.example.demo.
2024-04-28T14:42:11.981-04:00 DEBUG 7452 --- [           main] o.s.d.r.c.RepositoryComponentProvider    : Identified candidate component class: file [C:\Users\PC Gio\Documents\GitHub\sumativa2_microservicio_B\demo\target\classes\com\example\demo\repository\ConsultaMedicaRepository.class]
2024-04-28T14:42:11.981-04:00 DEBUG 7452 --- [           main] o.s.d.r.c.RepositoryComponentProvider    : Identified candidate component class: file [C:\Users\PC Gio\Documents\GitHub\sumativa2_microservicio_B\demo\target\classes\com\example\demo\repository\PacienteRepository.class]
2024-04-28T14:42:11.984-04:00 DEBUG 7452 --- [           main] ssPathScanningCandidateComponentProvider : Identified candidate component class: file [C:\Users\PC Gio\Documents\GitHub\sumativa2_microservicio_B\demo\target\classes\com\example\demo\service\ConsultaMedicaServiceImpl.class]
2024-04-28T14:42:11.984-04:00 DEBUG 7452 --- [           main] ssPathScanningCandidateComponentProvider : Identified candidate component class: file [C:\Users\PC Gio\Documents\GitHub\sumativa2_microservicio_B\demo\target\classes\com\example\demo\service\PacienteServiceImpl.class]
2024-04-28T14:42:11.986-04:00  INFO 7452 --- [           main] .s.d.r.c.RepositoryConfigurationDelegate : Finished Spring Data repository scanning in 7 ms. Found 2 JPA repository interfaces.
2024-04-28T14:42:11.991-04:00 DEBUG 7452 --- [           main] o.s.b.f.s.DefaultListableBeanFactory     : Creating shared instance of singleton bean 'org.springframework.boot.test.context.ImportsContextCustomizer$ImportsCleanupPostProcessor'
2024-04-28T14:42:11.992-04:00 DEBUG 7452 --- [           main] o.s.b.f.s.DefaultListableBeanFactory     : Creating shared instance of singleton bean 'org.springframework.boot.test.mock.mockito.MockitoPostProcessor'
2024-04-28T14:42:11.992-04:00 DEBUG 7452 --- [           main] o.s.b.f.s.DefaultListableBeanFactory     : Creating shared instance of singleton bean 'emBeanDefinitionRegistrarPostProcessor'
2024-04-28T14:42:11.992-04:00 DEBUG 7452 --- [           main] o.s.b.f.s.DefaultListableBeanFactory     : Creating shared instance of singleton bean 'org.springframework.boot.sql.init.dependency.DatabaseInitializationDependencyConfigurer$DependsOnDatabaseInitializationPostProcessor'
2024-04-28T14:42:12.000-04:00 DEBUG 7452 --- [           main] o.s.b.f.s.DefaultListableBeanFactory     : Creating shared instance of singleton bean 'org.springframework.context.event.internalEventListenerProcessor'
2024-04-28T14:42:12.001-04:00 DEBUG 7452 --- [           main] o.s.b.f.s.DefaultListableBeanFactory     : Creating shared instance of singleton bean 'org.springframework.context.event.internalEventListenerFactory'
2024-04-28T14:42:12.001-04:00 DEBUG 7452 --- [           main] o.s.b.f.s.DefaultListableBeanFactory     : Creating shared instance of singleton bean 'org.springframework.transaction.config.internalTransactionalEventListenerFactory'
2024-04-28T14:42:12.001-04:00 DEBUG 7452 --- [           main] o.s.b.f.s.DefaultListableBeanFactory     : Creating shared instance of singleton bean 'org.springframework.context.annotation.internalAutowiredAnnotationProcessor'
2024-04-28T14:42:12.001-04:00 DEBUG 7452 --- [           main] o.s.b.f.s.DefaultListableBeanFactory     : Creating shared instance of singleton bean 'org.springframework.context.annotation.internalCommonAnnotationProcessor'
2024-04-28T14:42:12.001-04:00 DEBUG 7452 --- [           main] o.s.b.f.s.DefaultListableBeanFactory     : Creating shared instance of singleton bean 'org.springframework.context.annotation.internalPersistenceAnnotationProcessor'
2024-04-28T14:42:12.001-04:00 DEBUG 7452 --- [           main] o.s.b.f.s.DefaultListableBeanFactory     : Creating shared instance of singleton bean 'org.springframework.boot.test.mock.mockito.MockitoPostProcessor$SpyPostProcessor'
2024-04-28T14:42:12.001-04:00 DEBUG 7452 --- [           main] o.s.b.f.s.DefaultListableBeanFactory     : Creating shared instance of singleton bean 'jdbcConnectionDetailsHikariBeanPostProcessor'
2024-04-28T14:42:12.002-04:00 DEBUG 7452 --- [           main] o.s.b.f.s.DefaultListableBeanFactory     : Creating shared instance of singleton bean 'org.springframework.boot.context.properties.ConfigurationPropertiesBindingPostProcessor'
2024-04-28T14:42:12.002-04:00 DEBUG 7452 --- [           main] o.s.b.f.s.DefaultListableBeanFactory     : Creating shared instance of singleton bean 'org.springframework.boot.context.internalConfigurationPropertiesBinder'
2024-04-28T14:42:12.002-04:00 DEBUG 7452 --- [           main] o.s.b.f.s.DefaultListableBeanFactory     : Creating shared instance of singleton bean 'org.springframework.aop.config.internalAutoProxyCreator'
2024-04-28T14:42:12.004-04:00 DEBUG 7452 --- [           main] o.s.b.f.s.DefaultListableBeanFactory     : Creating shared instance of singleton bean 'dataSourceScriptDatabaseInitializer'
2024-04-28T14:42:12.004-04:00 DEBUG 7452 --- [           main] o.s.b.f.s.DefaultListableBeanFactory     : Creating shared instance of singleton bean 'org.springframework.boot.autoconfigure.sql.init.DataSourceInitializationConfiguration'
2024-04-28T14:42:12.004-04:00 DEBUG 7452 --- [           main] o.s.b.f.s.DefaultListableBeanFactory     : Creating shared instance of singleton bean 'org.springframework.transaction.config.internalTransactionAdvisor'
2024-04-28T14:42:12.004-04:00 DEBUG 7452 --- [           main] o.s.b.f.s.DefaultListableBeanFactory     : Creating shared instance of singleton bean 'org.springframework.transaction.annotation.ProxyTransactionManagementConfiguration'
2024-04-28T14:42:12.005-04:00 DEBUG 7452 --- [           main] o.s.b.f.s.DefaultListableBeanFactory     : Creating shared instance of singleton bean 'transactionAttributeSource'
2024-04-28T14:42:12.006-04:00 DEBUG 7452 --- [           main] o.s.b.f.s.DefaultListableBeanFactory     : Creating shared instance of singleton bean 'transactionInterceptor'
2024-04-28T14:42:12.006-04:00 DEBUG 7452 --- [           main] o.s.b.f.s.DefaultListableBeanFactory     : Autowiring by type from bean name 'transactionInterceptor' via factory method to bean named 'transactionAttributeSource'
2024-04-28T14:42:12.006-04:00 DEBUG 7452 --- [           main] o.s.b.f.s.DefaultListableBeanFactory     : Autowiring by type from bean name 'org.springframework.transaction.config.internalTransactionAdvisor' via factory method to bean named 'transactionAttributeSource'
2024-04-28T14:42:12.006-04:00 DEBUG 7452 --- [           main] o.s.b.f.s.DefaultListableBeanFactory     : Autowiring by type from bean name 'org.springframework.transaction.config.internalTransactionAdvisor' via factory method to bean named 'transactionInterceptor'
2024-04-28T14:42:12.006-04:00 DEBUG 7452 --- [           main] o.s.b.f.s.DefaultListableBeanFactory     : Creating shared instance of singleton bean 'dataSource'
2024-04-28T14:42:12.006-04:00 DEBUG 7452 --- [           main] o.s.b.f.s.DefaultListableBeanFactory     : Creating shared instance of singleton bean 'org.springframework.boot.autoconfigure.jdbc.DataSourceConfiguration$Hikari'
2024-04-28T14:42:12.006-04:00 DEBUG 7452 --- [           main] o.s.b.f.s.DefaultListableBeanFactory     : Creating shared instance of singleton bean 'spring.datasource-org.springframework.boot.autoconfigure.jdbc.DataSourceProperties'
2024-04-28T14:42:12.007-04:00 DEBUG 7452 --- [           main] o.s.b.f.s.DefaultListableBeanFactory     : Creating shared instance of singleton bean 'org.springframework.boot.context.properties.BoundConfigurationProperties'
2024-04-28T14:42:12.008-04:00 DEBUG 7452 --- [           main] o.s.b.f.s.DefaultListableBeanFactory     : Creating shared instance of singleton bean 'jdbcConnectionDetails'
2024-04-28T14:42:12.008-04:00 DEBUG 7452 --- [           main] o.s.b.f.s.DefaultListableBeanFactory     : Creating shared instance of singleton bean 'org.springframework.boot.autoconfigure.jdbc.DataSourceAutoConfiguration$PooledDataSourceConfiguration'
2024-04-28T14:42:12.008-04:00 DEBUG 7452 --- [           main] o.s.b.f.s.DefaultListableBeanFactory     : Autowiring by type from bean name 'jdbcConnectionDetails' via factory method to bean named 'spring.datasource-org.springframework.boot.autoconfigure.jdbc.DataSourceProperties'
2024-04-28T14:42:12.008-04:00 DEBUG 7452 --- [           main] o.s.b.f.s.DefaultListableBeanFactory     : Autowiring by type from bean name 'dataSource' via factory method to bean named 'spring.datasource-org.springframework.boot.autoconfigure.jdbc.DataSourceProperties'
2024-04-28T14:42:12.008-04:00 DEBUG 7452 --- [           main] o.s.b.f.s.DefaultListableBeanFactory     : Autowiring by type from bean name 'dataSource' via factory method to bean named 'jdbcConnectionDetails'
2024-04-28T14:42:12.011-04:00 DEBUG 7452 --- [           main] o.s.b.f.s.DefaultListableBeanFactory     : Creating shared instance of singleton bean 'spring.sql.init-org.springframework.boot.autoconfigure.sql.init.SqlInitializationProperties'
2024-04-28T14:42:12.012-04:00 DEBUG 7452 --- [           main] o.s.b.f.s.DefaultListableBeanFactory     : Autowiring by type from bean name 'dataSourceScriptDatabaseInitializer' via factory method to bean named 'dataSource'
2024-04-28T14:42:12.012-04:00 DEBUG 7452 --- [           main] o.s.b.f.s.DefaultListableBeanFactory     : Autowiring by type from bean name 'dataSourceScriptDatabaseInitializer' via factory method to bean named 'spring.sql.init-org.springframework.boot.autoconfigure.sql.init.SqlInitializationProperties'
2024-04-28T14:42:12.012-04:00 DEBUG 7452 --- [           main] o.s.b.f.s.DefaultListableBeanFactory     : Creating shared instance of singleton bean 'entityManagerFactory'
2024-04-28T14:42:12.012-04:00 DEBUG 7452 --- [           main] o.s.b.f.s.DefaultListableBeanFactory     : Creating shared instance of singleton bean 'org.springframework.boot.autoconfigure.orm.jpa.HibernateJpaConfiguration'
2024-04-28T14:42:12.013-04:00 DEBUG 7452 --- [           main] o.s.b.f.s.DefaultListableBeanFactory     : Creating shared instance of singleton bean 'spring.jpa-org.springframework.boot.autoconfigure.orm.jpa.JpaProperties'
2024-04-28T14:42:12.013-04:00 DEBUG 7452 --- [           main] o.s.b.f.s.DefaultListableBeanFactory     : Creating shared instance of singleton bean 'spring.jpa.hibernate-org.springframework.boot.autoconfigure.orm.jpa.HibernateProperties'
2024-04-28T14:42:12.014-04:00 DEBUG 7452 --- [           main] o.s.b.f.s.DefaultListableBeanFactory     : Autowiring by type from bean name 'org.springframework.boot.autoconfigure.orm.jpa.HibernateJpaConfiguration' via constructor to bean named 'dataSource'
2024-04-28T14:42:12.014-04:00 DEBUG 7452 --- [           main] o.s.b.f.s.DefaultListableBeanFactory     : Autowiring by type from bean name 'org.springframework.boot.autoconfigure.orm.jpa.HibernateJpaConfiguration' via constructor to bean named 'spring.jpa-org.springframework.boot.autoconfigure.orm.jpa.JpaProperties'
2024-04-28T14:42:12.014-04:00 DEBUG 7452 --- [           main] o.s.b.f.s.DefaultListableBeanFactory     : Autowiring by type from bean name 'org.springframework.boot.autoconfigure.orm.jpa.HibernateJpaConfiguration' via constructor to bean named 'org.springframework.beans.factory.support.DefaultListableBeanFactory@4528a8bf'
2024-04-28T14:42:12.014-04:00 DEBUG 7452 --- [           main] o.s.b.f.s.DefaultListableBeanFactory     : Autowiring by type from bean name 'org.springframework.boot.autoconfigure.orm.jpa.HibernateJpaConfiguration' via constructor to bean named 'spring.jpa.hibernate-org.springframework.boot.autoconfigure.orm.jpa.HibernateProperties'
2024-04-28T14:42:12.014-04:00 DEBUG 7452 --- [           main] o.s.b.f.s.DefaultListableBeanFactory     : Creating shared instance of singleton bean 'hikariPoolDataSourceMetadataProvider'
2024-04-28T14:42:12.014-04:00 DEBUG 7452 --- [           main] o.s.b.f.s.DefaultListableBeanFactory     : Creating shared instance of singleton bean 'org.springframework.boot.autoconfigure.jdbc.metadata.DataSourcePoolMetadataProvidersConfiguration$HikariPoolDataSourceMetadataProviderConfiguration'
2024-04-28T14:42:12.015-04:00 DEBUG 7452 --- [           main] o.s.b.f.s.DefaultListableBeanFactory     : Creating shared instance of singleton bean 'entityManagerFactoryBuilder'
2024-04-28T14:42:12.015-04:00 DEBUG 7452 --- [           main] o.s.b.f.s.DefaultListableBeanFactory     : Creating shared instance of singleton bean 'jpaVendorAdapter'
2024-04-28T14:42:12.015-04:00 DEBUG 7452 --- [           main] o.s.b.f.s.DefaultListableBeanFactory     : Autowiring by type from bean name 'entityManagerFactoryBuilder' via factory method to bean named 'jpaVendorAdapter'
2024-04-28T14:42:12.016-04:00 DEBUG 7452 --- [           main] o.s.b.f.s.DefaultListableBeanFactory     : Creating shared instance of singleton bean 'persistenceManagedTypes'
2024-04-28T14:42:12.016-04:00 DEBUG 7452 --- [           main] o.s.b.f.s.DefaultListableBeanFactory     : Autowiring by type from bean name 'persistenceManagedTypes' via factory method to bean named 'org.springframework.beans.factory.support.DefaultListableBeanFactory@4528a8bf'
2024-04-28T14:42:12.016-04:00 DEBUG 7452 --- [           main] o.s.b.f.s.DefaultListableBeanFactory     : Autowiring by type from bean name 'persistenceManagedTypes' via factory method to bean named 'org.springframework.context.annotation.AnnotationConfigApplicationContext@33dcbdc2'
2024-04-28T14:42:12.018-04:00 DEBUG 7452 --- [           main] o.s.b.f.s.DefaultListableBeanFactory     : Autowiring by type from bean name 'entityManagerFactory' via factory method to bean named 'entityManagerFactoryBuilder'
2024-04-28T14:42:12.018-04:00 DEBUG 7452 --- [           main] o.s.b.f.s.DefaultListableBeanFactory     : Autowiring by type from bean name 'entityManagerFactory' via factory method to bean named 'persistenceManagedTypes'
2024-04-28T14:42:12.019-04:00 DEBUG 7452 --- [           main] j.LocalContainerEntityManagerFactoryBean : Building JPA container EntityManagerFactory for persistence unit 'default'
2024-04-28T14:42:12.019-04:00 DEBUG 7452 --- [           main] o.hibernate.jpa.internal.util.LogHelper  : PersistenceUnitInfo [
	name: default
	persistence provider classname: null
	classloader: jdk.internal.loader.ClassLoaders$AppClassLoader@70dea4e
	excludeUnlistedClasses: true
	JTA datasource: null
	Non JTA datasource: HikariDataSource (null)
	Transaction type: RESOURCE_LOCAL
	PU root URL: file:/C:/Users/PC%20Gio/Documents/GitHub/sumativa2_microservicio_B/demo/target/test-classes/
	Shared Cache Mode: UNSPECIFIED
	Validation Mode: AUTO
	Jar files URLs []
	Managed classes names [
		com.example.demo.model.ConsultaMedica
		com.example.demo.model.Paciente]
	Mapping files names []
	Properties []
2024-04-28T14:42:12.019-04:00 DEBUG 7452 --- [           main] o.h.i.internal.IntegratorServiceImpl     : Adding Integrator [org.hibernate.boot.beanvalidation.BeanValidationIntegrator].
2024-04-28T14:42:12.019-04:00 DEBUG 7452 --- [           main] o.h.i.internal.IntegratorServiceImpl     : Adding Integrator [org.hibernate.cache.internal.CollectionCacheInvalidator].
2024-04-28T14:42:12.020-04:00 DEBUG 7452 --- [           main] org.hibernate.orm.idgen.factory          : Registering IdentifierGenerator strategy [uuid2] -> [org.hibernate.id.UUIDGenerator]
2024-04-28T14:42:12.020-04:00 DEBUG 7452 --- [           main] org.hibernate.orm.idgen.factory          : Registering IdentifierGenerator strategy [guid] -> [org.hibernate.id.GUIDGenerator]
2024-04-28T14:42:12.020-04:00 DEBUG 7452 --- [           main] org.hibernate.orm.idgen.factory          : Registering IdentifierGenerator strategy [uuid] -> [org.hibernate.id.UUIDHexGenerator]
2024-04-28T14:42:12.020-04:00 DEBUG 7452 --- [           main] org.hibernate.orm.idgen.factory          : Registering IdentifierGenerator strategy [uuid.hex] -> [org.hibernate.id.UUIDHexGenerator]
2024-04-28T14:42:12.020-04:00 DEBUG 7452 --- [           main] org.hibernate.orm.idgen.factory          : Registering IdentifierGenerator strategy [assigned] -> [org.hibernate.id.Assigned]
2024-04-28T14:42:12.020-04:00 DEBUG 7452 --- [           main] org.hibernate.orm.idgen.factory          : Registering IdentifierGenerator strategy [identity] -> [org.hibernate.id.IdentityGenerator]
2024-04-28T14:42:12.020-04:00 DEBUG 7452 --- [           main] org.hibernate.orm.idgen.factory          : Registering IdentifierGenerator strategy [select] -> [org.hibernate.id.SelectGenerator]
2024-04-28T14:42:12.020-04:00 DEBUG 7452 --- [           main] org.hibernate.orm.idgen.factory          : Registering IdentifierGenerator strategy [sequence] -> [org.hibernate.id.enhanced.SequenceStyleGenerator]
2024-04-28T14:42:12.020-04:00 DEBUG 7452 --- [           main] org.hibernate.orm.idgen.factory          : Registering IdentifierGenerator strategy [increment] -> [org.hibernate.id.IncrementGenerator]
2024-04-28T14:42:12.020-04:00 DEBUG 7452 --- [           main] org.hibernate.orm.idgen.factory          : Registering IdentifierGenerator strategy [foreign] -> [org.hibernate.id.ForeignGenerator]
2024-04-28T14:42:12.020-04:00 DEBUG 7452 --- [           main] org.hibernate.orm.idgen.factory          : Registering IdentifierGenerator strategy [enhanced-sequence] -> [org.hibernate.id.enhanced.SequenceStyleGenerator]
2024-04-28T14:42:12.020-04:00 DEBUG 7452 --- [           main] org.hibernate.orm.idgen.factory          : Registering IdentifierGenerator strategy [enhanced-table] -> [org.hibernate.id.enhanced.TableGenerator]
2024-04-28T14:42:12.020-04:00 DEBUG 7452 --- [           main] o.h.c.internal.RegionFactoryInitiator    : Cannot default RegionFactory based on registered strategies as `[]` RegionFactory strategies were registered
2024-04-28T14:42:12.020-04:00  INFO 7452 --- [           main] o.h.c.internal.RegionFactoryInitiator    : HHH000026: Second-level cache disabled
2024-04-28T14:42:12.020-04:00 DEBUG 7452 --- [           main] org.hibernate.type.BasicTypeRegistry     : Adding type registration boolean -> org.hibernate.type.BasicTypeReference@350be5ec
2024-04-28T14:42:12.020-04:00 DEBUG 7452 --- [           main] org.hibernate.type.BasicTypeRegistry     : Adding type registration boolean -> org.hibernate.type.BasicTypeReference@350be5ec
2024-04-28T14:42:12.020-04:00 DEBUG 7452 --- [           main] org.hibernate.type.BasicTypeRegistry     : Adding type registration java.lang.Boolean -> org.hibernate.type.BasicTypeReference@350be5ec
2024-04-28T14:42:12.020-04:00 DEBUG 7452 --- [           main] org.hibernate.type.BasicTypeRegistry     : Adding type registration numeric_boolean -> org.hibernate.type.BasicTypeReference@478cebdb
2024-04-28T14:42:12.020-04:00 DEBUG 7452 --- [           main] org.hibernate.type.BasicTypeRegistry     : Adding type registration org.hibernate.type.NumericBooleanConverter -> org.hibernate.type.BasicTypeReference@478cebdb
2024-04-28T14:42:12.020-04:00 DEBUG 7452 --- [           main] org.hibernate.type.BasicTypeRegistry     : Adding type registration true_false -> org.hibernate.type.BasicTypeReference@5464aeec
2024-04-28T14:42:12.020-04:00 DEBUG 7452 --- [           main] org.hibernate.type.BasicTypeRegistry     : Adding type registration org.hibernate.type.TrueFalseConverter -> org.hibernate.type.BasicTypeReference@5464aeec
2024-04-28T14:42:12.020-04:00 DEBUG 7452 --- [           main] org.hibernate.type.BasicTypeRegistry     : Adding type registration yes_no -> org.hibernate.type.BasicTypeReference@1b3a95d9
2024-04-28T14:42:12.020-04:00 DEBUG 7452 --- [           main] org.hibernate.type.BasicTypeRegistry     : Adding type registration org.hibernate.type.YesNoConverter -> org.hibernate.type.BasicTypeReference@1b3a95d9
2024-04-28T14:42:12.020-04:00 DEBUG 7452 --- [           main] org.hibernate.type.BasicTypeRegistry     : Adding type registration byte -> org.hibernate.type.BasicTypeReference@71f437d7
2024-04-28T14:42:12.020-04:00 DEBUG 7452 --- [           main] org.hibernate.type.BasicTypeRegistry     : Adding type registration byte -> org.hibernate.type.BasicTypeReference@71f437d7
2024-04-28T14:42:12.020-04:00 DEBUG 7452 --- [           main] org.hibernate.type.BasicTypeRegistry     : Adding type registration java.lang.Byte -> org.hibernate.type.BasicTypeReference@71f437d7
2024-04-28T14:42:12.020-04:00 DEBUG 7452 --- [           main] org.hibernate.type.BasicTypeRegistry     : Adding type registration binary -> org.hibernate.type.BasicTypeReference@5186c801
2024-04-28T14:42:12.020-04:00 DEBUG 7452 --- [           main] org.hibernate.type.BasicTypeRegistry     : Adding type registration byte[] -> org.hibernate.type.BasicTypeReference@5186c801
2024-04-28T14:42:12.020-04:00 DEBUG 7452 --- [           main] org.hibernate.type.BasicTypeRegistry     : Adding type registration [B -> org.hibernate.type.BasicTypeReference@5186c801
2024-04-28T14:42:12.020-04:00 DEBUG 7452 --- [           main] org.hibernate.type.BasicTypeRegistry     : Adding type registration binary_wrapper -> org.hibernate.type.BasicTypeReference@20e41f13
2024-04-28T14:42:12.020-04:00 DEBUG 7452 --- [           main] org.hibernate.type.BasicTypeRegistry     : Adding type registration wrapper-binary -> org.hibernate.type.BasicTypeReference@20e41f13
2024-04-28T14:42:12.020-04:00 DEBUG 7452 --- [           main] org.hibernate.type.BasicTypeRegistry     : Adding type registration image -> org.hibernate.type.BasicTypeReference@6fbfd28b
2024-04-28T14:42:12.020-04:00 DEBUG 7452 --- [           main] org.hibernate.type.BasicTypeRegistry     : Adding type registration blob -> org.hibernate.type.BasicTypeReference@3fa50a24
2024-04-28T14:42:12.020-04:00 DEBUG 7452 --- [           main] org.hibernate.type.BasicTypeRegistry     : Adding type registration java.sql.Blob -> org.hibernate.type.BasicTypeReference@3fa50a24
2024-04-28T14:42:12.020-04:00 DEBUG 7452 --- [           main] org.hibernate.type.BasicTypeRegistry     : Adding type registration materialized_blob -> org.hibernate.type.BasicTypeReference@58041b11
2024-04-28T14:42:12.020-04:00 DEBUG 7452 --- [           main] org.hibernate.type.BasicTypeRegistry     : Adding type registration materialized_blob_wrapper -> org.hibernate.type.BasicTypeReference@58189b85
2024-04-28T14:42:12.020-04:00 DEBUG 7452 --- [           main] org.hibernate.type.BasicTypeRegistry     : Adding type registration short -> org.hibernate.type.BasicTypeReference@49222187
2024-04-28T14:42:12.020-04:00 DEBUG 7452 --- [           main] org.hibernate.type.BasicTypeRegistry     : Adding type registration short -> org.hibernate.type.BasicTypeReference@49222187
2024-04-28T14:42:12.020-04:00 DEBUG 7452 --- [           main] org.hibernate.type.BasicTypeRegistry     : Adding type registration java.lang.Short -> org.hibernate.type.BasicTypeReference@49222187
2024-04-28T14:42:12.020-04:00 DEBUG 7452 --- [           main] org.hibernate.type.BasicTypeRegistry     : Adding type registration integer -> org.hibernate.type.BasicTypeReference@5e41e6ad
2024-04-28T14:42:12.020-04:00 DEBUG 7452 --- [           main] org.hibernate.type.BasicTypeRegistry     : Adding type registration int -> org.hibernate.type.BasicTypeReference@5e41e6ad
2024-04-28T14:42:12.020-04:00 DEBUG 7452 --- [           main] org.hibernate.type.BasicTypeRegistry     : Adding type registration java.lang.Integer -> org.hibernate.type.BasicTypeReference@5e41e6ad
2024-04-28T14:42:12.020-04:00 DEBUG 7452 --- [           main] org.hibernate.type.BasicTypeRegistry     : Adding type registration long -> org.hibernate.type.BasicTypeReference@2665a2e7
2024-04-28T14:42:12.020-04:00 DEBUG 7452 --- [           main] org.hibernate.type.BasicTypeRegistry     : Adding type registration long -> org.hibernate.type.BasicTypeReference@2665a2e7
2024-04-28T14:42:12.020-04:00 DEBUG 7452 --- [           main] org.hibernate.type.BasicTypeRegistry     : Adding type registration java.lang.Long -> org.hibernate.type.BasicTypeReference@2665a2e7
2024-04-28T14:42:12.020-04:00 DEBUG 7452 --- [           main] org.hibernate.type.BasicTypeRegistry     : Adding type registration float -> org.hibernate.type.BasicTypeReference@3abdc11d
2024-04-28T14:42:12.020-04:00 DEBUG 7452 --- [           main] org.hibernate.type.BasicTypeRegistry     : Adding type registration float -> org.hibernate.type.BasicTypeReference@3abdc11d
2024-04-28T14:42:12.020-04:00 DEBUG 7452 --- [           main] org.hibernate.type.BasicTypeRegistry     : Adding type registration java.lang.Float -> org.hibernate.type.BasicTypeReference@3abdc11d
2024-04-28T14:42:12.020-04:00 DEBUG 7452 --- [           main] org.hibernate.type.BasicTypeRegistry     : Adding type registration double -> org.hibernate.type.BasicTypeReference@624be1d4
2024-04-28T14:42:12.020-04:00 DEBUG 7452 --- [           main] org.hibernate.type.BasicTypeRegistry     : Adding type registration double -> org.hibernate.type.BasicTypeReference@624be1d4
2024-04-28T14:42:12.020-04:00 DEBUG 7452 --- [           main] org.hibernate.type.BasicTypeRegistry     : Adding type registration java.lang.Double -> org.hibernate.type.BasicTypeReference@624be1d4
2024-04-28T14:42:12.020-04:00 DEBUG 7452 --- [           main] org.hibernate.type.BasicTypeRegistry     : Adding type registration big_integer -> org.hibernate.type.BasicTypeReference@336e17be
2024-04-28T14:42:12.021-04:00 DEBUG 7452 --- [           main] org.hibernate.type.BasicTypeRegistry     : Adding type registration java.math.BigInteger -> org.hibernate.type.BasicTypeReference@336e17be
2024-04-28T14:42:12.021-04:00 DEBUG 7452 --- [           main] org.hibernate.type.BasicTypeRegistry     : Adding type registration big_decimal -> org.hibernate.type.BasicTypeReference@3897f9ae
2024-04-28T14:42:12.021-04:00 DEBUG 7452 --- [           main] org.hibernate.type.BasicTypeRegistry     : Adding type registration java.math.BigDecimal -> org.hibernate.type.BasicTypeReference@3897f9ae
2024-04-28T14:42:12.021-04:00 DEBUG 7452 --- [           main] org.hibernate.type.BasicTypeRegistry     : Adding type registration character -> org.hibernate.type.BasicTypeReference@6c767288
2024-04-28T14:42:12.021-04:00 DEBUG 7452 --- [           main] org.hibernate.type.BasicTypeRegistry     : Adding type registration char -> org.hibernate.type.BasicTypeReference@6c767288
2024-04-28T14:42:12.021-04:00 DEBUG 7452 --- [           main] org.hibernate.type.BasicTypeRegistry     : Adding type registration java.lang.Character -> org.hibernate.type.BasicTypeReference@6c767288
2024-04-28T14:42:12.021-04:00 DEBUG 7452 --- [           main] org.hibernate.type.BasicTypeRegistry     : Adding type registration character_nchar -> org.hibernate.type.BasicTypeReference@510e6b93
2024-04-28T14:42:12.021-04:00 DEBUG 7452 --- [           main] org.hibernate.type.BasicTypeRegistry     : Adding type registration string -> org.hibernate.type.BasicTypeReference@129e45eb
2024-04-28T14:42:12.021-04:00 DEBUG 7452 --- [           main] org.hibernate.type.BasicTypeRegistry     : Adding type registration java.lang.String -> org.hibernate.type.BasicTypeReference@129e45eb
2024-04-28T14:42:12.021-04:00 DEBUG 7452 --- [           main] org.hibernate.type.BasicTypeRegistry     : Adding type registration nstring -> org.hibernate.type.BasicTypeReference@15c3849f
2024-04-28T14:42:12.021-04:00 DEBUG 7452 --- [           main] org.hibernate.type.BasicTypeRegistry     : Adding type registration characters -> org.hibernate.type.BasicTypeReference@4a7e469d
2024-04-28T14:42:12.021-04:00 DEBUG 7452 --- [           main] org.hibernate.type.BasicTypeRegistry     : Adding type registration char[] -> org.hibernate.type.BasicTypeReference@4a7e469d
2024-04-28T14:42:12.021-04:00 DEBUG 7452 --- [           main] org.hibernate.type.BasicTypeRegistry     : Adding type registration [C -> org.hibernate.type.BasicTypeReference@4a7e469d
2024-04-28T14:42:12.021-04:00 DEBUG 7452 --- [           main] org.hibernate.type.BasicTypeRegistry     : Adding type registration wrapper-characters -> org.hibernate.type.BasicTypeReference@688efeb2
2024-04-28T14:42:12.021-04:00 DEBUG 7452 --- [           main] org.hibernate.type.BasicTypeRegistry     : Adding type registration text -> org.hibernate.type.BasicTypeReference@85f5f55
2024-04-28T14:42:12.021-04:00 DEBUG 7452 --- [           main] org.hibernate.type.BasicTypeRegistry     : Adding type registration ntext -> org.hibernate.type.BasicTypeReference@131c5bd
2024-04-28T14:42:12.021-04:00 DEBUG 7452 --- [           main] org.hibernate.type.BasicTypeRegistry     : Adding type registration clob -> org.hibernate.type.BasicTypeReference@394331a8
2024-04-28T14:42:12.021-04:00 DEBUG 7452 --- [           main] org.hibernate.type.BasicTypeRegistry     : Adding type registration java.sql.Clob -> org.hibernate.type.BasicTypeReference@394331a8
2024-04-28T14:42:12.021-04:00 DEBUG 7452 --- [           main] org.hibernate.type.BasicTypeRegistry     : Adding type registration nclob -> org.hibernate.type.BasicTypeReference@2627335c
2024-04-28T14:42:12.021-04:00 DEBUG 7452 --- [           main] org.hibernate.type.BasicTypeRegistry     : Adding type registration java.sql.NClob -> org.hibernate.type.BasicTypeReference@2627335c
2024-04-28T14:42:12.021-04:00 DEBUG 7452 --- [           main] org.hibernate.type.BasicTypeRegistry     : Adding type registration materialized_clob -> org.hibernate.type.BasicTypeReference@5470753a
2024-04-28T14:42:12.021-04:00 DEBUG 7452 --- [           main] org.hibernate.type.BasicTypeRegistry     : Adding type registration materialized_clob_char_array -> org.hibernate.type.BasicTypeReference@5b634e24
2024-04-28T14:42:12.021-04:00 DEBUG 7452 --- [           main] org.hibernate.type.BasicTypeRegistry     : Adding type registration materialized_clob_character_array -> org.hibernate.type.BasicTypeReference@7b0dfa91
2024-04-28T14:42:12.021-04:00 DEBUG 7452 --- [           main] org.hibernate.type.BasicTypeRegistry     : Adding type registration materialized_nclob -> org.hibernate.type.BasicTypeReference@642f8b7f
2024-04-28T14:42:12.021-04:00 DEBUG 7452 --- [           main] org.hibernate.type.BasicTypeRegistry     : Adding type registration materialized_nclob_character_array -> org.hibernate.type.BasicTypeReference@3321fb65
2024-04-28T14:42:12.021-04:00 DEBUG 7452 --- [           main] org.hibernate.type.BasicTypeRegistry     : Adding type registration materialized_nclob_char_array -> org.hibernate.type.BasicTypeReference@7272914b
2024-04-28T14:42:12.021-04:00 DEBUG 7452 --- [           main] org.hibernate.type.BasicTypeRegistry     : Adding type registration Duration -> org.hibernate.type.BasicTypeReference@663f24e6
2024-04-28T14:42:12.021-04:00 DEBUG 7452 --- [           main] org.hibernate.type.BasicTypeRegistry     : Adding type registration java.time.Duration -> org.hibernate.type.BasicTypeReference@663f24e6
2024-04-28T14:42:12.021-04:00 DEBUG 7452 --- [           main] org.hibernate.type.BasicTypeRegistry     : Adding type registration LocalDateTime -> org.hibernate.type.BasicTypeReference@7e532f2d
2024-04-28T14:42:12.021-04:00 DEBUG 7452 --- [           main] org.hibernate.type.BasicTypeRegistry     : Adding type registration java.time.LocalDateTime -> org.hibernate.type.BasicTypeReference@7e532f2d
2024-04-28T14:42:12.021-04:00 DEBUG 7452 --- [           main] org.hibernate.type.BasicTypeRegistry     : Adding type registration LocalDate -> org.hibernate.type.BasicTypeReference@42150951
2024-04-28T14:42:12.021-04:00 DEBUG 7452 --- [           main] org.hibernate.type.BasicTypeRegistry     : Adding type registration java.time.LocalDate -> org.hibernate.type.BasicTypeReference@42150951
2024-04-28T14:42:12.021-04:00 DEBUG 7452 --- [           main] org.hibernate.type.BasicTypeRegistry     : Adding type registration LocalTime -> org.hibernate.type.BasicTypeReference@248b2091
2024-04-28T14:42:12.021-04:00 DEBUG 7452 --- [           main] org.hibernate.type.BasicTypeRegistry     : Adding type registration java.time.LocalTime -> org.hibernate.type.BasicTypeReference@248b2091
2024-04-28T14:42:12.021-04:00 DEBUG 7452 --- [           main] org.hibernate.type.BasicTypeRegistry     : Adding type registration OffsetDateTime -> org.hibernate.type.BasicTypeReference@3b0c38f2
2024-04-28T14:42:12.021-04:00 DEBUG 7452 --- [           main] org.hibernate.type.BasicTypeRegistry     : Adding type registration java.time.OffsetDateTime -> org.hibernate.type.BasicTypeReference@3b0c38f2
2024-04-28T14:42:12.021-04:00 DEBUG 7452 --- [           main] org.hibernate.type.BasicTypeRegistry     : Adding type registration OffsetDateTimeWithTimezone -> org.hibernate.type.BasicTypeReference@5cc152f9
2024-04-28T14:42:12.021-04:00 DEBUG 7452 --- [           main] org.hibernate.type.BasicTypeRegistry     : Adding type registration OffsetDateTimeWithoutTimezone -> org.hibernate.type.BasicTypeReference@36f497b1
2024-04-28T14:42:12.021-04:00 DEBUG 7452 --- [           main] org.hibernate.type.BasicTypeRegistry     : Adding type registration OffsetTime -> org.hibernate.type.BasicTypeReference@4b86a656
2024-04-28T14:42:12.021-04:00 DEBUG 7452 --- [           main] org.hibernate.type.BasicTypeRegistry     : Adding type registration java.time.OffsetTime -> org.hibernate.type.BasicTypeReference@4b86a656
2024-04-28T14:42:12.021-04:00 DEBUG 7452 --- [           main] org.hibernate.type.BasicTypeRegistry     : Adding type registration OffsetTimeUtc -> org.hibernate.type.BasicTypeReference@1117cc7c
2024-04-28T14:42:12.021-04:00 DEBUG 7452 --- [           main] org.hibernate.type.BasicTypeRegistry     : Adding type registration OffsetTimeWithTimezone -> org.hibernate.type.BasicTypeReference@4797023d
2024-04-28T14:42:12.021-04:00 DEBUG 7452 --- [           main] org.hibernate.type.BasicTypeRegistry     : Adding type registration OffsetTimeWithoutTimezone -> org.hibernate.type.BasicTypeReference@2b06f498
2024-04-28T14:42:12.021-04:00 DEBUG 7452 --- [           main] org.hibernate.type.BasicTypeRegistry     : Adding type registration ZonedDateTime -> org.hibernate.type.BasicTypeReference@4ddb9a8
2024-04-28T14:42:12.021-04:00 DEBUG 7452 --- [           main] org.hibernate.type.BasicTypeRegistry     : Adding type registration java.time.ZonedDateTime -> org.hibernate.type.BasicTypeReference@4ddb9a8
2024-04-28T14:42:12.021-04:00 DEBUG 7452 --- [           main] org.hibernate.type.BasicTypeRegistry     : Adding type registration ZonedDateTimeWithTimezone -> org.hibernate.type.BasicTypeReference@7b24d5e4
2024-04-28T14:42:12.021-04:00 DEBUG 7452 --- [           main] org.hibernate.type.BasicTypeRegistry     : Adding type registration ZonedDateTimeWithoutTimezone -> org.hibernate.type.BasicTypeReference@4c3c31a5
2024-04-28T14:42:12.021-04:00 DEBUG 7452 --- [           main] org.hibernate.type.BasicTypeRegistry     : Adding type registration date -> org.hibernate.type.BasicTypeReference@5002be8e
2024-04-28T14:42:12.021-04:00 DEBUG 7452 --- [           main] org.hibernate.type.BasicTypeRegistry     : Adding type registration java.sql.Date -> org.hibernate.type.BasicTypeReference@5002be8e
2024-04-28T14:42:12.021-04:00 DEBUG 7452 --- [           main] org.hibernate.type.BasicTypeRegistry     : Adding type registration time -> org.hibernate.type.BasicTypeReference@39fb5ddf
2024-04-28T14:42:12.021-04:00 DEBUG 7452 --- [           main] org.hibernate.type.BasicTypeRegistry     : Adding type registration java.sql.Time -> org.hibernate.type.BasicTypeReference@39fb5ddf
2024-04-28T14:42:12.021-04:00 DEBUG 7452 --- [           main] org.hibernate.type.BasicTypeRegistry     : Adding type registration timestamp -> org.hibernate.type.BasicTypeReference@642d34f1
2024-04-28T14:42:12.021-04:00 DEBUG 7452 --- [           main] org.hibernate.type.BasicTypeRegistry     : Adding type registration java.sql.Timestamp -> org.hibernate.type.BasicTypeReference@642d34f1
2024-04-28T14:42:12.021-04:00 DEBUG 7452 --- [           main] org.hibernate.type.BasicTypeRegistry     : Adding type registration java.util.Date -> org.hibernate.type.BasicTypeReference@642d34f1
2024-04-28T14:42:12.021-04:00 DEBUG 7452 --- [           main] org.hibernate.type.BasicTypeRegistry     : Adding type registration calendar -> org.hibernate.type.BasicTypeReference@49b180c8
2024-04-28T14:42:12.021-04:00 DEBUG 7452 --- [           main] org.hibernate.type.BasicTypeRegistry     : Adding type registration java.util.Calendar -> org.hibernate.type.BasicTypeReference@49b180c8
2024-04-28T14:42:12.021-04:00 DEBUG 7452 --- [           main] org.hibernate.type.BasicTypeRegistry     : Adding type registration java.util.GregorianCalendar -> org.hibernate.type.BasicTypeReference@49b180c8
2024-04-28T14:42:12.021-04:00 DEBUG 7452 --- [           main] org.hibernate.type.BasicTypeRegistry     : Adding type registration calendar_date -> org.hibernate.type.BasicTypeReference@c02a1be
2024-04-28T14:42:12.021-04:00 DEBUG 7452 --- [           main] org.hibernate.type.BasicTypeRegistry     : Adding type registration calendar_time -> org.hibernate.type.BasicTypeReference@6f740044
2024-04-28T14:42:12.021-04:00 DEBUG 7452 --- [           main] org.hibernate.type.BasicTypeRegistry     : Adding type registration instant -> org.hibernate.type.BasicTypeReference@62732be7
2024-04-28T14:42:12.021-04:00 DEBUG 7452 --- [           main] org.hibernate.type.BasicTypeRegistry     : Adding type registration java.time.Instant -> org.hibernate.type.BasicTypeReference@62732be7
2024-04-28T14:42:12.021-04:00 DEBUG 7452 --- [           main] org.hibernate.type.BasicTypeRegistry     : Adding type registration uuid -> org.hibernate.type.BasicTypeReference@278150a1
2024-04-28T14:42:12.021-04:00 DEBUG 7452 --- [           main] org.hibernate.type.BasicTypeRegistry     : Adding type registration java.util.UUID -> org.hibernate.type.BasicTypeReference@278150a1
2024-04-28T14:42:12.021-04:00 DEBUG 7452 --- [           main] org.hibernate.type.BasicTypeRegistry     : Adding type registration pg-uuid -> org.hibernate.type.BasicTypeReference@278150a1
2024-04-28T14:42:12.021-04:00 DEBUG 7452 --- [           main] org.hibernate.type.BasicTypeRegistry     : Adding type registration uuid-binary -> org.hibernate.type.BasicTypeReference@3e170abe
2024-04-28T14:42:12.021-04:00 DEBUG 7452 --- [           main] org.hibernate.type.BasicTypeRegistry     : Adding type registration uuid-char -> org.hibernate.type.BasicTypeReference@712e4b18
2024-04-28T14:42:12.021-04:00 DEBUG 7452 --- [           main] org.hibernate.type.BasicTypeRegistry     : Adding type registration class -> org.hibernate.type.BasicTypeReference@af96ac9
2024-04-28T14:42:12.021-04:00 DEBUG 7452 --- [           main] org.hibernate.type.BasicTypeRegistry     : Adding type registration java.lang.Class -> org.hibernate.type.BasicTypeReference@af96ac9
2024-04-28T14:42:12.021-04:00 DEBUG 7452 --- [           main] org.hibernate.type.BasicTypeRegistry     : Adding type registration currency -> org.hibernate.type.BasicTypeReference@27d0376f
2024-04-28T14:42:12.021-04:00 DEBUG 7452 --- [           main] org.hibernate.type.BasicTypeRegistry     : Adding type registration Currency -> org.hibernate.type.BasicTypeReference@27d0376f
2024-04-28T14:42:12.021-04:00 DEBUG 7452 --- [           main] org.hibernate.type.BasicTypeRegistry     : Adding type registration java.util.Currency -> org.hibernate.type.BasicTypeReference@27d0376f
2024-04-28T14:42:12.021-04:00 DEBUG 7452 --- [           main] org.hibernate.type.BasicTypeRegistry     : Adding type registration locale -> org.hibernate.type.BasicTypeReference@21948bd1
2024-04-28T14:42:12.021-04:00 DEBUG 7452 --- [           main] org.hibernate.type.BasicTypeRegistry     : Adding type registration java.util.Locale -> org.hibernate.type.BasicTypeReference@21948bd1
2024-04-28T14:42:12.021-04:00 DEBUG 7452 --- [           main] org.hibernate.type.BasicTypeRegistry     : Adding type registration serializable -> org.hibernate.type.BasicTypeReference@22617270
2024-04-28T14:42:12.021-04:00 DEBUG 7452 --- [           main] org.hibernate.type.BasicTypeRegistry     : Adding type registration java.io.Serializable -> org.hibernate.type.BasicTypeReference@22617270
2024-04-28T14:42:12.021-04:00 DEBUG 7452 --- [           main] org.hibernate.type.BasicTypeRegistry     : Adding type registration timezone -> org.hibernate.type.BasicTypeReference@630febd7
2024-04-28T14:42:12.021-04:00 DEBUG 7452 --- [           main] org.hibernate.type.BasicTypeRegistry     : Adding type registration java.util.TimeZone -> org.hibernate.type.BasicTypeReference@630febd7
2024-04-28T14:42:12.021-04:00 DEBUG 7452 --- [           main] org.hibernate.type.BasicTypeRegistry     : Adding type registration ZoneOffset -> org.hibernate.type.BasicTypeReference@45c2c396
2024-04-28T14:42:12.021-04:00 DEBUG 7452 --- [           main] org.hibernate.type.BasicTypeRegistry     : Adding type registration java.time.ZoneOffset -> org.hibernate.type.BasicTypeReference@45c2c396
2024-04-28T14:42:12.021-04:00 DEBUG 7452 --- [           main] org.hibernate.type.BasicTypeRegistry     : Adding type registration url -> org.hibernate.type.BasicTypeReference@408d12fc
2024-04-28T14:42:12.021-04:00 DEBUG 7452 --- [           main] org.hibernate.type.BasicTypeRegistry     : Adding type registration java.net.URL -> org.hibernate.type.BasicTypeReference@408d12fc
2024-04-28T14:42:12.021-04:00 DEBUG 7452 --- [           main] org.hibernate.type.BasicTypeRegistry     : Adding type registration vector -> org.hibernate.type.BasicTypeReference@69d61a6f
2024-04-28T14:42:12.021-04:00 DEBUG 7452 --- [           main] org.hibernate.type.BasicTypeRegistry     : Adding type registration row_version -> org.hibernate.type.BasicTypeReference@759b05d1
2024-04-28T14:42:12.021-04:00 DEBUG 7452 --- [           main] org.hibernate.type.BasicTypeRegistry     : Adding type registration object -> org.hibernate.type.JavaObjectType@2f82e3cf
2024-04-28T14:42:12.021-04:00 DEBUG 7452 --- [           main] org.hibernate.type.BasicTypeRegistry     : Adding type registration java.lang.Object -> org.hibernate.type.JavaObjectType@2f82e3cf
2024-04-28T14:42:12.021-04:00 DEBUG 7452 --- [           main] org.hibernate.type.BasicTypeRegistry     : Adding type registration null -> org.hibernate.type.NullType@153d14e3
2024-04-28T14:42:12.021-04:00 DEBUG 7452 --- [           main] org.hibernate.type.BasicTypeRegistry     : Adding type registration imm_date -> org.hibernate.type.BasicTypeReference@6bac199f
2024-04-28T14:42:12.021-04:00 DEBUG 7452 --- [           main] org.hibernate.type.BasicTypeRegistry     : Adding type registration imm_time -> org.hibernate.type.BasicTypeReference@2a47fb5d
2024-04-28T14:42:12.021-04:00 DEBUG 7452 --- [           main] org.hibernate.type.BasicTypeRegistry     : Adding type registration imm_timestamp -> org.hibernate.type.BasicTypeReference@47a9bcf1
2024-04-28T14:42:12.021-04:00 DEBUG 7452 --- [           main] org.hibernate.type.BasicTypeRegistry     : Adding type registration imm_calendar -> org.hibernate.type.BasicTypeReference@17c95612
2024-04-28T14:42:12.021-04:00 DEBUG 7452 --- [           main] org.hibernate.type.BasicTypeRegistry     : Adding type registration imm_calendar_date -> org.hibernate.type.BasicTypeReference@1ca2d595
2024-04-28T14:42:12.021-04:00 DEBUG 7452 --- [           main] org.hibernate.type.BasicTypeRegistry     : Adding type registration imm_calendar_time -> org.hibernate.type.BasicTypeReference@92a584f
2024-04-28T14:42:12.021-04:00 DEBUG 7452 --- [           main] org.hibernate.type.BasicTypeRegistry     : Adding type registration imm_binary -> org.hibernate.type.BasicTypeReference@36e23af
2024-04-28T14:42:12.021-04:00 DEBUG 7452 --- [           main] org.hibernate.type.BasicTypeRegistry     : Adding type registration imm_serializable -> org.hibernate.type.BasicTypeReference@5e4a9c16
2024-04-28T14:42:12.022-04:00 DEBUG 7452 --- [           main] o.h.boot.internal.BootstrapContextImpl   : Injecting JPA temp ClassLoader [org.springframework.instrument.classloading.SimpleThrowawayClassLoader@ffd26d1] into BootstrapContext; was [null]
2024-04-28T14:42:12.022-04:00 DEBUG 7452 --- [           main] o.h.boot.internal.ClassLoaderAccessImpl  : ClassLoaderAccessImpl#injectTempClassLoader(org.springframework.instrument.classloading.SimpleThrowawayClassLoader@ffd26d1) [was null]
2024-04-28T14:42:12.022-04:00 DEBUG 7452 --- [           main] o.h.boot.internal.BootstrapContextImpl   : Injecting ScanEnvironment [org.hibernate.jpa.boot.internal.StandardJpaScanEnvironmentImpl@7dfc0fda] into BootstrapContext; was [null]
2024-04-28T14:42:12.022-04:00 DEBUG 7452 --- [           main] o.h.boot.internal.BootstrapContextImpl   : Injecting ScanOptions [org.hibernate.boot.archive.scan.internal.StandardScanOptions@775c865f] into BootstrapContext; was [org.hibernate.boot.archive.scan.internal.StandardScanOptions@5410bbdf]
2024-04-28T14:42:12.024-04:00  INFO 7452 --- [           main] o.s.o.j.p.SpringPersistenceUnitInfo      : No LoadTimeWeaver setup: ignoring JPA class transformer
2024-04-28T14:42:12.024-04:00 DEBUG 7452 --- [           main] o.h.boot.internal.BootstrapContextImpl   : Injecting JPA temp ClassLoader [null] into BootstrapContext; was [org.springframework.instrument.classloading.SimpleThrowawayClassLoader@ffd26d1]
2024-04-28T14:42:12.024-04:00 DEBUG 7452 --- [           main] o.h.boot.internal.ClassLoaderAccessImpl  : ClassLoaderAccessImpl#injectTempClassLoader(null) [was org.springframework.instrument.classloading.SimpleThrowawayClassLoader@ffd26d1]
2024-04-28T14:42:12.024-04:00  INFO 7452 --- [           main] com.zaxxer.hikari.HikariDataSource       : HikariPool-2 - Starting...
2024-04-28T14:42:12.025-04:00  WARN 7452 --- [           main] c.zaxxer.hikari.util.DriverDataSource    : Registered driver with driverClassName=oracle.jdbc.driver.OracleDriver was not found, trying direct instantiation.
2024-04-28T14:42:12.223-04:00  INFO 7452 --- [           main] com.zaxxer.hikari.pool.HikariPool        : HikariPool-2 - Added connection oracle.jdbc.driver.T4CConnection@5233b7ad
2024-04-28T14:42:12.223-04:00  INFO 7452 --- [           main] com.zaxxer.hikari.HikariDataSource       : HikariPool-2 - Start completed.
2024-04-28T14:42:12.224-04:00 DEBUG 7452 --- [           main] o.h.e.j.e.i.JdbcEnvironmentInitiator     : Database ->
       name : Oracle
    version : Oracle Database 19c Enterprise Edition Release 19.0.0.0.0 - Production
Version 19.23.0.1.0
      major : 19
      minor : 0
2024-04-28T14:42:12.224-04:00 DEBUG 7452 --- [           main] o.h.e.j.e.i.JdbcEnvironmentInitiator     : Driver ->
       name : Oracle JDBC driver
    version : 21.9.0.0.0
      major : 21
      minor : 9
2024-04-28T14:42:12.224-04:00 DEBUG 7452 --- [           main] o.h.e.j.e.i.JdbcEnvironmentInitiator     : JDBC version : 4.3
2024-04-28T14:42:12.230-04:00  WARN 7452 --- [           main] org.hibernate.orm.deprecation            : HHH90000025: OracleDialect does not need to be specified explicitly using 'hibernate.dialect' (remove the property setting and it will be selected by default)
2024-04-28T14:42:12.230-04:00 DEBUG 7452 --- [           main] org.hibernate.orm.dialect                : HHH035001: Using dialect: org.hibernate.dialect.OracleDialect, version: 19.0
2024-04-28T14:42:12.249-04:00 DEBUG 7452 --- [           main] o.h.t.d.jdbc.spi.JdbcTypeRegistry        : addDescriptor(NCharTypeDescriptor) replaced previous registration(CharTypeDescriptor)
2024-04-28T14:42:12.249-04:00 DEBUG 7452 --- [           main] o.h.t.d.jdbc.spi.JdbcTypeRegistry        : addDescriptor(NVarcharTypeDescriptor) replaced previous registration(VarcharTypeDescriptor)
2024-04-28T14:42:12.249-04:00 DEBUG 7452 --- [           main] o.h.t.d.jdbc.spi.JdbcTypeRegistry        : addDescriptor(LongNVarcharTypeDescriptor) replaced previous registration(LongVarcharTypeDescriptor)
2024-04-28T14:42:12.249-04:00 DEBUG 7452 --- [           main] o.h.t.d.jdbc.spi.JdbcTypeRegistry        : addDescriptor(NClobTypeDescriptor(DEFAULT)) replaced previous registration(ClobTypeDescriptor(DEFAULT))
2024-04-28T14:42:12.249-04:00 DEBUG 7452 --- [           main] o.h.t.d.jdbc.spi.JdbcTypeRegistry        : addDescriptor(2005, ClobTypeDescriptor(STREAM_BINDING)) replaced previous registration(ClobTypeDescriptor(DEFAULT))
2024-04-28T14:42:12.249-04:00 DEBUG 7452 --- [           main] o.h.t.d.jdbc.spi.JdbcTypeRegistry        : addDescriptor(BooleanTypeDescriptor) replaced previous registration(BooleanTypeDescriptor)
2024-04-28T14:42:12.249-04:00 DEBUG 7452 --- [           main] org.hibernate.type.BasicTypeRegistry     : Adding type registration null -> org.hibernate.type.NullType@53a65166
2024-04-28T14:42:12.249-04:00 DEBUG 7452 --- [           main] org.hibernate.type.BasicTypeRegistry     : Type registration key [null] overrode previous entry : `org.hibernate.type.NullType@153d14e3`
2024-04-28T14:42:12.249-04:00 DEBUG 7452 --- [           main] org.hibernate.type.BasicTypeRegistry     : Adding type registration JAVA_OBJECT -> org.hibernate.type.JavaObjectType@22aaa811
2024-04-28T14:42:12.249-04:00 DEBUG 7452 --- [           main] org.hibernate.type.BasicTypeRegistry     : Adding type registration java.lang.Object -> org.hibernate.type.JavaObjectType@22aaa811
2024-04-28T14:42:12.249-04:00 DEBUG 7452 --- [           main] org.hibernate.type.BasicTypeRegistry     : Type registration key [java.lang.Object] overrode previous entry : `org.hibernate.type.JavaObjectType@2f82e3cf`
2024-04-28T14:42:12.249-04:00 DEBUG 7452 --- [           main] org.hibernate.type.BasicTypeRegistry     : Adding type registration org.hibernate.type.DurationType -> basicType@22(java.time.Duration,3015)
2024-04-28T14:42:12.249-04:00 DEBUG 7452 --- [           main] org.hibernate.type.BasicTypeRegistry     : Adding type registration Duration -> basicType@22(java.time.Duration,3015)
2024-04-28T14:42:12.249-04:00 DEBUG 7452 --- [           main] org.hibernate.type.BasicTypeRegistry     : Adding type registration java.time.Duration -> basicType@22(java.time.Duration,3015)
2024-04-28T14:42:12.249-04:00 DEBUG 7452 --- [           main] o.h.type.spi.TypeConfiguration$Scope     : Scoping TypeConfiguration [org.hibernate.type.spi.TypeConfiguration@1df6f57d] to MetadataBuildingContext [org.hibernate.boot.internal.MetadataBuildingContextRootImpl@578036a2]
2024-04-28T14:42:12.249-04:00 DEBUG 7452 --- [           main] o.h.boot.model.relational.Namespace      : Created database namespace [logicalName=Name{catalog=null, schema=null}, physicalName=Name{catalog=null, schema=null}]
2024-04-28T14:42:12.249-04:00 DEBUG 7452 --- [           main] o.h.boot.model.internal.EntityBinder     : Binding entity from annotated class: com.example.demo.model.ConsultaMedica
2024-04-28T14:42:12.250-04:00 DEBUG 7452 --- [           main] o.h.boot.model.internal.EntityBinder     : Import with entity name ConsultaMedica
2024-04-28T14:42:12.250-04:00 DEBUG 7452 --- [           main] o.h.boot.model.internal.EntityBinder     : Bind entity com.example.demo.model.ConsultaMedica on table consulta_medica
2024-04-28T14:42:12.250-04:00 DEBUG 7452 --- [           main] o.h.boot.model.internal.AnnotatedColumn  : Binding column: AnnotatedDiscriminatorColumn(column='DTYPE')
2024-04-28T14:42:12.250-04:00 DEBUG 7452 --- [           main] o.h.boot.model.internal.AnnotatedColumn  : Binding column: AnnotatedColumn(column='id')
2024-04-28T14:42:12.250-04:00 DEBUG 7452 --- [           main] o.h.boot.internal.ClassLoaderAccessImpl  : Not known whether passed class name [com.example.demo.model.ConsultaMedica] is safe
2024-04-28T14:42:12.250-04:00 DEBUG 7452 --- [           main] o.h.boot.internal.ClassLoaderAccessImpl  : No temp ClassLoader provided; using live ClassLoader for loading potentially unsafe class : com.example.demo.model.ConsultaMedica
2024-04-28T14:42:12.250-04:00 DEBUG 7452 --- [           main] o.h.boot.model.internal.PropertyBinder   : MetadataSourceProcessor property id with lazy=false
2024-04-28T14:42:12.250-04:00 DEBUG 7452 --- [           main] o.h.b.m.internal.AbstractPropertyHolder  : Attempting to locate auto-apply AttributeConverter for property [com.example.demo.model.ConsultaMedica:id]
2024-04-28T14:42:12.250-04:00 DEBUG 7452 --- [           main] o.h.b.model.internal.BasicValueBinder    : building BasicValue for id
2024-04-28T14:42:12.250-04:00 DEBUG 7452 --- [           main] org.hibernate.mapping.BasicValue         : Skipping column re-registration: consulta_medica.id
2024-04-28T14:42:12.250-04:00 DEBUG 7452 --- [           main] o.h.boot.model.internal.PropertyBinder   : Building property id
2024-04-28T14:42:12.250-04:00 DEBUG 7452 --- [           main] o.h.boot.model.internal.BinderHelper     : #makeIdGenerator(BasicValue([Column(id)]), id, identity, , ...)
2024-04-28T14:42:12.250-04:00 DEBUG 7452 --- [           main] o.h.boot.model.internal.AnnotatedColumn  : Binding column: AnnotatedColumn(column='diagnostico')
2024-04-28T14:42:12.250-04:00 DEBUG 7452 --- [           main] o.h.boot.model.internal.PropertyBinder   : MetadataSourceProcessor property diagnostico with lazy=false
2024-04-28T14:42:12.250-04:00 DEBUG 7452 --- [           main] o.h.b.m.internal.AbstractPropertyHolder  : Attempting to locate auto-apply AttributeConverter for property [com.example.demo.model.ConsultaMedica:diagnostico]
2024-04-28T14:42:12.250-04:00 DEBUG 7452 --- [           main] o.h.b.model.internal.BasicValueBinder    : building BasicValue for diagnostico
2024-04-28T14:42:12.250-04:00 DEBUG 7452 --- [           main] org.hibernate.mapping.BasicValue         : Skipping column re-registration: consulta_medica.diagnostico
2024-04-28T14:42:12.251-04:00 DEBUG 7452 --- [           main] o.h.boot.model.internal.PropertyBinder   : Building property diagnostico
2024-04-28T14:42:12.251-04:00 DEBUG 7452 --- [           main] o.h.boot.model.internal.AnnotatedColumn  : Binding column: AnnotatedColumn(column='fecha')
2024-04-28T14:42:12.251-04:00 DEBUG 7452 --- [           main] o.h.boot.model.internal.PropertyBinder   : MetadataSourceProcessor property fecha with lazy=false
2024-04-28T14:42:12.251-04:00 DEBUG 7452 --- [           main] o.h.b.m.internal.AbstractPropertyHolder  : Attempting to locate auto-apply AttributeConverter for property [com.example.demo.model.ConsultaMedica:fecha]
2024-04-28T14:42:12.251-04:00 DEBUG 7452 --- [           main] o.h.b.model.internal.BasicValueBinder    : building BasicValue for fecha
2024-04-28T14:42:12.251-04:00 DEBUG 7452 --- [           main] org.hibernate.mapping.BasicValue         : Skipping column re-registration: consulta_medica.fecha
2024-04-28T14:42:12.251-04:00 DEBUG 7452 --- [           main] o.h.boot.model.internal.PropertyBinder   : Building property fecha
2024-04-28T14:42:12.251-04:00 DEBUG 7452 --- [           main] o.h.boot.model.internal.AnnotatedColumn  : Binding column: AnnotatedColumn(column='motivoConsulta')
2024-04-28T14:42:12.251-04:00 DEBUG 7452 --- [           main] o.h.boot.model.internal.PropertyBinder   : MetadataSourceProcessor property motivoConsulta with lazy=false
2024-04-28T14:42:12.251-04:00 DEBUG 7452 --- [           main] o.h.b.m.internal.AbstractPropertyHolder  : Attempting to locate auto-apply AttributeConverter for property [com.example.demo.model.ConsultaMedica:motivoConsulta]
2024-04-28T14:42:12.251-04:00 DEBUG 7452 --- [           main] o.h.b.model.internal.BasicValueBinder    : building BasicValue for motivoConsulta
2024-04-28T14:42:12.251-04:00 DEBUG 7452 --- [           main] org.hibernate.mapping.BasicValue         : Skipping column re-registration: consulta_medica.motivo_consulta
2024-04-28T14:42:12.251-04:00 DEBUG 7452 --- [           main] o.h.boot.model.internal.PropertyBinder   : Building property motivoConsulta
2024-04-28T14:42:12.251-04:00 DEBUG 7452 --- [           main] o.h.boot.model.internal.AnnotatedColumn  : Binding column: AnnotatedColumn(column='paciente_id')
2024-04-28T14:42:12.251-04:00 DEBUG 7452 --- [           main] o.h.boot.model.internal.PropertyBinder   : MetadataSourceProcessor property pacienteid with lazy=false
2024-04-28T14:42:12.251-04:00 DEBUG 7452 --- [           main] o.h.b.m.internal.AbstractPropertyHolder  : Attempting to locate auto-apply AttributeConverter for property [com.example.demo.model.ConsultaMedica:pacienteid]
2024-04-28T14:42:12.251-04:00 DEBUG 7452 --- [           main] o.h.b.model.internal.BasicValueBinder    : building BasicValue for pacienteid
2024-04-28T14:42:12.251-04:00 DEBUG 7452 --- [           main] org.hibernate.mapping.BasicValue         : Skipping column re-registration: consulta_medica.paciente_id
2024-04-28T14:42:12.251-04:00 DEBUG 7452 --- [           main] o.h.boot.model.internal.PropertyBinder   : Building property pacienteid
2024-04-28T14:42:12.252-04:00 DEBUG 7452 --- [           main] o.h.b.r.c.i.ClassLoaderServiceImpl       : HHH000194: Package not found or wo package-info.java: com.example.demo.model
2024-04-28T14:42:12.252-04:00 DEBUG 7452 --- [           main] o.h.boot.model.internal.EntityBinder     : Binding entity from annotated class: com.example.demo.model.Paciente
2024-04-28T14:42:12.252-04:00 DEBUG 7452 --- [           main] o.h.boot.model.internal.EntityBinder     : Import with entity name Paciente
2024-04-28T14:42:12.252-04:00 DEBUG 7452 --- [           main] o.h.boot.model.internal.EntityBinder     : Bind entity com.example.demo.model.Paciente on table paciente
2024-04-28T14:42:12.252-04:00 DEBUG 7452 --- [           main] o.h.boot.model.internal.AnnotatedColumn  : Binding column: AnnotatedDiscriminatorColumn(column='DTYPE')
2024-04-28T14:42:12.253-04:00 DEBUG 7452 --- [           main] o.h.boot.model.internal.AnnotatedColumn  : Binding column: AnnotatedColumn(column='id')
2024-04-28T14:42:12.253-04:00 DEBUG 7452 --- [           main] o.h.boot.internal.ClassLoaderAccessImpl  : Not known whether passed class name [com.example.demo.model.Paciente] is safe
2024-04-28T14:42:12.253-04:00 DEBUG 7452 --- [           main] o.h.boot.internal.ClassLoaderAccessImpl  : No temp ClassLoader provided; using live ClassLoader for loading potentially unsafe class : com.example.demo.model.Paciente
2024-04-28T14:42:12.253-04:00 DEBUG 7452 --- [           main] o.h.boot.model.internal.PropertyBinder   : MetadataSourceProcessor property id with lazy=false
2024-04-28T14:42:12.253-04:00 DEBUG 7452 --- [           main] o.h.b.m.internal.AbstractPropertyHolder  : Attempting to locate auto-apply AttributeConverter for property [com.example.demo.model.Paciente:id]
2024-04-28T14:42:12.253-04:00 DEBUG 7452 --- [           main] o.h.b.model.internal.BasicValueBinder    : building BasicValue for id
2024-04-28T14:42:12.253-04:00 DEBUG 7452 --- [           main] org.hibernate.mapping.BasicValue         : Skipping column re-registration: paciente.id
2024-04-28T14:42:12.253-04:00 DEBUG 7452 --- [           main] o.h.boot.model.internal.PropertyBinder   : Building property id
2024-04-28T14:42:12.253-04:00 DEBUG 7452 --- [           main] o.h.boot.model.internal.BinderHelper     : #makeIdGenerator(BasicValue([Column(id)]), id, identity, , ...)
2024-04-28T14:42:12.253-04:00 DEBUG 7452 --- [           main] o.h.boot.model.internal.AnnotatedColumn  : Binding column: AnnotatedColumn(column='apellido')
2024-04-28T14:42:12.253-04:00 DEBUG 7452 --- [           main] o.h.boot.model.internal.PropertyBinder   : MetadataSourceProcessor property apellido with lazy=false
2024-04-28T14:42:12.253-04:00 DEBUG 7452 --- [           main] o.h.b.m.internal.AbstractPropertyHolder  : Attempting to locate auto-apply AttributeConverter for property [com.example.demo.model.Paciente:apellido]
2024-04-28T14:42:12.253-04:00 DEBUG 7452 --- [           main] o.h.b.model.internal.BasicValueBinder    : building BasicValue for apellido
2024-04-28T14:42:12.253-04:00 DEBUG 7452 --- [           main] org.hibernate.mapping.BasicValue         : Skipping column re-registration: paciente.apellido
2024-04-28T14:42:12.253-04:00 DEBUG 7452 --- [           main] o.h.boot.model.internal.PropertyBinder   : Building property apellido
2024-04-28T14:42:12.253-04:00 DEBUG 7452 --- [           main] o.h.boot.model.internal.AnnotatedColumn  : Binding column: AnnotatedJoinColumn()
2024-04-28T14:42:12.253-04:00 DEBUG 7452 --- [           main] o.h.boot.model.internal.AnnotatedColumn  : Binding column: AnnotatedColumn()
2024-04-28T14:42:12.253-04:00 DEBUG 7452 --- [           main] o.h.boot.model.internal.AnnotatedColumn  : Binding column: IndexColumn(column='consultasMedicas_ORDER')
2024-04-28T14:42:12.253-04:00 DEBUG 7452 --- [           main] o.h.boot.model.internal.AnnotatedColumn  : Binding column: AnnotatedColumn()
2024-04-28T14:42:12.253-04:00 DEBUG 7452 --- [           main] o.h.boot.model.internal.AnnotatedColumn  : Binding column: AnnotatedColumn(column='consultasMedicas_KEY')
2024-04-28T14:42:12.253-04:00 DEBUG 7452 --- [           main] o.h.boot.model.internal.AnnotatedColumn  : Binding column: AnnotatedJoinColumn(column='consultasMedicas_KEY')
2024-04-28T14:42:12.253-04:00 DEBUG 7452 --- [           main] o.h.boot.model.internal.AnnotatedColumn  : Binding column: AnnotatedJoinColumn()
2024-04-28T14:42:12.253-04:00 DEBUG 7452 --- [           main] o.h.boot.model.internal.AnnotatedColumn  : Binding column: AnnotatedJoinColumn()
2024-04-28T14:42:12.253-04:00 DEBUG 7452 --- [           main] o.h.b.model.internal.CollectionBinder    : Collection role: com.example.demo.model.Paciente.consultasMedicas
2024-04-28T14:42:12.253-04:00 DEBUG 7452 --- [           main] o.h.boot.model.internal.PropertyBinder   : Building property consultasMedicas
2024-04-28T14:42:12.254-04:00 DEBUG 7452 --- [           main] o.h.boot.model.internal.AnnotatedColumn  : Binding column: AnnotatedColumn(column='direccion')
2024-04-28T14:42:12.254-04:00 DEBUG 7452 --- [           main] o.h.boot.model.internal.PropertyBinder   : MetadataSourceProcessor property direccion with lazy=false
2024-04-28T14:42:12.254-04:00 DEBUG 7452 --- [           main] o.h.b.m.internal.AbstractPropertyHolder  : Attempting to locate auto-apply AttributeConverter for property [com.example.demo.model.Paciente:direccion]
2024-04-28T14:42:12.254-04:00 DEBUG 7452 --- [           main] o.h.b.model.internal.BasicValueBinder    : building BasicValue for direccion
2024-04-28T14:42:12.254-04:00 DEBUG 7452 --- [           main] org.hibernate.mapping.BasicValue         : Skipping column re-registration: paciente.direccion
2024-04-28T14:42:12.254-04:00 DEBUG 7452 --- [           main] o.h.boot.model.internal.PropertyBinder   : Building property direccion
2024-04-28T14:42:12.254-04:00 DEBUG 7452 --- [           main] o.h.boot.model.internal.AnnotatedColumn  : Binding column: AnnotatedColumn(column='nombre')
2024-04-28T14:42:12.254-04:00 DEBUG 7452 --- [           main] o.h.boot.model.internal.PropertyBinder   : MetadataSourceProcessor property nombre with lazy=false
2024-04-28T14:42:12.254-04:00 DEBUG 7452 --- [           main] o.h.b.m.internal.AbstractPropertyHolder  : Attempting to locate auto-apply AttributeConverter for property [com.example.demo.model.Paciente:nombre]
2024-04-28T14:42:12.254-04:00 DEBUG 7452 --- [           main] o.h.b.model.internal.BasicValueBinder    : building BasicValue for nombre
2024-04-28T14:42:12.254-04:00 DEBUG 7452 --- [           main] org.hibernate.mapping.BasicValue         : Skipping column re-registration: paciente.nombre
2024-04-28T14:42:12.254-04:00 DEBUG 7452 --- [           main] o.h.boot.model.internal.PropertyBinder   : Building property nombre
2024-04-28T14:42:12.255-04:00 DEBUG 7452 --- [           main] o.h.boot.model.internal.AnnotatedColumn  : Binding column: AnnotatedColumn(column='rut')
2024-04-28T14:42:12.255-04:00 DEBUG 7452 --- [           main] o.h.boot.model.internal.PropertyBinder   : MetadataSourceProcessor property rut with lazy=false
2024-04-28T14:42:12.255-04:00 DEBUG 7452 --- [           main] o.h.b.m.internal.AbstractPropertyHolder  : Attempting to locate auto-apply AttributeConverter for property [com.example.demo.model.Paciente:rut]
2024-04-28T14:42:12.255-04:00 DEBUG 7452 --- [           main] o.h.b.model.internal.BasicValueBinder    : building BasicValue for rut
2024-04-28T14:42:12.255-04:00 DEBUG 7452 --- [           main] org.hibernate.mapping.BasicValue         : Skipping column re-registration: paciente.rut
2024-04-28T14:42:12.255-04:00 DEBUG 7452 --- [           main] o.h.boot.model.internal.PropertyBinder   : Building property rut
2024-04-28T14:42:12.255-04:00 DEBUG 7452 --- [           main] o.h.b.r.c.i.ClassLoaderServiceImpl       : HHH000194: Package not found or wo package-info.java: com.example.demo.model
2024-04-28T14:42:12.256-04:00 DEBUG 7452 --- [           main] o.h.b.model.internal.BasicValueBinder    : Starting `BasicValueBinder#fillSimpleValue` for id
2024-04-28T14:42:12.256-04:00 DEBUG 7452 --- [           main] o.h.b.model.internal.BasicValueBinder    : Starting `BasicValueBinder#fillSimpleValue` for diagnostico
2024-04-28T14:42:12.256-04:00 DEBUG 7452 --- [           main] o.h.b.model.internal.BasicValueBinder    : Starting `BasicValueBinder#fillSimpleValue` for fecha
2024-04-28T14:42:12.256-04:00 DEBUG 7452 --- [           main] o.h.b.model.internal.BasicValueBinder    : Starting `BasicValueBinder#fillSimpleValue` for motivoConsulta
2024-04-28T14:42:12.256-04:00 DEBUG 7452 --- [           main] o.h.b.model.internal.BasicValueBinder    : Starting `BasicValueBinder#fillSimpleValue` for pacienteid
2024-04-28T14:42:12.256-04:00 DEBUG 7452 --- [           main] o.h.b.model.internal.BasicValueBinder    : Starting `BasicValueBinder#fillSimpleValue` for id
2024-04-28T14:42:12.256-04:00 DEBUG 7452 --- [           main] o.h.b.model.internal.BasicValueBinder    : Starting `BasicValueBinder#fillSimpleValue` for apellido
2024-04-28T14:42:12.256-04:00 DEBUG 7452 --- [           main] o.h.b.model.internal.BasicValueBinder    : Starting `BasicValueBinder#fillSimpleValue` for direccion
2024-04-28T14:42:12.256-04:00 DEBUG 7452 --- [           main] o.h.b.model.internal.BasicValueBinder    : Starting `BasicValueBinder#fillSimpleValue` for nombre
2024-04-28T14:42:12.256-04:00 DEBUG 7452 --- [           main] o.h.b.model.internal.BasicValueBinder    : Starting `BasicValueBinder#fillSimpleValue` for rut
2024-04-28T14:42:12.256-04:00 DEBUG 7452 --- [           main] org.hibernate.mapping.PrimaryKey         : Forcing column [id] to be non-null as it is part of the primary key for table [consulta_medica]
2024-04-28T14:42:12.256-04:00 DEBUG 7452 --- [           main] org.hibernate.mapping.PrimaryKey         : Forcing column [id] to be non-null as it is part of the primary key for table [paciente]
2024-04-28T14:42:12.256-04:00 DEBUG 7452 --- [           main] o.h.b.m.internal.CollectionSecondPass    : Second pass for collection: com.example.demo.model.Paciente.consultasMedicas
2024-04-28T14:42:12.256-04:00 DEBUG 7452 --- [           main] o.h.b.model.internal.CollectionBinder    : Binding a OneToMany: com.example.demo.model.Paciente.consultasMedicas through a foreign key
2024-04-28T14:42:12.256-04:00 DEBUG 7452 --- [           main] o.h.b.model.internal.CollectionBinder    : Mapping collection: com.example.demo.model.Paciente.consultasMedicas -> consulta_medica
2024-04-28T14:42:12.256-04:00 DEBUG 7452 --- [           main] o.h.boot.model.internal.TableBinder      : Retrieving property com.example.demo.model.ConsultaMedica.pacienteid
2024-04-28T14:42:12.256-04:00 DEBUG 7452 --- [           main] o.h.b.m.internal.CollectionSecondPass    : Mapped collection key: paciente_id, one-to-many: com.example.demo.model.ConsultaMedica
2024-04-28T14:42:12.260-04:00 DEBUG 7452 --- [           main] o.hibernate.internal.SessionFactoryImpl  : Building session factory
2024-04-28T14:42:12.260-04:00 DEBUG 7452 --- [           main] .h.s.i.SessionFactoryServiceRegistryImpl : EventListenerRegistry access via ServiceRegistry is deprecated.  Use `sessionFactory.getEventEngine().getListenerRegistry()` instead
2024-04-28T14:42:12.261-04:00 DEBUG 7452 --- [           main] o.hibernate.internal.SessionFactoryImpl  : Instantiating SessionFactory with settings: {java.specification.version=21, sun.cpu.isalist=amd64, hibernate.resource.beans.container=org.springframework.orm.hibernate5.SpringBeanContainer@7e86ff3b, hibernate.connection.handling_mode=DELAYED_ACQUISITION_AND_HOLD, sun.jnu.encoding=Cp1252, hibernate.dialect=org.hibernate.dialect.OracleDialect, hibernate.implicit_naming_strategy=org.springframework.boot.orm.jpa.hibernate.SpringImplicitNamingStrategy, java.class.path=C:\Users\PC Gio\Documents\GitHub\sumativa2_microservicio_B\demo\target\test-classes;C:\Users\PC Gio\Documents\GitHub\sumativa2_microservicio_B\demo\target\classes;C:\Users\PC Gio\.m2\repository\org\springframework\boot\spring-boot-starter-data-jpa\3.2.4\spring-boot-starter-data-jpa-3.2.4.jar;C:\Users\PC Gio\.m2\repository\org\springframework\boot\spring-boot-starter-aop\3.2.4\spring-boot-starter-aop-3.2.4.jar;C:\Users\PC Gio\.m2\repository\org\springframework\spring-aop\6.1.5\spring-aop-6.1.5.jar;C:\Users\PC Gio\.m2\repository\org\aspectj\aspectjweaver\1.9.21\aspectjweaver-1.9.21.jar;C:\Users\PC Gio\.m2\repository\org\springframework\boot\spring-boot-starter-jdbc\3.2.4\spring-boot-starter-jdbc-3.2.4.jar;C:\Users\PC Gio\.m2\repository\com\zaxxer\HikariCP\5.0.1\HikariCP-5.0.1.jar;C:\Users\PC Gio\.m2\repository\org\springframework\spring-jdbc\6.1.5\spring-jdbc-6.1.5.jar;C:\Users\PC Gio\.m2\repository\org\hibernate\orm\hibernate-core\6.4.4.Final\hibernate-core-6.4.4.Final.jar;C:\Users\PC Gio\.m2\repository\jakarta\persistence\jakarta.persistence-api\3.1.0\jakarta.persistence-api-3.1.0.jar;C:\Users\PC Gio\.m2\repository\jakarta\transaction\jakarta.transaction-api\2.0.1\jakarta.transaction-api-2.0.1.jar;C:\Users\PC Gio\.m2\repository\org\jboss\logging\jboss-logging\3.5.3.Final\jboss-logging-3.5.3.Final.jar;C:\Users\PC Gio\.m2\repository\org\hibernate\common\hibernate-commons-annotations\6.0.6.Final\hibernate-commons-annotations-6.0.6.Final.jar;C:\Users\PC Gio\.m2\repository\io\smallrye\jandex\3.1.2\jandex-3.1.2.jar;C:\Users\PC Gio\.m2\repository\com\fasterxml\classmate\1.6.0\classmate-1.6.0.jar;C:\Users\PC Gio\.m2\repository\net\bytebuddy\byte-buddy\1.14.12\byte-buddy-1.14.12.jar;C:\Users\PC Gio\.m2\repository\org\glassfish\jaxb\jaxb-runtime\4.0.5\jaxb-runtime-4.0.5.jar;C:\Users\PC Gio\.m2\repository\org\glassfish\jaxb\jaxb-core\4.0.5\jaxb-core-4.0.5.jar;C:\Users\PC Gio\.m2\repository\org\eclipse\angus\angus-activation\2.0.2\angus-activation-2.0.2.jar;C:\Users\PC Gio\.m2\repository\org\glassfish\jaxb\txw2\4.0.5\txw2-4.0.5.jar;C:\Users\PC Gio\.m2\repository\com\sun\istack\istack-commons-runtime\4.1.2\istack-commons-runtime-4.1.2.jar;C:\Users\PC Gio\.m2\repository\jakarta\inject\jakarta.inject-api\2.0.1\jakarta.inject-api-2.0.1.jar;C:\Users\PC Gio\.m2\repository\org\antlr\antlr4-runtime\4.13.0\antlr4-runtime-4.13.0.jar;C:\Users\PC Gio\.m2\repository\org\springframework\data\spring-data-jpa\3.2.4\spring-data-jpa-3.2.4.jar;C:\Users\PC Gio\.m2\repository\org\springframework\data\spring-data-commons\3.2.4\spring-data-commons-3.2.4.jar;C:\Users\PC Gio\.m2\repository\org\springframework\spring-orm\6.1.5\spring-orm-6.1.5.jar;C:\Users\PC Gio\.m2\repository\org\springframework\spring-context\6.1.5\spring-context-6.1.5.jar;C:\Users\PC Gio\.m2\repository\org\springframework\spring-tx\6.1.5\spring-tx-6.1.5.jar;C:\Users\PC Gio\.m2\repository\org\springframework\spring-beans\6.1.5\spring-beans-6.1.5.jar;C:\Users\PC Gio\.m2\repository\jakarta\annotation\jakarta.annotation-api\2.1.1\jakarta.annotation-api-2.1.1.jar;C:\Users\PC Gio\.m2\repository\org\slf4j\slf4j-api\2.0.12\slf4j-api-2.0.12.jar;C:\Users\PC Gio\.m2\repository\org\springframework\spring-aspects\6.1.5\spring-aspects-6.1.5.jar;C:\Users\PC Gio\.m2\repository\org\springframework\boot\spring-boot-starter-web\3.2.4\spring-boot-starter-web-3.2.4.jar;C:\Users\PC Gio\.m2\repository\org\springframework\boot\spring-boot-starter\3.2.4\spring-boot-starter-3.2.4.jar;C:\Users\PC Gio\.m2\repository\org\springframework\boot\spring-boot-starter-logging\3.2.4\spring-boot-starter-logging-3.2.4.jar;C:\Users\PC Gio\.m2\repository\ch\qos\logback\logback-classic\1.4.14\logback-classic-1.4.14.jar;C:\Users\PC Gio\.m2\repository\ch\qos\logback\logback-core\1.4.14\logback-core-1.4.14.jar;C:\Users\PC Gio\.m2\repository\org\apache\logging\log4j\log4j-to-slf4j\2.21.1\log4j-to-slf4j-2.21.1.jar;C:\Users\PC Gio\.m2\repository\org\apache\logging\log4j\log4j-api\2.21.1\log4j-api-2.21.1.jar;C:\Users\PC Gio\.m2\repository\org\slf4j\jul-to-slf4j\2.0.12\jul-to-slf4j-2.0.12.jar;C:\Users\PC Gio\.m2\repository\org\yaml\snakeyaml\2.2\snakeyaml-2.2.jar;C:\Users\PC Gio\.m2\repository\org\springframework\boot\spring-boot-starter-json\3.2.4\spring-boot-starter-json-3.2.4.jar;C:\Users\PC Gio\.m2\repository\com\fasterxml\jackson\core\jackson-databind\2.15.4\jackson-databind-2.15.4.jar;C:\Users\PC Gio\.m2\repository\com\fasterxml\jackson\core\jackson-annotations\2.15.4\jackson-annotations-2.15.4.jar;C:\Users\PC Gio\.m2\repository\com\fasterxml\jackson\core\jackson-core\2.15.4\jackson-core-2.15.4.jar;C:\Users\PC Gio\.m2\repository\com\fasterxml\jackson\datatype\jackson-datatype-jdk8\2.15.4\jackson-datatype-jdk8-2.15.4.jar;C:\Users\PC Gio\.m2\repository\com\fasterxml\jackson\datatype\jackson-datatype-jsr310\2.15.4\jackson-datatype-jsr310-2.15.4.jar;C:\Users\PC Gio\.m2\repository\com\fasterxml\jackson\module\jackson-module-parameter-names\2.15.4\jackson-module-parameter-names-2.15.4.jar;C:\Users\PC Gio\.m2\repository\org\springframework\boot\spring-boot-starter-tomcat\3.2.4\spring-boot-starter-tomcat-3.2.4.jar;C:\Users\PC Gio\.m2\repository\org\apache\tomcat\embed\tomcat-embed-core\10.1.19\tomcat-embed-core-10.1.19.jar;C:\Users\PC Gio\.m2\repository\org\apache\tomcat\embed\tomcat-embed-websocket\10.1.19\tomcat-embed-websocket-10.1.19.jar;C:\Users\PC Gio\.m2\repository\org\springframework\spring-web\6.1.5\spring-web-6.1.5.jar;C:\Users\PC Gio\.m2\repository\io\micrometer\micrometer-observation\1.12.4\micrometer-observation-1.12.4.jar;C:\Users\PC Gio\.m2\repository\io\micrometer\micrometer-commons\1.12.4\micrometer-commons-1.12.4.jar;C:\Users\PC Gio\.m2\repository\org\springframework\spring-webmvc\6.1.5\spring-webmvc-6.1.5.jar;C:\Users\PC Gio\.m2\repository\org\springframework\spring-expression\6.1.5\spring-expression-6.1.5.jar;C:\Users\PC Gio\.m2\repository\org\springframework\boot\spring-boot-devtools\3.2.4\spring-boot-devtools-3.2.4.jar;C:\Users\PC Gio\.m2\repository\org\springframework\boot\spring-boot\3.2.4\spring-boot-3.2.4.jar;C:\Users\PC Gio\.m2\repository\org\springframework\boot\spring-boot-autoconfigure\3.2.4\spring-boot-autoconfigure-3.2.4.jar;C:\Users\PC Gio\.m2\repository\com\oracle\database\jdbc\ojdbc11\21.9.0.0\ojdbc11-21.9.0.0.jar;C:\Users\PC Gio\.m2\repository\org\projectlombok\lombok\1.18.30\lombok-1.18.30.jar;C:\Users\PC Gio\.m2\repository\org\springframework\boot\spring-boot-starter-test\3.2.4\spring-boot-starter-test-3.2.4.jar;C:\Users\PC Gio\.m2\repository\org\springframework\boot\spring-boot-test\3.2.4\spring-boot-test-3.2.4.jar;C:\Users\PC Gio\.m2\repository\org\springframework\boot\spring-boot-test-autoconfigure\3.2.4\spring-boot-test-autoconfigure-3.2.4.jar;C:\Users\PC Gio\.m2\repository\com\jayway\jsonpath\json-path\2.9.0\json-path-2.9.0.jar;C:\Users\PC Gio\.m2\repository\jakarta\xml\bind\jakarta.xml.bind-api\4.0.2\jakarta.xml.bind-api-4.0.2.jar;C:\Users\PC Gio\.m2\repository\jakarta\activation\jakarta.activation-api\2.1.3\jakarta.activation-api-2.1.3.jar;C:\Users\PC Gio\.m2\repository\net\minidev\json-smart\2.5.0\json-smart-2.5.0.jar;C:\Users\PC Gio\.m2\repository\net\minidev\accessors-smart\2.5.0\accessors-smart-2.5.0.jar;C:\Users\PC Gio\.m2\repository\org\ow2\asm\asm\9.3\asm-9.3.jar;C:\Users\PC Gio\.m2\repository\org\assertj\assertj-core\3.24.2\assertj-core-3.24.2.jar;C:\Users\PC Gio\.m2\repository\org\awaitility\awaitility\4.2.0\awaitility-4.2.0.jar;C:\Users\PC Gio\.m2\repository\org\hamcrest\hamcrest\2.2\hamcrest-2.2.jar;C:\Users\PC Gio\.m2\repository\org\junit\jupiter\junit-jupiter\5.10.2\junit-jupiter-5.10.2.jar;C:\Users\PC Gio\.m2\repository\org\junit\jupiter\junit-jupiter-api\5.10.2\junit-jupiter-api-5.10.2.jar;C:\Users\PC Gio\.m2\repository\org\opentest4j\opentest4j\1.3.0\opentest4j-1.3.0.jar;C:\Users\PC Gio\.m2\repository\org\junit\platform\junit-platform-commons\1.10.2\junit-platform-commons-1.10.2.jar;C:\Users\PC Gio\.m2\repository\org\apiguardian\apiguardian-api\1.1.2\apiguardian-api-1.1.2.jar;C:\Users\PC Gio\.m2\repository\org\junit\jupiter\junit-jupiter-params\5.10.2\junit-jupiter-params-5.10.2.jar;C:\Users\PC Gio\.m2\repository\org\junit\jupiter\junit-jupiter-engine\5.10.2\junit-jupiter-engine-5.10.2.jar;C:\Users\PC Gio\.m2\repository\org\junit\platform\junit-platform-engine\1.10.2\junit-platform-engine-1.10.2.jar;C:\Users\PC Gio\.m2\repository\org\mockito\mockito-core\5.7.0\mockito-core-5.7.0.jar;C:\Users\PC Gio\.m2\repository\net\bytebuddy\byte-buddy-agent\1.14.12\byte-buddy-agent-1.14.12.jar;C:\Users\PC Gio\.m2\repository\org\objenesis\objenesis\3.3\objenesis-3.3.jar;C:\Users\PC Gio\.m2\repository\org\mockito\mockito-junit-jupiter\5.7.0\mockito-junit-jupiter-5.7.0.jar;C:\Users\PC Gio\.m2\repository\org\skyscreamer\jsonassert\1.5.1\jsonassert-1.5.1.jar;C:\Users\PC Gio\.m2\repository\com\vaadin\external\google\android-json\0.0.20131108.vaadin1\android-json-0.0.20131108.vaadin1.jar;C:\Users\PC Gio\.m2\repository\org\springframework\spring-core\6.1.5\spring-core-6.1.5.jar;C:\Users\PC Gio\.m2\repository\org\springframework\spring-jcl\6.1.5\spring-jcl-6.1.5.jar;C:\Users\PC Gio\.m2\repository\org\springframework\spring-test\6.1.5\spring-test-6.1.5.jar;C:\Users\PC Gio\.m2\repository\org\xmlunit\xmlunit-core\2.9.1\xmlunit-core-2.9.1.jar;C:\Users\PC Gio\.m2\repository\com\oracle\database\security\oraclepki\21.5.0.0\oraclepki-21.5.0.0.jar;C:\Users\PC Gio\.m2\repository\com\oracle\database\security\osdt_cert\21.5.0.0\osdt_cert-21.5.0.0.jar;C:\Users\PC Gio\.m2\repository\com\oracle\database\security\osdt_core\21.5.0.0\osdt_core-21.5.0.0.jar;C:\Users\PC Gio\.m2\repository\org\springframework\boot\spring-boot-starter-validation\3.2.4\spring-boot-starter-validation-3.2.4.jar;C:\Users\PC Gio\.m2\repository\org\apache\tomcat\embed\tomcat-embed-el\10.1.19\tomcat-embed-el-10.1.19.jar;C:\Users\PC Gio\.m2\repository\org\hibernate\validator\hibernate-validator\8.0.1.Final\hibernate-validator-8.0.1.Final.jar;C:\Users\PC Gio\.m2\repository\jakarta\validation\jakarta.validation-api\3.0.2\jakarta.validation-api-3.0.2.jar;C:\Users\PC Gio\.m2\repository\org\springframework\boot\spring-boot-starter-hateoas\3.2.4\spring-boot-starter-hateoas-3.2.4.jar;C:\Users\PC Gio\.m2\repository\org\springframework\hateoas\spring-hateoas\2.2.1\spring-hateoas-2.2.1.jar;C:\Users\PC Gio\.m2\repository\org\springframework\plugin\spring-plugin-core\3.0.0\spring-plugin-core-3.0.0.jar;, java.vm.vendor=Oracle Corporation, sun.arch.data.model=64, user.variant=, java.vendor.url=https://java.oracle.com/, user.timezone=America/Santiago, jakarta.persistence.sharedCache.mode=UNSPECIFIED, org.jboss.logging.provider=slf4j, java.vm.specification.version=21, os.name=Windows 11, jakarta.persistence.nonJtaDataSource=HikariDataSource (HikariPool-2), sun.java.launcher=SUN_STANDARD, user.country=CL, sun.boot.library.path=C:\Program Files\Java\jdk-21\bin, sun.java.command=C:\Users\PC Gio\AppData\Local\Temp\surefire13580204357881507005\surefirebooter-20240428144206179_3.jar C:\Users\PC Gio\AppData\Local\Temp\surefire13580204357881507005 2024-04-28T14-42-06_105-jvmRun1 surefire-20240428144206179_1tmp surefire_0-20240428144206179_2tmp, javax.persistence.nonJtaDataSource=HikariDataSource (HikariPool-2), hibernate.transaction.jta.platform=org.hibernate.engine.transaction.jta.platform.internal.NoJtaPlatform@4936dca9, jdk.debug=release, surefire.test.class.path=C:\Users\PC Gio\Documents\GitHub\sumativa2_microservicio_B\demo\target\test-classes;C:\Users\PC Gio\Documents\GitHub\sumativa2_microservicio_B\demo\target\classes;C:\Users\PC Gio\.m2\repository\org\springframework\boot\spring-boot-starter-data-jpa\3.2.4\spring-boot-starter-data-jpa-3.2.4.jar;C:\Users\PC Gio\.m2\repository\org\springframework\boot\spring-boot-starter-aop\3.2.4\spring-boot-starter-aop-3.2.4.jar;C:\Users\PC Gio\.m2\repository\org\springframework\spring-aop\6.1.5\spring-aop-6.1.5.jar;C:\Users\PC Gio\.m2\repository\org\aspectj\aspectjweaver\1.9.21\aspectjweaver-1.9.21.jar;C:\Users\PC Gio\.m2\repository\org\springframework\boot\spring-boot-starter-jdbc\3.2.4\spring-boot-starter-jdbc-3.2.4.jar;C:\Users\PC Gio\.m2\repository\com\zaxxer\HikariCP\5.0.1\HikariCP-5.0.1.jar;C:\Users\PC Gio\.m2\repository\org\springframework\spring-jdbc\6.1.5\spring-jdbc-6.1.5.jar;C:\Users\PC Gio\.m2\repository\org\hibernate\orm\hibernate-core\6.4.4.Final\hibernate-core-6.4.4.Final.jar;C:\Users\PC Gio\.m2\repository\jakarta\persistence\jakarta.persistence-api\3.1.0\jakarta.persistence-api-3.1.0.jar;C:\Users\PC Gio\.m2\repository\jakarta\transaction\jakarta.transaction-api\2.0.1\jakarta.transaction-api-2.0.1.jar;C:\Users\PC Gio\.m2\repository\org\jboss\logging\jboss-logging\3.5.3.Final\jboss-logging-3.5.3.Final.jar;C:\Users\PC Gio\.m2\repository\org\hibernate\common\hibernate-commons-annotations\6.0.6.Final\hibernate-commons-annotations-6.0.6.Final.jar;C:\Users\PC Gio\.m2\repository\io\smallrye\jandex\3.1.2\jandex-3.1.2.jar;C:\Users\PC Gio\.m2\repository\com\fasterxml\classmate\1.6.0\classmate-1.6.0.jar;C:\Users\PC Gio\.m2\repository\net\bytebuddy\byte-buddy\1.14.12\byte-buddy-1.14.12.jar;C:\Users\PC Gio\.m2\repository\org\glassfish\jaxb\jaxb-runtime\4.0.5\jaxb-runtime-4.0.5.jar;C:\Users\PC Gio\.m2\repository\org\glassfish\jaxb\jaxb-core\4.0.5\jaxb-core-4.0.5.jar;C:\Users\PC Gio\.m2\repository\org\eclipse\angus\angus-activation\2.0.2\angus-activation-2.0.2.jar;C:\Users\PC Gio\.m2\repository\org\glassfish\jaxb\txw2\4.0.5\txw2-4.0.5.jar;C:\Users\PC Gio\.m2\repository\com\sun\istack\istack-commons-runtime\4.1.2\istack-commons-runtime-4.1.2.jar;C:\Users\PC Gio\.m2\repository\jakarta\inject\jakarta.inject-api\2.0.1\jakarta.inject-api-2.0.1.jar;C:\Users\PC Gio\.m2\repository\org\antlr\antlr4-runtime\4.13.0\antlr4-runtime-4.13.0.jar;C:\Users\PC Gio\.m2\repository\org\springframework\data\spring-data-jpa\3.2.4\spring-data-jpa-3.2.4.jar;C:\Users\PC Gio\.m2\repository\org\springframework\data\spring-data-commons\3.2.4\spring-data-commons-3.2.4.jar;C:\Users\PC Gio\.m2\repository\org\springframework\spring-orm\6.1.5\spring-orm-6.1.5.jar;C:\Users\PC Gio\.m2\repository\org\springframework\spring-context\6.1.5\spring-context-6.1.5.jar;C:\Users\PC Gio\.m2\repository\org\springframework\spring-tx\6.1.5\spring-tx-6.1.5.jar;C:\Users\PC Gio\.m2\repository\org\springframework\spring-beans\6.1.5\spring-beans-6.1.5.jar;C:\Users\PC Gio\.m2\repository\jakarta\annotation\jakarta.annotation-api\2.1.1\jakarta.annotation-api-2.1.1.jar;C:\Users\PC Gio\.m2\repository\org\slf4j\slf4j-api\2.0.12\slf4j-api-2.0.12.jar;C:\Users\PC Gio\.m2\repository\org\springframework\spring-aspects\6.1.5\spring-aspects-6.1.5.jar;C:\Users\PC Gio\.m2\repository\org\springframework\boot\spring-boot-starter-web\3.2.4\spring-boot-starter-web-3.2.4.jar;C:\Users\PC Gio\.m2\repository\org\springframework\boot\spring-boot-starter\3.2.4\spring-boot-starter-3.2.4.jar;C:\Users\PC Gio\.m2\repository\org\springframework\boot\spring-boot-starter-logging\3.2.4\spring-boot-starter-logging-3.2.4.jar;C:\Users\PC Gio\.m2\repository\ch\qos\logback\logback-classic\1.4.14\logback-classic-1.4.14.jar;C:\Users\PC Gio\.m2\repository\ch\qos\logback\logback-core\1.4.14\logback-core-1.4.14.jar;C:\Users\PC Gio\.m2\repository\org\apache\logging\log4j\log4j-to-slf4j\2.21.1\log4j-to-slf4j-2.21.1.jar;C:\Users\PC Gio\.m2\repository\org\apache\logging\log4j\log4j-api\2.21.1\log4j-api-2.21.1.jar;C:\Users\PC Gio\.m2\repository\org\slf4j\jul-to-slf4j\2.0.12\jul-to-slf4j-2.0.12.jar;C:\Users\PC Gio\.m2\repository\org\yaml\snakeyaml\2.2\snakeyaml-2.2.jar;C:\Users\PC Gio\.m2\repository\org\springframework\boot\spring-boot-starter-json\3.2.4\spring-boot-starter-json-3.2.4.jar;C:\Users\PC Gio\.m2\repository\com\fasterxml\jackson\core\jackson-databind\2.15.4\jackson-databind-2.15.4.jar;C:\Users\PC Gio\.m2\repository\com\fasterxml\jackson\core\jackson-annotations\2.15.4\jackson-annotations-2.15.4.jar;C:\Users\PC Gio\.m2\repository\com\fasterxml\jackson\core\jackson-core\2.15.4\jackson-core-2.15.4.jar;C:\Users\PC Gio\.m2\repository\com\fasterxml\jackson\datatype\jackson-datatype-jdk8\2.15.4\jackson-datatype-jdk8-2.15.4.jar;C:\Users\PC Gio\.m2\repository\com\fasterxml\jackson\datatype\jackson-datatype-jsr310\2.15.4\jackson-datatype-jsr310-2.15.4.jar;C:\Users\PC Gio\.m2\repository\com\fasterxml\jackson\module\jackson-module-parameter-names\2.15.4\jackson-module-parameter-names-2.15.4.jar;C:\Users\PC Gio\.m2\repository\org\springframework\boot\spring-boot-starter-tomcat\3.2.4\spring-boot-starter-tomcat-3.2.4.jar;C:\Users\PC Gio\.m2\repository\org\apache\tomcat\embed\tomcat-embed-core\10.1.19\tomcat-embed-core-10.1.19.jar;C:\Users\PC Gio\.m2\repository\org\apache\tomcat\embed\tomcat-embed-websocket\10.1.19\tomcat-embed-websocket-10.1.19.jar;C:\Users\PC Gio\.m2\repository\org\springframework\spring-web\6.1.5\spring-web-6.1.5.jar;C:\Users\PC Gio\.m2\repository\io\micrometer\micrometer-observation\1.12.4\micrometer-observation-1.12.4.jar;C:\Users\PC Gio\.m2\repository\io\micrometer\micrometer-commons\1.12.4\micrometer-commons-1.12.4.jar;C:\Users\PC Gio\.m2\repository\org\springframework\spring-webmvc\6.1.5\spring-webmvc-6.1.5.jar;C:\Users\PC Gio\.m2\repository\org\springframework\spring-expression\6.1.5\spring-expression-6.1.5.jar;C:\Users\PC Gio\.m2\repository\org\springframework\boot\spring-boot-devtools\3.2.4\spring-boot-devtools-3.2.4.jar;C:\Users\PC Gio\.m2\repository\org\springframework\boot\spring-boot\3.2.4\spring-boot-3.2.4.jar;C:\Users\PC Gio\.m2\repository\org\springframework\boot\spring-boot-autoconfigure\3.2.4\spring-boot-autoconfigure-3.2.4.jar;C:\Users\PC Gio\.m2\repository\com\oracle\database\jdbc\ojdbc11\21.9.0.0\ojdbc11-21.9.0.0.jar;C:\Users\PC Gio\.m2\repository\org\projectlombok\lombok\1.18.30\lombok-1.18.30.jar;C:\Users\PC Gio\.m2\repository\org\springframework\boot\spring-boot-starter-test\3.2.4\spring-boot-starter-test-3.2.4.jar;C:\Users\PC Gio\.m2\repository\org\springframework\boot\spring-boot-test\3.2.4\spring-boot-test-3.2.4.jar;C:\Users\PC Gio\.m2\repository\org\springframework\boot\spring-boot-test-autoconfigure\3.2.4\spring-boot-test-autoconfigure-3.2.4.jar;C:\Users\PC Gio\.m2\repository\com\jayway\jsonpath\json-path\2.9.0\json-path-2.9.0.jar;C:\Users\PC Gio\.m2\repository\jakarta\xml\bind\jakarta.xml.bind-api\4.0.2\jakarta.xml.bind-api-4.0.2.jar;C:\Users\PC Gio\.m2\repository\jakarta\activation\jakarta.activation-api\2.1.3\jakarta.activation-api-2.1.3.jar;C:\Users\PC Gio\.m2\repository\net\minidev\json-smart\2.5.0\json-smart-2.5.0.jar;C:\Users\PC Gio\.m2\repository\net\minidev\accessors-smart\2.5.0\accessors-smart-2.5.0.jar;C:\Users\PC Gio\.m2\repository\org\ow2\asm\asm\9.3\asm-9.3.jar;C:\Users\PC Gio\.m2\repository\org\assertj\assertj-core\3.24.2\assertj-core-3.24.2.jar;C:\Users\PC Gio\.m2\repository\org\awaitility\awaitility\4.2.0\awaitility-4.2.0.jar;C:\Users\PC Gio\.m2\repository\org\hamcrest\hamcrest\2.2\hamcrest-2.2.jar;C:\Users\PC Gio\.m2\repository\org\junit\jupiter\junit-jupiter\5.10.2\junit-jupiter-5.10.2.jar;C:\Users\PC Gio\.m2\repository\org\junit\jupiter\junit-jupiter-api\5.10.2\junit-jupiter-api-5.10.2.jar;C:\Users\PC Gio\.m2\repository\org\opentest4j\opentest4j\1.3.0\opentest4j-1.3.0.jar;C:\Users\PC Gio\.m2\repository\org\junit\platform\junit-platform-commons\1.10.2\junit-platform-commons-1.10.2.jar;C:\Users\PC Gio\.m2\repository\org\apiguardian\apiguardian-api\1.1.2\apiguardian-api-1.1.2.jar;C:\Users\PC Gio\.m2\repository\org\junit\jupiter\junit-jupiter-params\5.10.2\junit-jupiter-params-5.10.2.jar;C:\Users\PC Gio\.m2\repository\org\junit\jupiter\junit-jupiter-engine\5.10.2\junit-jupiter-engine-5.10.2.jar;C:\Users\PC Gio\.m2\repository\org\junit\platform\junit-platform-engine\1.10.2\junit-platform-engine-1.10.2.jar;C:\Users\PC Gio\.m2\repository\org\mockito\mockito-core\5.7.0\mockito-core-5.7.0.jar;C:\Users\PC Gio\.m2\repository\net\bytebuddy\byte-buddy-agent\1.14.12\byte-buddy-agent-1.14.12.jar;C:\Users\PC Gio\.m2\repository\org\objenesis\objenesis\3.3\objenesis-3.3.jar;C:\Users\PC Gio\.m2\repository\org\mockito\mockito-junit-jupiter\5.7.0\mockito-junit-jupiter-5.7.0.jar;C:\Users\PC Gio\.m2\repository\org\skyscreamer\jsonassert\1.5.1\jsonassert-1.5.1.jar;C:\Users\PC Gio\.m2\repository\com\vaadin\external\google\android-json\0.0.20131108.vaadin1\android-json-0.0.20131108.vaadin1.jar;C:\Users\PC Gio\.m2\repository\org\springframework\spring-core\6.1.5\spring-core-6.1.5.jar;C:\Users\PC Gio\.m2\repository\org\springframework\spring-jcl\6.1.5\spring-jcl-6.1.5.jar;C:\Users\PC Gio\.m2\repository\org\springframework\spring-test\6.1.5\spring-test-6.1.5.jar;C:\Users\PC Gio\.m2\repository\org\xmlunit\xmlunit-core\2.9.1\xmlunit-core-2.9.1.jar;C:\Users\PC Gio\.m2\repository\com\oracle\database\security\oraclepki\21.5.0.0\oraclepki-21.5.0.0.jar;C:\Users\PC Gio\.m2\repository\com\oracle\database\security\osdt_cert\21.5.0.0\osdt_cert-21.5.0.0.jar;C:\Users\PC Gio\.m2\repository\com\oracle\database\security\osdt_core\21.5.0.0\osdt_core-21.5.0.0.jar;C:\Users\PC Gio\.m2\repository\org\springframework\boot\spring-boot-starter-validation\3.2.4\spring-boot-starter-validation-3.2.4.jar;C:\Users\PC Gio\.m2\repository\org\apache\tomcat\embed\tomcat-embed-el\10.1.19\tomcat-embed-el-10.1.19.jar;C:\Users\PC Gio\.m2\repository\org\hibernate\validator\hibernate-validator\8.0.1.Final\hibernate-validator-8.0.1.Final.jar;C:\Users\PC Gio\.m2\repository\jakarta\validation\jakarta.validation-api\3.0.2\jakarta.validation-api-3.0.2.jar;C:\Users\PC Gio\.m2\repository\org\springframework\boot\spring-boot-starter-hateoas\3.2.4\spring-boot-starter-hateoas-3.2.4.jar;C:\Users\PC Gio\.m2\repository\org\springframework\hateoas\spring-hateoas\2.2.1\spring-hateoas-2.2.1.jar;C:\Users\PC Gio\.m2\repository\org\springframework\plugin\spring-plugin-core\3.0.0\spring-plugin-core-3.0.0.jar;, sun.cpu.endian=little, hibernate.cdi.extensions=true, user.home=C:\Users\PC Gio, user.language=es, java.specification.vendor=Oracle Corporation, java.version.date=2024-01-16, java.home=C:\Program Files\Java\jdk-21, file.separator=\, basedir=C:\Users\PC Gio\Documents\GitHub\sumativa2_microservicio_B\demo, java.vm.compressedOopsMode=Zero based, line.separator=
, hibernate.persistenceUnitName=default, java.vm.specification.vendor=Oracle Corporation, java.specification.name=Java Platform API Specification, FILE_LOG_CHARSET=UTF-8, hibernate.transaction.coordinator_class=class org.hibernate.resource.transaction.backend.jdbc.internal.JdbcResourceLocalTransactionCoordinatorBuilderImpl, java.awt.headless=true, surefire.real.class.path=C:\Users\PC Gio\AppData\Local\Temp\surefire13580204357881507005\surefirebooter-20240428144206179_3.jar, jakarta.persistence.validation.mode=AUTO, user.script=, sun.management.compiler=HotSpot 64-Bit Tiered Compilers, java.runtime.version=21.0.2+13-LTS-58, user.name=PC Gio, stdout.encoding=Cp1252, path.separator=;, os.version=10.0, java.runtime.name=Java(TM) SE Runtime Environment, file.encoding=UTF-8, java.vm.name=Java HotSpot(TM) 64-Bit Server VM, hibernate.show_sql=true, localRepository=C:\Users\PC Gio\.m2\repository, java.vendor.url.bug=https://bugreport.java.com/bugreport/, java.io.tmpdir=C:\Users\PCGIO~1\AppData\Local\Temp\, java.version=21.0.2, hibernate.physical_naming_strategy=org.hibernate.boot.model.naming.CamelCaseToUnderscoresNamingStrategy, user.dir=C:\Users\PC Gio\Documents\GitHub\sumativa2_microservicio_B\demo, os.arch=amd64, java.vm.specification.name=Java Virtual Machine Specification, PID=7452, sun.os.patch.level=, CONSOLE_LOG_CHARSET=UTF-8, hibernate.boot.CfgXmlAccessService.key=org.hibernate.boot.registry.StandardServiceRegistryBuilder$1@d332ebc, native.encoding=Cp1252, java.library.path=C:\Program Files\Java\jdk-21\bin;C:\Windows\Sun\Java\bin;C:\Windows\system32;C:\Windows;C:\Program Files\Common Files\Oracle\Java\javapath;C:\Oracle\bin;C:\Windows\system32;C:\Windows;C:\Windows\System32\Wbem;C:\Windows\System32\WindowsPowerShell\v1.0\;C:\Windows\System32\OpenSSH\;C:\Program Files\NVIDIA Corporation\NVIDIA NvDLISR;C:\Program Files (x86)\NVIDIA Corporation\PhysX\Common;C:\Program Files\Java\jdk-21;C:\Program Files\Git\cmd;C:\Program Files\Maven\apache-maven-3.9.6\bin;;C:\Program Files\Docker\Docker\resources\bin;C:\Users\PC Gio\AppData\Local\Microsoft\WindowsApps;C:\Users\PC Gio\AppData\Local\Programs\Microsoft VS Code\bin;C:\Users\PC Gio\AppData\Local\GitHubDesktop\bin;., stderr.encoding=Cp1252, java.vendor=Oracle Corporation, java.vm.info=mixed mode, sharing, java.vm.version=21.0.2+13-LTS-58, sun.io.unicode.encoding=UnicodeLittle, hibernate.archive.scanner=org.hibernate.boot.archive.scan.internal.DisabledScanner, hibernate.connection.datasource=HikariDataSource (HikariPool-2), java.class.version=65.0}
2024-04-28T14:42:12.261-04:00 DEBUG 7452 --- [           main] o.hibernate.internal.SessionFactoryImpl  : Session factory constructed with filter configurations : {}
2024-04-28T14:42:12.261-04:00 DEBUG 7452 --- [           main] o.h.v.i.xml.config.ValidationXmlParser   : Trying to load META-INF/validation.xml for XML based Validator configuration.
2024-04-28T14:42:12.261-04:00 DEBUG 7452 --- [           main] o.h.v.i.xml.config.ResourceLoaderHelper  : Trying to load META-INF/validation.xml via TCCL
2024-04-28T14:42:12.261-04:00 DEBUG 7452 --- [           main] o.h.v.i.xml.config.ResourceLoaderHelper  : Trying to load META-INF/validation.xml via Hibernate Validator's class loader
2024-04-28T14:42:12.261-04:00 DEBUG 7452 --- [           main] o.h.v.i.xml.config.ValidationXmlParser   : No META-INF/validation.xml found. Using annotation based configuration only.
2024-04-28T14:42:12.261-04:00 DEBUG 7452 --- [           main] o.h.v.i.e.resolver.TraversableResolvers  : Found jakarta.persistence.Persistence on classpath containing 'getPersistenceUtil'. Assuming JPA 2 environment. Trying to instantiate JPA aware TraversableResolver
2024-04-28T14:42:12.261-04:00 DEBUG 7452 --- [           main] o.h.v.i.e.resolver.TraversableResolvers  : Instantiated JPA aware TraversableResolver of type org.hibernate.validator.internal.engine.resolver.JPATraversableResolver.
2024-04-28T14:42:12.261-04:00 DEBUG 7452 --- [           main] .h.v.m.ResourceBundleMessageInterpolator : Loaded expression factory via original TCCL
2024-04-28T14:42:12.262-04:00 DEBUG 7452 --- [           main] .i.e.ValidatorFactoryConfigurationHelper : HV000252: Using org.hibernate.validator.internal.engine.DefaultPropertyNodeNameProvider as property node name provider.
2024-04-28T14:42:12.262-04:00 DEBUG 7452 --- [           main] .i.e.ValidatorFactoryConfigurationHelper : HV000234: Using org.hibernate.validator.messageinterpolation.ResourceBundleMessageInterpolator as ValidatorFactory-scoped message interpolator.
2024-04-28T14:42:12.262-04:00 DEBUG 7452 --- [           main] .i.e.ValidatorFactoryConfigurationHelper : HV000234: Using org.hibernate.validator.internal.engine.resolver.JPATraversableResolver as ValidatorFactory-scoped traversable resolver.
2024-04-28T14:42:12.262-04:00 DEBUG 7452 --- [           main] .i.e.ValidatorFactoryConfigurationHelper : HV000234: Using org.hibernate.validator.internal.util.ExecutableParameterNameProvider as ValidatorFactory-scoped parameter name provider.
2024-04-28T14:42:12.262-04:00 DEBUG 7452 --- [           main] .i.e.ValidatorFactoryConfigurationHelper : HV000234: Using org.hibernate.validator.internal.engine.DefaultClockProvider as ValidatorFactory-scoped clock provider.
2024-04-28T14:42:12.262-04:00 DEBUG 7452 --- [           main] .i.e.ValidatorFactoryConfigurationHelper : HV000234: Using org.hibernate.validator.internal.engine.scripting.DefaultScriptEvaluatorFactory as ValidatorFactory-scoped script evaluator factory.
2024-04-28T14:42:12.262-04:00 DEBUG 7452 --- [           main] o.h.boot.internal.ClassLoaderAccessImpl  : Not known whether passed class name [com.example.demo.model.Paciente] is safe
2024-04-28T14:42:12.262-04:00 DEBUG 7452 --- [           main] o.h.boot.internal.ClassLoaderAccessImpl  : No temp ClassLoader provided; using live ClassLoader for loading potentially unsafe class : com.example.demo.model.Paciente
2024-04-28T14:42:12.264-04:00 DEBUG 7452 --- [           main] o.h.boot.internal.ClassLoaderAccessImpl  : Not known whether passed class name [com.example.demo.model.ConsultaMedica] is safe
2024-04-28T14:42:12.264-04:00 DEBUG 7452 --- [           main] o.h.boot.internal.ClassLoaderAccessImpl  : No temp ClassLoader provided; using live ClassLoader for loading potentially unsafe class : com.example.demo.model.ConsultaMedica
2024-04-28T14:42:12.265-04:00 DEBUG 7452 --- [           main] .h.s.i.SessionFactoryServiceRegistryImpl : EventListenerRegistry access via ServiceRegistry is deprecated.  Use `sessionFactory.getEventEngine().getListenerRegistry()` instead
2024-04-28T14:42:12.265-04:00 DEBUG 7452 --- [           main] .h.t.s.s.SchemaManagementToolCoordinator : No schema actions specified for contributor `orm`; doing nothing
2024-04-28T14:42:12.266-04:00 DEBUG 7452 --- [           main] o.h.q.sqm.function.SqmFunctionRegistry   : Registered SqmFunctionTemplate [NamedSqmFunctionTemplate(max)] under max; prior registration was null
2024-04-28T14:42:12.266-04:00 DEBUG 7452 --- [           main] o.h.q.sqm.function.SqmFunctionRegistry   : Registered SqmFunctionTemplate [NamedSqmFunctionTemplate(min)] under min; prior registration was null
2024-04-28T14:42:12.266-04:00 DEBUG 7452 --- [           main] o.h.q.sqm.function.SqmFunctionRegistry   : Registered SqmFunctionTemplate [NamedSqmFunctionTemplate(sum)] under sum; prior registration was null
2024-04-28T14:42:12.266-04:00 DEBUG 7452 --- [           main] o.h.q.sqm.function.SqmFunctionRegistry   : Registered SqmFunctionTemplate [NamedSqmFunctionTemplate(avg)] under avg; prior registration was null
2024-04-28T14:42:12.266-04:00 DEBUG 7452 --- [           main] o.h.q.sqm.function.SqmFunctionRegistry   : Registered SqmFunctionTemplate [org.hibernate.dialect.function.CountFunction@6921e251] under count; prior registration was null
2024-04-28T14:42:12.266-04:00 DEBUG 7452 --- [           main] o.h.q.sqm.function.SqmFunctionRegistry   : Registered SqmFunctionTemplate [org.hibernate.dialect.function.EveryAnyEmulation@724d4c0a] under every; prior registration was null
2024-04-28T14:42:12.266-04:00 DEBUG 7452 --- [           main] o.h.q.sqm.function.SqmFunctionRegistry   : Registered SqmFunctionTemplate [org.hibernate.dialect.function.EveryAnyEmulation@2d481de0] under any; prior registration was null
2024-04-28T14:42:12.266-04:00 DEBUG 7452 --- [           main] o.h.q.sqm.function.SqmFunctionRegistry   : Registered SqmFunctionTemplate [NamedSqmFunctionTemplate(floor)] under floor; prior registration was null
2024-04-28T14:42:12.266-04:00 DEBUG 7452 --- [           main] o.h.q.sqm.function.SqmFunctionRegistry   : Registered SqmFunctionTemplate [NamedSqmFunctionTemplate(ceiling)] under ceiling; prior registration was null
2024-04-28T14:42:12.266-04:00 DEBUG 7452 --- [           main] o.h.q.sqm.function.SqmFunctionRegistry   : Registered SqmFunctionTemplate [NamedSqmFunctionTemplate(mod)] under mod; prior registration was null
2024-04-28T14:42:12.266-04:00 DEBUG 7452 --- [           main] o.h.q.sqm.function.SqmFunctionRegistry   : Registered SqmFunctionTemplate [NamedSqmFunctionTemplate(abs)] under abs; prior registration was null
2024-04-28T14:42:12.266-04:00 DEBUG 7452 --- [           main] o.h.q.sqm.function.SqmFunctionRegistry   : Registered SqmFunctionTemplate [NamedSqmFunctionTemplate(sign)] under sign; prior registration was null
2024-04-28T14:42:12.266-04:00 DEBUG 7452 --- [           main] o.h.q.sqm.function.SqmFunctionRegistry   : Registered SqmFunctionTemplate [NamedSqmFunctionTemplate(sqrt)] under sqrt; prior registration was null
2024-04-28T14:42:12.266-04:00 DEBUG 7452 --- [           main] o.h.q.sqm.function.SqmFunctionRegistry   : Registered SqmFunctionTemplate [NamedSqmFunctionTemplate(ln)] under ln; prior registration was null
2024-04-28T14:42:12.266-04:00 DEBUG 7452 --- [           main] o.h.q.sqm.function.SqmFunctionRegistry   : Registered SqmFunctionTemplate [NamedSqmFunctionTemplate(exp)] under exp; prior registration was null
2024-04-28T14:42:12.266-04:00 DEBUG 7452 --- [           main] o.h.q.sqm.function.SqmFunctionRegistry   : Registered SqmFunctionTemplate [NamedSqmFunctionTemplate(power)] under power; prior registration was null
2024-04-28T14:42:12.266-04:00 DEBUG 7452 --- [           main] o.h.q.sqm.function.SqmFunctionRegistry   : Registered SqmFunctionTemplate [NamedSqmFunctionTemplate(round)] under round; prior registration was null
2024-04-28T14:42:12.266-04:00 DEBUG 7452 --- [           main] o.h.q.sqm.function.SqmFunctionRegistry   : Registered SqmFunctionTemplate [NamedSqmFunctionTemplate(sin)] under sin; prior registration was null
2024-04-28T14:42:12.266-04:00 DEBUG 7452 --- [           main] o.h.q.sqm.function.SqmFunctionRegistry   : Registered SqmFunctionTemplate [NamedSqmFunctionTemplate(cos)] under cos; prior registration was null
2024-04-28T14:42:12.266-04:00 DEBUG 7452 --- [           main] o.h.q.sqm.function.SqmFunctionRegistry   : Registered SqmFunctionTemplate [NamedSqmFunctionTemplate(tan)] under tan; prior registration was null
2024-04-28T14:42:12.266-04:00 DEBUG 7452 --- [           main] o.h.q.sqm.function.SqmFunctionRegistry   : Registered SqmFunctionTemplate [NamedSqmFunctionTemplate(asin)] under asin; prior registration was null
2024-04-28T14:42:12.266-04:00 DEBUG 7452 --- [           main] o.h.q.sqm.function.SqmFunctionRegistry   : Registered SqmFunctionTemplate [NamedSqmFunctionTemplate(acos)] under acos; prior registration was null
2024-04-28T14:42:12.266-04:00 DEBUG 7452 --- [           main] o.h.q.sqm.function.SqmFunctionRegistry   : Registered SqmFunctionTemplate [NamedSqmFunctionTemplate(atan)] under atan; prior registration was null
2024-04-28T14:42:12.266-04:00 DEBUG 7452 --- [           main] o.h.q.sqm.function.SqmFunctionRegistry   : Registered SqmFunctionTemplate [NamedSqmFunctionTemplate(atan2)] under atan2; prior registration was null
2024-04-28T14:42:12.266-04:00 DEBUG 7452 --- [           main] o.h.q.sqm.function.SqmFunctionRegistry   : Registered SqmFunctionTemplate [org.hibernate.query.sqm.function.PatternBasedSqmFunctionDescriptor@fd9512f] under sinh; prior registration was null
2024-04-28T14:42:12.266-04:00 DEBUG 7452 --- [           main] o.h.q.sqm.function.SqmFunctionRegistry   : Registered SqmFunctionTemplate [org.hibernate.query.sqm.function.PatternBasedSqmFunctionDescriptor@698c19ef] under cosh; prior registration was null
2024-04-28T14:42:12.266-04:00 DEBUG 7452 --- [           main] o.h.q.sqm.function.SqmFunctionRegistry   : Registered SqmFunctionTemplate [org.hibernate.query.sqm.function.PatternBasedSqmFunctionDescriptor@713935c8] under tanh; prior registration was null
2024-04-28T14:42:12.266-04:00 DEBUG 7452 --- [           main] o.h.q.sqm.function.SqmFunctionRegistry   : Registered SqmFunctionTemplate [org.hibernate.query.sqm.function.PatternBasedSqmFunctionDescriptor@1cf38112] under pi; prior registration was null
2024-04-28T14:42:12.266-04:00 DEBUG 7452 --- [           main] o.h.q.sqm.function.SqmFunctionRegistry   : Registered SqmFunctionTemplate [org.hibernate.query.sqm.function.PatternBasedSqmFunctionDescriptor@59e6fb8a] under log; prior registration was null
2024-04-28T14:42:12.266-04:00 DEBUG 7452 --- [           main] o.h.q.sqm.function.SqmFunctionRegistry   : Registered SqmFunctionTemplate [NamedSqmFunctionTemplate(coalesce)] under coalesce; prior registration was null
2024-04-28T14:42:12.266-04:00 DEBUG 7452 --- [           main] o.h.q.sqm.function.SqmFunctionRegistry   : Registered SqmFunctionTemplate [NamedSqmFunctionTemplate(nullif)] under nullif; prior registration was null
2024-04-28T14:42:12.266-04:00 DEBUG 7452 --- [           main] o.h.q.sqm.function.SqmFunctionRegistry   : Registered SqmFunctionTemplate [NamedSqmFunctionTemplate(left)] under left; prior registration was null
2024-04-28T14:42:12.266-04:00 DEBUG 7452 --- [           main] o.h.q.sqm.function.SqmFunctionRegistry   : Registered SqmFunctionTemplate [NamedSqmFunctionTemplate(right)] under right; prior registration was null
2024-04-28T14:42:12.266-04:00 DEBUG 7452 --- [           main] o.h.q.sqm.function.SqmFunctionRegistry   : Registered SqmFunctionTemplate [NamedSqmFunctionTemplate(replace)] under replace; prior registration was null
2024-04-28T14:42:12.266-04:00 DEBUG 7452 --- [           main] o.h.q.sqm.function.SqmFunctionRegistry   : Registered SqmFunctionTemplate [NamedSqmFunctionTemplate(concat)] under concat; prior registration was null
2024-04-28T14:42:12.266-04:00 DEBUG 7452 --- [           main] o.h.q.sqm.function.SqmFunctionRegistry   : Registered SqmFunctionTemplate [NamedSqmFunctionTemplate(lower)] under lower; prior registration was null
2024-04-28T14:42:12.266-04:00 DEBUG 7452 --- [           main] o.h.q.sqm.function.SqmFunctionRegistry   : Registered SqmFunctionTemplate [NamedSqmFunctionTemplate(upper)] under upper; prior registration was null
2024-04-28T14:42:12.266-04:00 DEBUG 7452 --- [           main] o.h.q.sqm.function.SqmFunctionRegistry   : Registered SqmFunctionTemplate [NamedSqmFunctionTemplate(substring)] under substring; prior registration was null
2024-04-28T14:42:12.266-04:00 DEBUG 7452 --- [           main] o.h.q.sqm.function.SqmFunctionRegistry   : Registered SqmFunctionTemplate [NamedSqmFunctionTemplate(locate)] under locate; prior registration was null
2024-04-28T14:42:12.266-04:00 DEBUG 7452 --- [           main] o.h.q.sqm.function.SqmFunctionRegistry   : Registered SqmFunctionTemplate [NamedSqmFunctionTemplate(character_length)] under character_length; prior registration was null
2024-04-28T14:42:12.266-04:00 DEBUG 7452 --- [           main] o.h.q.sqm.function.SqmFunctionRegistry   : Registering alternate key : length -> character_length
2024-04-28T14:42:12.266-04:00 DEBUG 7452 --- [           main] o.h.q.sqm.function.SqmFunctionRegistry   : Registered SqmFunctionTemplate [org.hibernate.dialect.function.LocatePositionEmulation@502cd238] under position; prior registration was null
2024-04-28T14:42:12.266-04:00 DEBUG 7452 --- [           main] o.h.q.sqm.function.SqmFunctionRegistry   : Registered SqmFunctionTemplate [org.hibernate.dialect.function.InsertSubstringOverlayEmulation@68032a80] under overlay; prior registration was null
2024-04-28T14:42:12.266-04:00 DEBUG 7452 --- [           main] o.h.q.sqm.function.SqmFunctionRegistry   : Registered SqmFunctionTemplate [org.hibernate.dialect.function.TrimFunction@6878cd83] under trim; prior registration was null
2024-04-28T14:42:12.266-04:00 DEBUG 7452 --- [           main] o.h.q.sqm.function.SqmFunctionRegistry   : Registered SqmFunctionTemplate [org.hibernate.dialect.function.CastFunction@62c41ad] under cast; prior registration was null
2024-04-28T14:42:12.266-04:00 DEBUG 7452 --- [           main] o.h.q.sqm.function.SqmFunctionRegistry   : Registered SqmFunctionTemplate [org.hibernate.query.sqm.function.PatternBasedSqmFunctionDescriptor@3027fe42] under collate; prior registration was null
2024-04-28T14:42:12.266-04:00 DEBUG 7452 --- [           main] o.h.q.sqm.function.SqmFunctionRegistry   : Registered SqmFunctionTemplate [org.hibernate.dialect.function.ExtractFunction@410185ec] under extract; prior registration was null
2024-04-28T14:42:12.266-04:00 DEBUG 7452 --- [           main] o.h.q.sqm.function.SqmFunctionRegistry   : Registered SqmFunctionTemplate [NamedSqmFunctionTemplate(least)] under least; prior registration was null
2024-04-28T14:42:12.266-04:00 DEBUG 7452 --- [           main] o.h.q.sqm.function.SqmFunctionRegistry   : Registered SqmFunctionTemplate [NamedSqmFunctionTemplate(greatest)] under greatest; prior registration was null
2024-04-28T14:42:12.266-04:00 DEBUG 7452 --- [           main] o.h.q.sqm.function.SqmFunctionRegistry   : Registered SqmFunctionTemplate [org.hibernate.dialect.function.CoalesceIfnullEmulation@6f3b4c9a] under ifnull; prior registration was null
2024-04-28T14:42:12.266-04:00 DEBUG 7452 --- [           main] o.h.q.sqm.function.SqmFunctionRegistry   : Registered SqmFunctionTemplate [NamedSqmFunctionTemplate(lpad)] under lpad; prior registration was null
2024-04-28T14:42:12.266-04:00 DEBUG 7452 --- [           main] o.h.q.sqm.function.SqmFunctionRegistry   : Registered SqmFunctionTemplate [NamedSqmFunctionTemplate(rpad)] under rpad; prior registration was null
2024-04-28T14:42:12.266-04:00 DEBUG 7452 --- [           main] o.h.q.sqm.function.SqmFunctionRegistry   : Registered SqmFunctionTemplate [org.hibernate.dialect.function.LpadRpadPadEmulation@bfe49f9] under pad; prior registration was null
2024-04-28T14:42:12.266-04:00 DEBUG 7452 --- [           main] o.h.q.sqm.function.SqmFunctionRegistry   : Registered SqmFunctionTemplate [org.hibernate.dialect.function.CastStrEmulation@424632a] under str; prior registration was null
2024-04-28T14:42:12.266-04:00 DEBUG 7452 --- [           main] o.h.q.sqm.function.SqmFunctionRegistry   : Registered SqmFunctionTemplate [org.hibernate.dialect.function.FormatFunction@4947b8a7] under format; prior registration was null
2024-04-28T14:42:12.266-04:00 DEBUG 7452 --- [           main] o.h.q.sqm.function.SqmFunctionRegistry   : Registered SqmFunctionTemplate [org.hibernate.dialect.function.TimestampaddFunction@7cad6289] under timestampadd; prior registration was null
2024-04-28T14:42:12.266-04:00 DEBUG 7452 --- [           main] o.h.q.sqm.function.SqmFunctionRegistry   : Registered SqmFunctionTemplate [org.hibernate.dialect.function.TimestampdiffFunction@5655d64] under timestampdiff; prior registration was null
2024-04-28T14:42:12.266-04:00 DEBUG 7452 --- [           main] o.h.q.sqm.function.SqmFunctionRegistry   : Registering alternate key : dateadd -> timestampadd
2024-04-28T14:42:12.266-04:00 DEBUG 7452 --- [           main] o.h.q.sqm.function.SqmFunctionRegistry   : Registering alternate key : datediff -> timestampdiff
2024-04-28T14:42:12.266-04:00 DEBUG 7452 --- [           main] o.h.q.sqm.function.SqmFunctionRegistry   : Registered SqmFunctionTemplate [org.hibernate.dialect.function.CurrentFunction@22ff53d1] under current_date; prior registration was null
2024-04-28T14:42:12.266-04:00 DEBUG 7452 --- [           main] o.h.q.sqm.function.SqmFunctionRegistry   : Registered SqmFunctionTemplate [org.hibernate.dialect.function.CurrentFunction@568945a9] under current_time; prior registration was null
2024-04-28T14:42:12.266-04:00 DEBUG 7452 --- [           main] o.h.q.sqm.function.SqmFunctionRegistry   : Registered SqmFunctionTemplate [org.hibernate.dialect.function.CurrentFunction@4127dcdb] under current_timestamp; prior registration was null
2024-04-28T14:42:12.266-04:00 DEBUG 7452 --- [           main] o.h.q.sqm.function.SqmFunctionRegistry   : Registering alternate key : current date -> current_date
2024-04-28T14:42:12.266-04:00 DEBUG 7452 --- [           main] o.h.q.sqm.function.SqmFunctionRegistry   : Registering alternate key : current time -> current_time
2024-04-28T14:42:12.266-04:00 DEBUG 7452 --- [           main] o.h.q.sqm.function.SqmFunctionRegistry   : Registering alternate key : current timestamp -> current_timestamp
2024-04-28T14:42:12.266-04:00 DEBUG 7452 --- [           main] o.h.q.sqm.function.SqmFunctionRegistry   : Registered SqmFunctionTemplate [org.hibernate.dialect.function.CurrentFunction@6e8627e6] under local_date; prior registration was null
2024-04-28T14:42:12.266-04:00 DEBUG 7452 --- [           main] o.h.q.sqm.function.SqmFunctionRegistry   : Registered SqmFunctionTemplate [org.hibernate.dialect.function.CurrentFunction@36bf903c] under local_time; prior registration was null
2024-04-28T14:42:12.266-04:00 DEBUG 7452 --- [           main] o.h.q.sqm.function.SqmFunctionRegistry   : Registered SqmFunctionTemplate [org.hibernate.dialect.function.CurrentFunction@2a073f4f] under local_datetime; prior registration was null
2024-04-28T14:42:12.266-04:00 DEBUG 7452 --- [           main] o.h.q.sqm.function.SqmFunctionRegistry   : Registered SqmFunctionTemplate [org.hibernate.dialect.function.CurrentFunction@55b9ffd0] under offset_datetime; prior registration was null
2024-04-28T14:42:12.266-04:00 DEBUG 7452 --- [           main] o.h.q.sqm.function.SqmFunctionRegistry   : Registering alternate key : local date -> local_date
2024-04-28T14:42:12.266-04:00 DEBUG 7452 --- [           main] o.h.q.sqm.function.SqmFunctionRegistry   : Registering alternate key : local time -> local_time
2024-04-28T14:42:12.266-04:00 DEBUG 7452 --- [           main] o.h.q.sqm.function.SqmFunctionRegistry   : Registering alternate key : local datetime -> local_datetime
2024-04-28T14:42:12.266-04:00 DEBUG 7452 --- [           main] o.h.q.sqm.function.SqmFunctionRegistry   : Registering alternate key : offset datetime -> offset_datetime
2024-04-28T14:42:12.266-04:00 DEBUG 7452 --- [           main] o.h.q.sqm.function.SqmFunctionRegistry   : Registered SqmFunctionTemplate [org.hibernate.dialect.function.CurrentFunction@a5f5b96] under instant; prior registration was null
2024-04-28T14:42:12.266-04:00 DEBUG 7452 --- [           main] o.h.q.sqm.function.SqmFunctionRegistry   : Registering alternate key : current_instant -> instant
2024-04-28T14:42:12.266-04:00 DEBUG 7452 --- [           main] o.h.q.sqm.function.SqmFunctionRegistry   : Registered SqmFunctionTemplate [org.hibernate.dialect.function.SqlFunction@40ab1491] under sql; prior registration was null
2024-04-28T14:42:12.266-04:00 DEBUG 7452 --- [           main] o.h.q.sqm.function.SqmFunctionRegistry   : Registered SqmFunctionTemplate [NamedSqmFunctionTemplate(ascii)] under ascii; prior registration was null
2024-04-28T14:42:12.266-04:00 DEBUG 7452 --- [           main] o.h.q.sqm.function.SqmFunctionRegistry   : Registered SqmFunctionTemplate [NamedSqmFunctionTemplate(chr)] under chr; prior registration was null
2024-04-28T14:42:12.266-04:00 DEBUG 7452 --- [           main] o.h.q.sqm.function.SqmFunctionRegistry   : Registering alternate key : char -> chr
2024-04-28T14:42:12.266-04:00 DEBUG 7452 --- [           main] o.h.q.sqm.function.SqmFunctionRegistry   : Registered SqmFunctionTemplate [NamedSqmFunctionTemplate(cosh)] under cosh; prior registration was org.hibernate.query.sqm.function.PatternBasedSqmFunctionDescriptor@698c19ef
2024-04-28T14:42:12.266-04:00 DEBUG 7452 --- [           main] o.h.q.sqm.function.SqmFunctionRegistry   : Registered SqmFunctionTemplate [NamedSqmFunctionTemplate(sinh)] under sinh; prior registration was org.hibernate.query.sqm.function.PatternBasedSqmFunctionDescriptor@fd9512f
2024-04-28T14:42:12.266-04:00 DEBUG 7452 --- [           main] o.h.q.sqm.function.SqmFunctionRegistry   : Registered SqmFunctionTemplate [NamedSqmFunctionTemplate(tanh)] under tanh; prior registration was org.hibernate.query.sqm.function.PatternBasedSqmFunctionDescriptor@713935c8
2024-04-28T14:42:12.267-04:00 DEBUG 7452 --- [           main] o.h.q.sqm.function.SqmFunctionRegistry   : Registered SqmFunctionTemplate [NamedSqmFunctionTemplate(log)] under log; prior registration was org.hibernate.query.sqm.function.PatternBasedSqmFunctionDescriptor@59e6fb8a
2024-04-28T14:42:12.267-04:00 DEBUG 7452 --- [           main] o.h.q.sqm.function.SqmFunctionRegistry   : Registered SqmFunctionTemplate [org.hibernate.query.sqm.function.PatternBasedSqmFunctionDescriptor@5345b68c] under log10; prior registration was null
2024-04-28T14:42:12.267-04:00 DEBUG 7452 --- [           main] o.h.q.sqm.function.SqmFunctionRegistry   : Registered SqmFunctionTemplate [NamedSqmFunctionTemplate(soundex)] under soundex; prior registration was null
2024-04-28T14:42:12.267-04:00 DEBUG 7452 --- [           main] o.h.q.sqm.function.SqmFunctionRegistry   : Registered SqmFunctionTemplate [NamedSqmFunctionTemplate(ltrim)] under ltrim; prior registration was null
2024-04-28T14:42:12.267-04:00 DEBUG 7452 --- [           main] o.h.q.sqm.function.SqmFunctionRegistry   : Registered SqmFunctionTemplate [NamedSqmFunctionTemplate(rtrim)] under rtrim; prior registration was null
2024-04-28T14:42:12.267-04:00 DEBUG 7452 --- [           main] o.h.q.sqm.function.SqmFunctionRegistry   : Registered SqmFunctionTemplate [NamedSqmFunctionTemplate(initcap)] under initcap; prior registration was null
2024-04-28T14:42:12.267-04:00 DEBUG 7452 --- [           main] o.h.q.sqm.function.SqmFunctionRegistry   : Registered SqmFunctionTemplate [NamedSqmFunctionTemplate(instr)] under instr; prior registration was null
2024-04-28T14:42:12.267-04:00 DEBUG 7452 --- [           main] o.h.q.sqm.function.SqmFunctionRegistry   : Registered SqmFunctionTemplate [NamedSqmFunctionTemplate(substr)] under substr; prior registration was null
2024-04-28T14:42:12.267-04:00 DEBUG 7452 --- [           main] o.h.q.sqm.function.SqmFunctionRegistry   : Registered SqmFunctionTemplate [NamedSqmFunctionTemplate(substr)] under substring; prior registration was NamedSqmFunctionTemplate(substring)
2024-04-28T14:42:12.267-04:00 DEBUG 7452 --- [           main] o.h.q.sqm.function.SqmFunctionRegistry   : Registered SqmFunctionTemplate [org.hibernate.query.sqm.function.PatternBasedSqmFunctionDescriptor@4998944b] under left; prior registration was NamedSqmFunctionTemplate(left)
2024-04-28T14:42:12.267-04:00 DEBUG 7452 --- [           main] o.h.q.sqm.function.SqmFunctionRegistry   : Registered SqmFunctionTemplate [org.hibernate.query.sqm.function.PatternBasedSqmFunctionDescriptor@39ebf505] under right; prior registration was NamedSqmFunctionTemplate(right)
2024-04-28T14:42:12.267-04:00 DEBUG 7452 --- [           main] o.h.q.sqm.function.SqmFunctionRegistry   : Registered SqmFunctionTemplate [NamedSqmFunctionTemplate(translate)] under translate; prior registration was null
2024-04-28T14:42:12.267-04:00 DEBUG 7452 --- [           main] o.h.q.sqm.function.SqmFunctionRegistry   : Registered SqmFunctionTemplate [NamedSqmFunctionTemplate(bitand)] under bitand; prior registration was null
2024-04-28T14:42:12.267-04:00 DEBUG 7452 --- [           main] o.h.q.sqm.function.SqmFunctionRegistry   : Registered SqmFunctionTemplate [NamedSqmFunctionTemplate(last_day)] under last_day; prior registration was null
2024-04-28T14:42:12.267-04:00 DEBUG 7452 --- [           main] o.h.q.sqm.function.SqmFunctionRegistry   : Registered SqmFunctionTemplate [NamedSqmFunctionTemplate(to_number)] under to_number; prior registration was null
2024-04-28T14:42:12.267-04:00 DEBUG 7452 --- [           main] o.h.q.sqm.function.SqmFunctionRegistry   : Registered SqmFunctionTemplate [NamedSqmFunctionTemplate(to_char)] under to_char; prior registration was null
2024-04-28T14:42:12.267-04:00 DEBUG 7452 --- [           main] o.h.q.sqm.function.SqmFunctionRegistry   : Registered SqmFunctionTemplate [NamedSqmFunctionTemplate(to_date)] under to_date; prior registration was null
2024-04-28T14:42:12.267-04:00 DEBUG 7452 --- [           main] o.h.q.sqm.function.SqmFunctionRegistry   : Registered SqmFunctionTemplate [NamedSqmFunctionTemplate(to_timestamp)] under to_timestamp; prior registration was null
2024-04-28T14:42:12.267-04:00 DEBUG 7452 --- [           main] o.h.q.sqm.function.SqmFunctionRegistry   : Registered SqmFunctionTemplate [NamedSqmFunctionTemplate(ceil)] under ceil; prior registration was null
2024-04-28T14:42:12.267-04:00 DEBUG 7452 --- [           main] o.h.q.sqm.function.SqmFunctionRegistry   : Registering alternate key : ceiling -> ceil
2024-04-28T14:42:12.267-04:00 DEBUG 7452 --- [           main] o.h.q.sqm.function.SqmFunctionRegistry   : Registered SqmFunctionTemplate [org.hibernate.query.sqm.function.PatternBasedSqmFunctionDescriptor@217c7135] under concat; prior registration was NamedSqmFunctionTemplate(concat)
2024-04-28T14:42:12.267-04:00 DEBUG 7452 --- [           main] o.h.q.sqm.function.SqmFunctionRegistry   : Registered SqmFunctionTemplate [NamedSqmFunctionTemplate(rowid)] under rowid; prior registration was null
2024-04-28T14:42:12.267-04:00 DEBUG 7452 --- [           main] o.h.q.sqm.function.SqmFunctionRegistry   : Registered SqmFunctionTemplate [NamedSqmFunctionTemplate(rownum)] under rownum; prior registration was null
2024-04-28T14:42:12.267-04:00 DEBUG 7452 --- [           main] o.h.q.sqm.function.SqmFunctionRegistry   : Registered SqmFunctionTemplate [NamedSqmFunctionTemplate(sysdate)] under sysdate; prior registration was null
2024-04-28T14:42:12.267-04:00 DEBUG 7452 --- [           main] o.h.q.sqm.function.SqmFunctionRegistry   : Registered SqmFunctionTemplate [NamedSqmFunctionTemplate(systimestamp)] under systimestamp; prior registration was null
2024-04-28T14:42:12.267-04:00 DEBUG 7452 --- [           main] o.h.q.sqm.function.SqmFunctionRegistry   : Registered SqmFunctionTemplate [NamedSqmFunctionTemplate(add_months)] under add_months; prior registration was null
2024-04-28T14:42:12.267-04:00 DEBUG 7452 --- [           main] o.h.q.sqm.function.SqmFunctionRegistry   : Registered SqmFunctionTemplate [NamedSqmFunctionTemplate(months_between)] under months_between; prior registration was null
2024-04-28T14:42:12.267-04:00 DEBUG 7452 --- [           main] o.h.q.sqm.function.SqmFunctionRegistry   : Registered SqmFunctionTemplate [org.hibernate.dialect.function.MinMaxCaseEveryAnyEmulation@5f735240] under every; prior registration was org.hibernate.dialect.function.EveryAnyEmulation@724d4c0a
2024-04-28T14:42:12.267-04:00 DEBUG 7452 --- [           main] o.h.q.sqm.function.SqmFunctionRegistry   : Registered SqmFunctionTemplate [org.hibernate.dialect.function.MinMaxCaseEveryAnyEmulation@52c4bf29] under any; prior registration was org.hibernate.dialect.function.EveryAnyEmulation@2d481de0
2024-04-28T14:42:12.267-04:00 DEBUG 7452 --- [           main] o.h.q.sqm.function.SqmFunctionRegistry   : Registered SqmFunctionTemplate [org.hibernate.query.sqm.function.PatternBasedSqmFunctionDescriptor@34612ba9] under repeat; prior registration was null
2024-04-28T14:42:12.267-04:00 DEBUG 7452 --- [           main] o.h.q.sqm.function.SqmFunctionRegistry   : Registered SqmFunctionTemplate [org.hibernate.query.sqm.function.PatternBasedSqmFunctionDescriptor@765611c9] under radians; prior registration was null
2024-04-28T14:42:12.267-04:00 DEBUG 7452 --- [           main] o.h.q.sqm.function.SqmFunctionRegistry   : Registered SqmFunctionTemplate [org.hibernate.query.sqm.function.PatternBasedSqmFunctionDescriptor@33f2ac11] under degrees; prior registration was null
2024-04-28T14:42:12.267-04:00 DEBUG 7452 --- [           main] o.h.q.sqm.function.SqmFunctionRegistry   : Registered SqmFunctionTemplate [NamedSqmFunctionTemplate(median)] under median; prior registration was null
2024-04-28T14:42:12.267-04:00 DEBUG 7452 --- [           main] o.h.q.sqm.function.SqmFunctionRegistry   : Registered SqmFunctionTemplate [NamedSqmFunctionTemplate(stddev)] under stddev; prior registration was null
2024-04-28T14:42:12.267-04:00 DEBUG 7452 --- [           main] o.h.q.sqm.function.SqmFunctionRegistry   : Registered SqmFunctionTemplate [NamedSqmFunctionTemplate(stddev_pop)] under stddev_pop; prior registration was null
2024-04-28T14:42:12.267-04:00 DEBUG 7452 --- [           main] o.h.q.sqm.function.SqmFunctionRegistry   : Registered SqmFunctionTemplate [NamedSqmFunctionTemplate(stddev_samp)] under stddev_samp; prior registration was null
2024-04-28T14:42:12.267-04:00 DEBUG 7452 --- [           main] o.h.q.sqm.function.SqmFunctionRegistry   : Registered SqmFunctionTemplate [NamedSqmFunctionTemplate(variance)] under variance; prior registration was null
2024-04-28T14:42:12.267-04:00 DEBUG 7452 --- [           main] o.h.q.sqm.function.SqmFunctionRegistry   : Registered SqmFunctionTemplate [NamedSqmFunctionTemplate(var_pop)] under var_pop; prior registration was null
2024-04-28T14:42:12.267-04:00 DEBUG 7452 --- [           main] o.h.q.sqm.function.SqmFunctionRegistry   : Registered SqmFunctionTemplate [NamedSqmFunctionTemplate(var_samp)] under var_samp; prior registration was null
2024-04-28T14:42:12.267-04:00 DEBUG 7452 --- [           main] o.h.q.sqm.function.SqmFunctionRegistry   : Registered SqmFunctionTemplate [NamedSqmFunctionTemplate(covar_pop)] under covar_pop; prior registration was null
2024-04-28T14:42:12.267-04:00 DEBUG 7452 --- [           main] o.h.q.sqm.function.SqmFunctionRegistry   : Registered SqmFunctionTemplate [NamedSqmFunctionTemplate(covar_samp)] under covar_samp; prior registration was null
2024-04-28T14:42:12.267-04:00 DEBUG 7452 --- [           main] o.h.q.sqm.function.SqmFunctionRegistry   : Registered SqmFunctionTemplate [NamedSqmFunctionTemplate(corr)] under corr; prior registration was null
2024-04-28T14:42:12.267-04:00 DEBUG 7452 --- [           main] o.h.q.sqm.function.SqmFunctionRegistry   : Registered SqmFunctionTemplate [NamedSqmFunctionTemplate(regr_avgx)] under regr_avgx; prior registration was null
2024-04-28T14:42:12.267-04:00 DEBUG 7452 --- [           main] o.h.q.sqm.function.SqmFunctionRegistry   : Registered SqmFunctionTemplate [NamedSqmFunctionTemplate(regr_avgy)] under regr_avgy; prior registration was null
2024-04-28T14:42:12.267-04:00 DEBUG 7452 --- [           main] o.h.q.sqm.function.SqmFunctionRegistry   : Registered SqmFunctionTemplate [NamedSqmFunctionTemplate(regr_count)] under regr_count; prior registration was null
2024-04-28T14:42:12.267-04:00 DEBUG 7452 --- [           main] o.h.q.sqm.function.SqmFunctionRegistry   : Registered SqmFunctionTemplate [NamedSqmFunctionTemplate(regr_intercept)] under regr_intercept; prior registration was null
2024-04-28T14:42:12.267-04:00 DEBUG 7452 --- [           main] o.h.q.sqm.function.SqmFunctionRegistry   : Registered SqmFunctionTemplate [NamedSqmFunctionTemplate(regr_r2)] under regr_r2; prior registration was null
2024-04-28T14:42:12.267-04:00 DEBUG 7452 --- [           main] o.h.q.sqm.function.SqmFunctionRegistry   : Registered SqmFunctionTemplate [NamedSqmFunctionTemplate(regr_slope)] under regr_slope; prior registration was null
2024-04-28T14:42:12.267-04:00 DEBUG 7452 --- [           main] o.h.q.sqm.function.SqmFunctionRegistry   : Registered SqmFunctionTemplate [NamedSqmFunctionTemplate(regr_sxx)] under regr_sxx; prior registration was null
2024-04-28T14:42:12.267-04:00 DEBUG 7452 --- [           main] o.h.q.sqm.function.SqmFunctionRegistry   : Registered SqmFunctionTemplate [NamedSqmFunctionTemplate(regr_sxy)] under regr_sxy; prior registration was null
2024-04-28T14:42:12.267-04:00 DEBUG 7452 --- [           main] o.h.q.sqm.function.SqmFunctionRegistry   : Registered SqmFunctionTemplate [NamedSqmFunctionTemplate(regr_syy)] under regr_syy; prior registration was null
2024-04-28T14:42:12.267-04:00 DEBUG 7452 --- [           main] o.h.q.sqm.function.SqmFunctionRegistry   : Registered SqmFunctionTemplate [org.hibernate.dialect.function.LengthFunction@44b860b1] under length; prior registration was null
2024-04-28T14:42:12.267-04:00 DEBUG 7452 --- [           main] o.h.q.sqm.function.SqmFunctionRegistry   : Registering alternate key : character_length -> length
2024-04-28T14:42:12.267-04:00 DEBUG 7452 --- [           main] o.h.q.sqm.function.SqmFunctionRegistry   : Registered SqmFunctionTemplate [org.hibernate.dialect.function.LengthFunction@793937ec] under octet_length; prior registration was null
2024-04-28T14:42:12.267-04:00 DEBUG 7452 --- [           main] o.h.q.sqm.function.SqmFunctionRegistry   : Registered SqmFunctionTemplate [org.hibernate.dialect.function.LengthFunction@3f27a95b] under bit_length; prior registration was null
2024-04-28T14:42:12.267-04:00 DEBUG 7452 --- [           main] o.h.q.sqm.function.SqmFunctionRegistry   : Registered SqmFunctionTemplate [NamedSqmFunctionTemplate(coalesce)] under coalesce; prior registration was NamedSqmFunctionTemplate(coalesce)
2024-04-28T14:42:12.267-04:00 DEBUG 7452 --- [           main] o.h.q.sqm.function.SqmFunctionRegistry   : Registered SqmFunctionTemplate [org.hibernate.query.sqm.function.MultipatternSqmFunctionDescriptor@1913188a] under locate; prior registration was NamedSqmFunctionTemplate(locate)
2024-04-28T14:42:12.267-04:00 DEBUG 7452 --- [           main] o.h.q.sqm.function.SqmFunctionRegistry   : Registered SqmFunctionTemplate [org.hibernate.dialect.function.ListaggFunction@1e295ef1] under listagg; prior registration was null
2024-04-28T14:42:12.267-04:00 DEBUG 7452 --- [           main] o.h.q.sqm.function.SqmFunctionRegistry   : Registered SqmFunctionTemplate [NamedSqmFunctionTemplate(row_number)] under row_number; prior registration was null
2024-04-28T14:42:12.267-04:00 DEBUG 7452 --- [           main] o.h.q.sqm.function.SqmFunctionRegistry   : Registered SqmFunctionTemplate [NamedSqmFunctionTemplate(lag)] under lag; prior registration was null
2024-04-28T14:42:12.267-04:00 DEBUG 7452 --- [           main] o.h.q.sqm.function.SqmFunctionRegistry   : Registered SqmFunctionTemplate [NamedSqmFunctionTemplate(lead)] under lead; prior registration was null
2024-04-28T14:42:12.267-04:00 DEBUG 7452 --- [           main] o.h.q.sqm.function.SqmFunctionRegistry   : Registered SqmFunctionTemplate [NamedSqmFunctionTemplate(first_value)] under first_value; prior registration was null
2024-04-28T14:42:12.267-04:00 DEBUG 7452 --- [           main] o.h.q.sqm.function.SqmFunctionRegistry   : Registered SqmFunctionTemplate [NamedSqmFunctionTemplate(last_value)] under last_value; prior registration was null
2024-04-28T14:42:12.267-04:00 DEBUG 7452 --- [           main] o.h.q.sqm.function.SqmFunctionRegistry   : Registered SqmFunctionTemplate [NamedSqmFunctionTemplate(nth_value)] under nth_value; prior registration was null
2024-04-28T14:42:12.267-04:00 DEBUG 7452 --- [           main] o.h.q.sqm.function.SqmFunctionRegistry   : Registered SqmFunctionTemplate [org.hibernate.dialect.function.HypotheticalSetFunction@2e9f8c8f] under rank; prior registration was null
2024-04-28T14:42:12.267-04:00 DEBUG 7452 --- [           main] o.h.q.sqm.function.SqmFunctionRegistry   : Registered SqmFunctionTemplate [org.hibernate.dialect.function.HypotheticalSetFunction@2cf09576] under dense_rank; prior registration was null
2024-04-28T14:42:12.267-04:00 DEBUG 7452 --- [           main] o.h.q.sqm.function.SqmFunctionRegistry   : Registered SqmFunctionTemplate [org.hibernate.dialect.function.HypotheticalSetFunction@2d260f2a] under percent_rank; prior registration was null
2024-04-28T14:42:12.268-04:00 DEBUG 7452 --- [           main] o.h.q.sqm.function.SqmFunctionRegistry   : Registered SqmFunctionTemplate [org.hibernate.dialect.function.HypotheticalSetFunction@79ac02a9] under cume_dist; prior registration was null
2024-04-28T14:42:12.268-04:00 DEBUG 7452 --- [           main] o.h.q.sqm.function.SqmFunctionRegistry   : Registered SqmFunctionTemplate [org.hibernate.dialect.function.InverseDistributionFunction@2b8502e7] under mode; prior registration was null
2024-04-28T14:42:12.268-04:00 DEBUG 7452 --- [           main] o.h.q.sqm.function.SqmFunctionRegistry   : Registered SqmFunctionTemplate [org.hibernate.dialect.function.InverseDistributionFunction@37669c4] under percentile_cont; prior registration was null
2024-04-28T14:42:12.268-04:00 DEBUG 7452 --- [           main] o.h.q.sqm.function.SqmFunctionRegistry   : Registered SqmFunctionTemplate [org.hibernate.dialect.function.InverseDistributionFunction@1e3469df] under percentile_disc; prior registration was null
2024-04-28T14:42:12.268-04:00 DEBUG 7452 --- [           main] o.h.q.sqm.function.SqmFunctionRegistry   : Registered SqmFunctionTemplate [org.hibernate.dialect.function.ModeStatsModeEmulation@79499fa] under mode; prior registration was org.hibernate.dialect.function.InverseDistributionFunction@2b8502e7
2024-04-28T14:42:12.268-04:00 DEBUG 7452 --- [           main] o.h.q.sqm.function.SqmFunctionRegistry   : Registered SqmFunctionTemplate [org.hibernate.dialect.function.OracleTruncFunction@48531d5] under trunc; prior registration was null
2024-04-28T14:42:12.268-04:00 DEBUG 7452 --- [           main] o.h.q.sqm.function.SqmFunctionRegistry   : Registering alternate key : truncate -> trunc
2024-04-28T14:42:12.268-04:00 DEBUG 7452 --- [           main] o.h.q.sqm.function.SqmFunctionRegistry   : Registered SqmFunctionTemplate [org.hibernate.dialect.function.array.OracleArrayConstructorFunction@340d50c8] under array; prior registration was null
2024-04-28T14:42:12.268-04:00 DEBUG 7452 --- [           main] o.h.q.sqm.function.SqmFunctionRegistry   : Registered SqmFunctionTemplate [org.hibernate.dialect.function.array.OracleArrayConstructorFunction@9cabd07] under array_list; prior registration was null
2024-04-28T14:42:12.268-04:00 DEBUG 7452 --- [           main] o.h.q.sqm.function.SqmFunctionRegistry   : Registered SqmFunctionTemplate [org.hibernate.dialect.function.array.OracleArrayAggEmulation@2a32be8d] under array_agg; prior registration was null
2024-04-28T14:42:12.268-04:00 DEBUG 7452 --- [           main] o.h.q.sqm.function.SqmFunctionRegistry   : Registered SqmFunctionTemplate [org.hibernate.dialect.function.array.OracleArrayPositionFunction@7942987] under array_position; prior registration was null
2024-04-28T14:42:12.268-04:00 DEBUG 7452 --- [           main] o.h.q.sqm.function.SqmFunctionRegistry   : Registered SqmFunctionTemplate [org.hibernate.dialect.function.array.OracleArrayPositionsFunction@5bf1e07] under array_positions; prior registration was null
2024-04-28T14:42:12.268-04:00 DEBUG 7452 --- [           main] o.h.q.sqm.function.SqmFunctionRegistry   : Registered SqmFunctionTemplate [org.hibernate.dialect.function.array.OracleArrayPositionsFunction@1c38d025] under array_positions_list; prior registration was null
2024-04-28T14:42:12.268-04:00 DEBUG 7452 --- [           main] o.h.q.sqm.function.SqmFunctionRegistry   : Registered SqmFunctionTemplate [org.hibernate.dialect.function.array.OracleArrayLengthFunction@48b85dc5] under array_length; prior registration was null
2024-04-28T14:42:12.268-04:00 DEBUG 7452 --- [           main] o.h.q.sqm.function.SqmFunctionRegistry   : Registered SqmFunctionTemplate [org.hibernate.dialect.function.array.OracleArrayConcatFunction@350a3df3] under array_concat; prior registration was null
2024-04-28T14:42:12.268-04:00 DEBUG 7452 --- [           main] o.h.q.sqm.function.SqmFunctionRegistry   : Registered SqmFunctionTemplate [org.hibernate.dialect.function.array.OracleArrayConcatElementFunction@3f31ccef] under array_prepend; prior registration was null
2024-04-28T14:42:12.268-04:00 DEBUG 7452 --- [           main] o.h.q.sqm.function.SqmFunctionRegistry   : Registered SqmFunctionTemplate [org.hibernate.dialect.function.array.OracleArrayConcatElementFunction@65d28ad4] under array_append; prior registration was null
2024-04-28T14:42:12.268-04:00 DEBUG 7452 --- [           main] o.h.q.sqm.function.SqmFunctionRegistry   : Registered SqmFunctionTemplate [org.hibernate.dialect.function.array.OracleArrayContainsFunction@6f0ea5de] under array_contains; prior registration was null
2024-04-28T14:42:12.268-04:00 DEBUG 7452 --- [           main] o.h.q.sqm.function.SqmFunctionRegistry   : Registered SqmFunctionTemplate [org.hibernate.dialect.function.array.OracleArrayContainsFunction@b0ff869] under array_contains_nullable; prior registration was null
2024-04-28T14:42:12.268-04:00 DEBUG 7452 --- [           main] o.h.q.sqm.function.SqmFunctionRegistry   : Registered SqmFunctionTemplate [org.hibernate.dialect.function.array.OracleArrayOverlapsFunction@3ae81b53] under array_overlaps; prior registration was null
2024-04-28T14:42:12.268-04:00 DEBUG 7452 --- [           main] o.h.q.sqm.function.SqmFunctionRegistry   : Registered SqmFunctionTemplate [org.hibernate.dialect.function.array.OracleArrayOverlapsFunction@4b9da2f0] under array_overlaps_nullable; prior registration was null
2024-04-28T14:42:12.268-04:00 DEBUG 7452 --- [           main] o.h.q.sqm.function.SqmFunctionRegistry   : Registered SqmFunctionTemplate [org.hibernate.dialect.function.array.OracleArrayGetFunction@5127de08] under array_get; prior registration was null
2024-04-28T14:42:12.268-04:00 DEBUG 7452 --- [           main] o.h.q.sqm.function.SqmFunctionRegistry   : Registered SqmFunctionTemplate [org.hibernate.dialect.function.array.OracleArraySetFunction@259fb8f5] under array_set; prior registration was null
2024-04-28T14:42:12.268-04:00 DEBUG 7452 --- [           main] o.h.q.sqm.function.SqmFunctionRegistry   : Registered SqmFunctionTemplate [org.hibernate.dialect.function.array.OracleArrayRemoveFunction@5f571d96] under array_remove; prior registration was null
2024-04-28T14:42:12.268-04:00 DEBUG 7452 --- [           main] o.h.q.sqm.function.SqmFunctionRegistry   : Registered SqmFunctionTemplate [org.hibernate.dialect.function.array.OracleArrayRemoveIndexFunction@797bbeae] under array_remove_index; prior registration was null
2024-04-28T14:42:12.268-04:00 DEBUG 7452 --- [           main] o.h.q.sqm.function.SqmFunctionRegistry   : Registered SqmFunctionTemplate [org.hibernate.dialect.function.array.OracleArraySliceFunction@1643e817] under array_slice; prior registration was null
2024-04-28T14:42:12.268-04:00 DEBUG 7452 --- [           main] o.h.q.sqm.function.SqmFunctionRegistry   : Registered SqmFunctionTemplate [org.hibernate.dialect.function.array.OracleArrayReplaceFunction@4e43a23a] under array_replace; prior registration was null
2024-04-28T14:42:12.268-04:00 DEBUG 7452 --- [           main] o.h.q.sqm.function.SqmFunctionRegistry   : Registered SqmFunctionTemplate [org.hibernate.dialect.function.array.OracleArrayTrimFunction@291fbdc9] under array_trim; prior registration was null
2024-04-28T14:42:12.268-04:00 DEBUG 7452 --- [           main] o.h.q.sqm.function.SqmFunctionRegistry   : Registered SqmFunctionTemplate [org.hibernate.dialect.function.array.OracleArrayFillFunction@db5e88a] under array_fill; prior registration was null
2024-04-28T14:42:12.268-04:00 DEBUG 7452 --- [           main] o.h.q.sqm.function.SqmFunctionRegistry   : Registered SqmFunctionTemplate [org.hibernate.dialect.function.array.OracleArrayFillFunction@4bfaa7b] under array_fill_list; prior registration was null
2024-04-28T14:42:12.268-04:00 DEBUG 7452 --- [           main] o.h.q.sqm.function.SqmFunctionRegistry   : Registered SqmFunctionTemplate [org.hibernate.dialect.function.array.OracleArrayToStringFunction@57be9aa4] under array_to_string; prior registration was null
2024-04-28T14:42:12.268-04:00 DEBUG 7452 --- [           main] org.hibernate.HQL_FUNCTIONS              : abs(NUMERIC arg)
2024-04-28T14:42:12.268-04:00 DEBUG 7452 --- [           main] org.hibernate.HQL_FUNCTIONS              : Double acos(NUMERIC arg)
2024-04-28T14:42:12.268-04:00 DEBUG 7452 --- [           main] org.hibernate.HQL_FUNCTIONS              : add_months(DATE datetime, INTEGER months)
2024-04-28T14:42:12.268-04:00 DEBUG 7452 --- [           main] org.hibernate.HQL_FUNCTIONS              : Boolean any(BOOLEAN arg)
2024-04-28T14:42:12.269-04:00 DEBUG 7452 --- [           main] org.hibernate.HQL_FUNCTIONS              : array( ... )
2024-04-28T14:42:12.269-04:00 DEBUG 7452 --- [           main] org.hibernate.HQL_FUNCTIONS              : array_agg(arg)
2024-04-28T14:42:12.269-04:00 DEBUG 7452 --- [           main] org.hibernate.HQL_FUNCTIONS              : array_append( ... )
2024-04-28T14:42:12.269-04:00 DEBUG 7452 --- [           main] org.hibernate.HQL_FUNCTIONS              : array_concat( ... )
2024-04-28T14:42:12.269-04:00 DEBUG 7452 --- [           main] org.hibernate.HQL_FUNCTIONS              : Boolean array_contains(ARRAY haystackArray, OBJECT needleElementOrArray)
2024-04-28T14:42:12.269-04:00 DEBUG 7452 --- [           main] org.hibernate.HQL_FUNCTIONS              : Boolean array_contains_nullable(ARRAY haystackArray, OBJECT needleElementOrArray)
2024-04-28T14:42:12.269-04:00 DEBUG 7452 --- [           main] org.hibernate.HQL_FUNCTIONS              : array_fill(OBJECT element, INTEGER elementCount)
2024-04-28T14:42:12.269-04:00 DEBUG 7452 --- [           main] org.hibernate.HQL_FUNCTIONS              : array_fill_list(OBJECT element, INTEGER elementCount)
2024-04-28T14:42:12.269-04:00 DEBUG 7452 --- [           main] org.hibernate.HQL_FUNCTIONS              : array_get( ... )
2024-04-28T14:42:12.269-04:00 DEBUG 7452 --- [           main] org.hibernate.HQL_FUNCTIONS              : Integer array_length(ARRAY array)
2024-04-28T14:42:12.269-04:00 DEBUG 7452 --- [           main] org.hibernate.HQL_FUNCTIONS              : array_list( ... )
2024-04-28T14:42:12.269-04:00 DEBUG 7452 --- [           main] org.hibernate.HQL_FUNCTIONS              : Boolean array_overlaps(ARRAY array0, OBJECT array1)
2024-04-28T14:42:12.269-04:00 DEBUG 7452 --- [           main] org.hibernate.HQL_FUNCTIONS              : Boolean array_overlaps_nullable(ARRAY array0, OBJECT array1)
2024-04-28T14:42:12.269-04:00 DEBUG 7452 --- [           main] org.hibernate.HQL_FUNCTIONS              : Integer array_position(ARRAY array, OBJECT element[, INTEGER startPosition])
2024-04-28T14:42:12.269-04:00 DEBUG 7452 --- [           main] org.hibernate.HQL_FUNCTIONS              : int[] array_positions(ARRAY array, OBJECT element)
2024-04-28T14:42:12.269-04:00 DEBUG 7452 --- [           main] org.hibernate.HQL_FUNCTIONS              : List array_positions_list(ARRAY array, OBJECT element)
2024-04-28T14:42:12.269-04:00 DEBUG 7452 --- [           main] org.hibernate.HQL_FUNCTIONS              : array_prepend( ... )
2024-04-28T14:42:12.269-04:00 DEBUG 7452 --- [           main] org.hibernate.HQL_FUNCTIONS              : array_remove( ... )
2024-04-28T14:42:12.269-04:00 DEBUG 7452 --- [           main] org.hibernate.HQL_FUNCTIONS              : array_remove_index( ... )
2024-04-28T14:42:12.269-04:00 DEBUG 7452 --- [           main] org.hibernate.HQL_FUNCTIONS              : array_replace( ... )
2024-04-28T14:42:12.269-04:00 DEBUG 7452 --- [           main] org.hibernate.HQL_FUNCTIONS              : array_set( ... )
2024-04-28T14:42:12.269-04:00 DEBUG 7452 --- [           main] org.hibernate.HQL_FUNCTIONS              : array_slice( ... )
2024-04-28T14:42:12.269-04:00 DEBUG 7452 --- [           main] org.hibernate.HQL_FUNCTIONS              : String array_to_string( ... )
2024-04-28T14:42:12.269-04:00 DEBUG 7452 --- [           main] org.hibernate.HQL_FUNCTIONS              : array_trim( ... )
2024-04-28T14:42:12.269-04:00 DEBUG 7452 --- [           main] org.hibernate.HQL_FUNCTIONS              : Integer ascii(STRING arg)
2024-04-28T14:42:12.269-04:00 DEBUG 7452 --- [           main] org.hibernate.HQL_FUNCTIONS              : Double asin(NUMERIC arg)
2024-04-28T14:42:12.269-04:00 DEBUG 7452 --- [           main] org.hibernate.HQL_FUNCTIONS              : Double atan(NUMERIC arg)
2024-04-28T14:42:12.269-04:00 DEBUG 7452 --- [           main] org.hibernate.HQL_FUNCTIONS              : Double atan2(NUMERIC arg0, NUMERIC arg1)
2024-04-28T14:42:12.269-04:00 DEBUG 7452 --- [           main] org.hibernate.HQL_FUNCTIONS              : avg(arg)
2024-04-28T14:42:12.269-04:00 DEBUG 7452 --- [           main] org.hibernate.HQL_FUNCTIONS              : Integer bit_length(STRING_OR_CLOB arg)
2024-04-28T14:42:12.269-04:00 DEBUG 7452 --- [           main] org.hibernate.HQL_FUNCTIONS              : bitand(arg0, arg1)
2024-04-28T14:42:12.269-04:00 DEBUG 7452 --- [           main] org.hibernate.HQL_FUNCTIONS              : cast(arg as Type)
2024-04-28T14:42:12.269-04:00 DEBUG 7452 --- [           main] org.hibernate.HQL_FUNCTIONS              : ceil(NUMERIC arg)
2024-04-28T14:42:12.269-04:00 DEBUG 7452 --- [           main] org.hibernate.HQL_FUNCTIONS              : ceiling(NUMERIC arg)
2024-04-28T14:42:12.269-04:00 DEBUG 7452 --- [           main] org.hibernate.HQL_FUNCTIONS              : Character char(INTEGER arg)
2024-04-28T14:42:12.269-04:00 DEBUG 7452 --- [           main] org.hibernate.HQL_FUNCTIONS              : Integer character_length(STRING_OR_CLOB arg)
2024-04-28T14:42:12.269-04:00 DEBUG 7452 --- [           main] org.hibernate.HQL_FUNCTIONS              : Character chr(INTEGER arg)
2024-04-28T14:42:12.269-04:00 DEBUG 7452 --- [           main] org.hibernate.HQL_FUNCTIONS              : coalesce(arg0[, arg1[, ...]])
2024-04-28T14:42:12.269-04:00 DEBUG 7452 --- [           main] org.hibernate.HQL_FUNCTIONS              : String collate(STRING string as COLLATION collation)
2024-04-28T14:42:12.269-04:00 DEBUG 7452 --- [           main] org.hibernate.HQL_FUNCTIONS              : String concat(STRING string0[, STRING string1[, ...]])
2024-04-28T14:42:12.269-04:00 DEBUG 7452 --- [           main] org.hibernate.HQL_FUNCTIONS              : Double corr(NUMERIC arg0, NUMERIC arg1)
2024-04-28T14:42:12.269-04:00 DEBUG 7452 --- [           main] org.hibernate.HQL_FUNCTIONS              : Double cos(NUMERIC arg)
2024-04-28T14:42:12.269-04:00 DEBUG 7452 --- [           main] org.hibernate.HQL_FUNCTIONS              : Double cosh(NUMERIC arg)
2024-04-28T14:42:12.269-04:00 DEBUG 7452 --- [           main] org.hibernate.HQL_FUNCTIONS              : Long count([distinct ]{arg|*})
2024-04-28T14:42:12.269-04:00 DEBUG 7452 --- [           main] org.hibernate.HQL_FUNCTIONS              : Double covar_pop(NUMERIC arg0, NUMERIC arg1)
2024-04-28T14:42:12.269-04:00 DEBUG 7452 --- [           main] org.hibernate.HQL_FUNCTIONS              : Double covar_samp(NUMERIC arg0, NUMERIC arg1)
2024-04-28T14:42:12.269-04:00 DEBUG 7452 --- [           main] org.hibernate.HQL_FUNCTIONS              : Double cume_dist([arg0[, ...]])
2024-04-28T14:42:12.269-04:00 DEBUG 7452 --- [           main] org.hibernate.HQL_FUNCTIONS              : Date current date
2024-04-28T14:42:12.269-04:00 DEBUG 7452 --- [           main] org.hibernate.HQL_FUNCTIONS              : Time current time
2024-04-28T14:42:12.269-04:00 DEBUG 7452 --- [           main] org.hibernate.HQL_FUNCTIONS              : Timestamp current timestamp
2024-04-28T14:42:12.269-04:00 DEBUG 7452 --- [           main] org.hibernate.HQL_FUNCTIONS              : Date current_date
2024-04-28T14:42:12.269-04:00 DEBUG 7452 --- [           main] org.hibernate.HQL_FUNCTIONS              : Instant current_instant
2024-04-28T14:42:12.269-04:00 DEBUG 7452 --- [           main] org.hibernate.HQL_FUNCTIONS              : Time current_time
2024-04-28T14:42:12.269-04:00 DEBUG 7452 --- [           main] org.hibernate.HQL_FUNCTIONS              : Timestamp current_timestamp
2024-04-28T14:42:12.269-04:00 DEBUG 7452 --- [           main] org.hibernate.HQL_FUNCTIONS              : dateadd(TEMPORAL_UNIT field, INTEGER magnitude, TEMPORAL datetime)
2024-04-28T14:42:12.269-04:00 DEBUG 7452 --- [           main] org.hibernate.HQL_FUNCTIONS              : basicType@23(java.lang.Long,-5)|basicType@36(java.lang.Double,8) datediff(TEMPORAL_UNIT field, TEMPORAL start, TEMPORAL end)
2024-04-28T14:42:12.269-04:00 DEBUG 7452 --- [           main] org.hibernate.HQL_FUNCTIONS              : Double degrees(NUMERIC arg)
2024-04-28T14:42:12.269-04:00 DEBUG 7452 --- [           main] org.hibernate.HQL_FUNCTIONS              : Long dense_rank([arg0[, ...]])
2024-04-28T14:42:12.269-04:00 DEBUG 7452 --- [           main] org.hibernate.HQL_FUNCTIONS              : Boolean every(BOOLEAN arg)
2024-04-28T14:42:12.269-04:00 DEBUG 7452 --- [           main] org.hibernate.HQL_FUNCTIONS              : Double exp(NUMERIC arg)
2024-04-28T14:42:12.269-04:00 DEBUG 7452 --- [           main] org.hibernate.HQL_FUNCTIONS              : extract(TEMPORAL_UNIT field from TEMPORAL arg)
2024-04-28T14:42:12.269-04:00 DEBUG 7452 --- [           main] org.hibernate.HQL_FUNCTIONS              : first_valueANY value
2024-04-28T14:42:12.269-04:00 DEBUG 7452 --- [           main] org.hibernate.HQL_FUNCTIONS              : floor(NUMERIC arg)
2024-04-28T14:42:12.269-04:00 DEBUG 7452 --- [           main] org.hibernate.HQL_FUNCTIONS              : String format(TEMPORAL datetime as STRING pattern)
2024-04-28T14:42:12.269-04:00 DEBUG 7452 --- [           main] org.hibernate.HQL_FUNCTIONS              : greatest(COMPARABLE arg0, COMPARABLE arg1[, arg2[, ...]])
2024-04-28T14:42:12.269-04:00 DEBUG 7452 --- [           main] org.hibernate.HQL_FUNCTIONS              : ifnull(arg0, arg1)
2024-04-28T14:42:12.269-04:00 DEBUG 7452 --- [           main] org.hibernate.HQL_FUNCTIONS              : String initcap(arg)
2024-04-28T14:42:12.269-04:00 DEBUG 7452 --- [           main] org.hibernate.HQL_FUNCTIONS              : Instant instant
2024-04-28T14:42:12.269-04:00 DEBUG 7452 --- [           main] org.hibernate.HQL_FUNCTIONS              : Integer instr(STRING string, STRING pattern[, INTEGER start[, INTEGER occurrence]])
2024-04-28T14:42:12.269-04:00 DEBUG 7452 --- [           main] org.hibernate.HQL_FUNCTIONS              : lagANY value[, INTEGER offset[, ANY default]]
2024-04-28T14:42:12.269-04:00 DEBUG 7452 --- [           main] org.hibernate.HQL_FUNCTIONS              : Date last_day(DATE arg)
2024-04-28T14:42:12.269-04:00 DEBUG 7452 --- [           main] org.hibernate.HQL_FUNCTIONS              : last_valueANY value
2024-04-28T14:42:12.269-04:00 DEBUG 7452 --- [           main] org.hibernate.HQL_FUNCTIONS              : leadANY value[, INTEGER offset[, ANY default]]
2024-04-28T14:42:12.269-04:00 DEBUG 7452 --- [           main] org.hibernate.HQL_FUNCTIONS              : least(COMPARABLE arg0, COMPARABLE arg1[, arg2[, ...]])
2024-04-28T14:42:12.269-04:00 DEBUG 7452 --- [           main] org.hibernate.HQL_FUNCTIONS              : String left(STRING string, INTEGER length)
2024-04-28T14:42:12.269-04:00 DEBUG 7452 --- [           main] org.hibernate.HQL_FUNCTIONS              : Integer length(STRING_OR_CLOB arg)
2024-04-28T14:42:12.269-04:00 DEBUG 7452 --- [           main] org.hibernate.HQL_FUNCTIONS              : String listagg(STRING arg0, STRING arg1)
2024-04-28T14:42:12.269-04:00 DEBUG 7452 --- [           main] org.hibernate.HQL_FUNCTIONS              : Double ln(NUMERIC arg)
2024-04-28T14:42:12.269-04:00 DEBUG 7452 --- [           main] org.hibernate.HQL_FUNCTIONS              : LocalDate local date
2024-04-28T14:42:12.270-04:00 DEBUG 7452 --- [           main] org.hibernate.HQL_FUNCTIONS              : LocalDateTime local datetime
2024-04-28T14:42:12.270-04:00 DEBUG 7452 --- [           main] org.hibernate.HQL_FUNCTIONS              : LocalTime local time
2024-04-28T14:42:12.270-04:00 DEBUG 7452 --- [           main] org.hibernate.HQL_FUNCTIONS              : LocalDate local_date
2024-04-28T14:42:12.270-04:00 DEBUG 7452 --- [           main] org.hibernate.HQL_FUNCTIONS              : LocalDateTime local_datetime
2024-04-28T14:42:12.270-04:00 DEBUG 7452 --- [           main] org.hibernate.HQL_FUNCTIONS              : LocalTime local_time
2024-04-28T14:42:12.270-04:00 DEBUG 7452 --- [           main] org.hibernate.HQL_FUNCTIONS              : Integer locate(pattern, string[, start])
2024-04-28T14:42:12.270-04:00 DEBUG 7452 --- [           main] org.hibernate.HQL_FUNCTIONS              : Double log(NUMERIC arg0[, NUMERIC arg1])
2024-04-28T14:42:12.270-04:00 DEBUG 7452 --- [           main] org.hibernate.HQL_FUNCTIONS              : Double log10(NUMERIC arg)
2024-04-28T14:42:12.270-04:00 DEBUG 7452 --- [           main] org.hibernate.HQL_FUNCTIONS              : String lower(STRING string)
2024-04-28T14:42:12.270-04:00 DEBUG 7452 --- [           main] org.hibernate.HQL_FUNCTIONS              : String lpad(STRING string, INTEGER length[, STRING padding])
2024-04-28T14:42:12.270-04:00 DEBUG 7452 --- [           main] org.hibernate.HQL_FUNCTIONS              : String ltrim(STRING string[, STRING characters])
2024-04-28T14:42:12.270-04:00 DEBUG 7452 --- [           main] org.hibernate.HQL_FUNCTIONS              : max(COMPARABLE arg)
2024-04-28T14:42:12.270-04:00 DEBUG 7452 --- [           main] org.hibernate.HQL_FUNCTIONS              : Double median(NUMERIC arg)
2024-04-28T14:42:12.270-04:00 DEBUG 7452 --- [           main] org.hibernate.HQL_FUNCTIONS              : min(COMPARABLE arg)
2024-04-28T14:42:12.270-04:00 DEBUG 7452 --- [           main] org.hibernate.HQL_FUNCTIONS              : Integer mod(INTEGER arg0, INTEGER arg1)
2024-04-28T14:42:12.270-04:00 DEBUG 7452 --- [           main] org.hibernate.HQL_FUNCTIONS              : mode()
2024-04-28T14:42:12.270-04:00 DEBUG 7452 --- [           main] org.hibernate.HQL_FUNCTIONS              : Integer months_between(DATE end, DATE start)
2024-04-28T14:42:12.270-04:00 DEBUG 7452 --- [           main] org.hibernate.HQL_FUNCTIONS              : nth_valueANY value, INTEGER nth
2024-04-28T14:42:12.270-04:00 DEBUG 7452 --- [           main] org.hibernate.HQL_FUNCTIONS              : nullif(arg0, arg1)
2024-04-28T14:42:12.270-04:00 DEBUG 7452 --- [           main] org.hibernate.HQL_FUNCTIONS              : Integer octet_length(STRING_OR_CLOB arg)
2024-04-28T14:42:12.270-04:00 DEBUG 7452 --- [           main] org.hibernate.HQL_FUNCTIONS              : OffsetDateTime offset datetime
2024-04-28T14:42:12.270-04:00 DEBUG 7452 --- [           main] org.hibernate.HQL_FUNCTIONS              : OffsetDateTime offset_datetime
2024-04-28T14:42:12.270-04:00 DEBUG 7452 --- [           main] org.hibernate.HQL_FUNCTIONS              : String overlay(STRING string placing STRING replacement from INTEGER start[ for INTEGER length])
2024-04-28T14:42:12.270-04:00 DEBUG 7452 --- [           main] org.hibernate.HQL_FUNCTIONS              : String pad(STRING string with INTEGER length {leading|trailing}[ STRING character])
2024-04-28T14:42:12.270-04:00 DEBUG 7452 --- [           main] org.hibernate.HQL_FUNCTIONS              : Double percent_rank([arg0[, ...]])
2024-04-28T14:42:12.270-04:00 DEBUG 7452 --- [           main] org.hibernate.HQL_FUNCTIONS              : percentile_cont(NUMERIC arg)
2024-04-28T14:42:12.270-04:00 DEBUG 7452 --- [           main] org.hibernate.HQL_FUNCTIONS              : percentile_disc(NUMERIC arg)
2024-04-28T14:42:12.270-04:00 DEBUG 7452 --- [           main] org.hibernate.HQL_FUNCTIONS              : Double pi
2024-04-28T14:42:12.270-04:00 DEBUG 7452 --- [           main] org.hibernate.HQL_FUNCTIONS              : Integer position(STRING pattern in STRING string)
2024-04-28T14:42:12.270-04:00 DEBUG 7452 --- [           main] org.hibernate.HQL_FUNCTIONS              : Double power(NUMERIC arg0, NUMERIC arg1)
2024-04-28T14:42:12.270-04:00 DEBUG 7452 --- [           main] org.hibernate.HQL_FUNCTIONS              : Double radians(NUMERIC arg)
2024-04-28T14:42:12.270-04:00 DEBUG 7452 --- [           main] org.hibernate.HQL_FUNCTIONS              : Long rank([arg0[, ...]])
2024-04-28T14:42:12.270-04:00 DEBUG 7452 --- [           main] org.hibernate.HQL_FUNCTIONS              : Double regr_avgx(NUMERIC arg0, NUMERIC arg1)
2024-04-28T14:42:12.270-04:00 DEBUG 7452 --- [           main] org.hibernate.HQL_FUNCTIONS              : Double regr_avgy(NUMERIC arg0, NUMERIC arg1)
2024-04-28T14:42:12.270-04:00 DEBUG 7452 --- [           main] org.hibernate.HQL_FUNCTIONS              : Double regr_count(NUMERIC arg0, NUMERIC arg1)
2024-04-28T14:42:12.270-04:00 DEBUG 7452 --- [           main] org.hibernate.HQL_FUNCTIONS              : Double regr_intercept(NUMERIC arg0, NUMERIC arg1)
2024-04-28T14:42:12.270-04:00 DEBUG 7452 --- [           main] org.hibernate.HQL_FUNCTIONS              : Double regr_r2(NUMERIC arg0, NUMERIC arg1)
2024-04-28T14:42:12.270-04:00 DEBUG 7452 --- [           main] org.hibernate.HQL_FUNCTIONS              : Double regr_slope(NUMERIC arg0, NUMERIC arg1)
2024-04-28T14:42:12.270-04:00 DEBUG 7452 --- [           main] org.hibernate.HQL_FUNCTIONS              : Double regr_sxx(NUMERIC arg0, NUMERIC arg1)
2024-04-28T14:42:12.270-04:00 DEBUG 7452 --- [           main] org.hibernate.HQL_FUNCTIONS              : Double regr_sxy(NUMERIC arg0, NUMERIC arg1)
2024-04-28T14:42:12.270-04:00 DEBUG 7452 --- [           main] org.hibernate.HQL_FUNCTIONS              : Double regr_syy(NUMERIC arg0, NUMERIC arg1)
2024-04-28T14:42:12.270-04:00 DEBUG 7452 --- [           main] org.hibernate.HQL_FUNCTIONS              : String repeat(STRING string, INTEGER times)
2024-04-28T14:42:12.270-04:00 DEBUG 7452 --- [           main] org.hibernate.HQL_FUNCTIONS              : String replace(STRING string, STRING pattern, STRING replacement)
2024-04-28T14:42:12.270-04:00 DEBUG 7452 --- [           main] org.hibernate.HQL_FUNCTIONS              : String right(STRING string, INTEGER length)
2024-04-28T14:42:12.270-04:00 DEBUG 7452 --- [           main] org.hibernate.HQL_FUNCTIONS              : round(NUMERIC number[, INTEGER places])
2024-04-28T14:42:12.270-04:00 DEBUG 7452 --- [           main] org.hibernate.HQL_FUNCTIONS              : Long row_number()
2024-04-28T14:42:12.270-04:00 DEBUG 7452 --- [           main] org.hibernate.HQL_FUNCTIONS              : Long rowid
2024-04-28T14:42:12.270-04:00 DEBUG 7452 --- [           main] org.hibernate.HQL_FUNCTIONS              : Long rownum
2024-04-28T14:42:12.270-04:00 DEBUG 7452 --- [           main] org.hibernate.HQL_FUNCTIONS              : String rpad(STRING string, INTEGER length[, STRING padding])
2024-04-28T14:42:12.270-04:00 DEBUG 7452 --- [           main] org.hibernate.HQL_FUNCTIONS              : String rtrim(STRING string[, STRING characters])
2024-04-28T14:42:12.270-04:00 DEBUG 7452 --- [           main] org.hibernate.HQL_FUNCTIONS              : Integer sign(NUMERIC arg)
2024-04-28T14:42:12.270-04:00 DEBUG 7452 --- [           main] org.hibernate.HQL_FUNCTIONS              : Double sin(NUMERIC arg)
2024-04-28T14:42:12.270-04:00 DEBUG 7452 --- [           main] org.hibernate.HQL_FUNCTIONS              : Double sinh(NUMERIC arg)
2024-04-28T14:42:12.270-04:00 DEBUG 7452 --- [           main] org.hibernate.HQL_FUNCTIONS              : String soundex(arg)
2024-04-28T14:42:12.270-04:00 DEBUG 7452 --- [           main] org.hibernate.HQL_FUNCTIONS              : Object sql
2024-04-28T14:42:12.270-04:00 DEBUG 7452 --- [           main] org.hibernate.HQL_FUNCTIONS              : Double sqrt(NUMERIC arg)
2024-04-28T14:42:12.270-04:00 DEBUG 7452 --- [           main] org.hibernate.HQL_FUNCTIONS              : Double stddev(NUMERIC arg)
2024-04-28T14:42:12.270-04:00 DEBUG 7452 --- [           main] org.hibernate.HQL_FUNCTIONS              : Double stddev_pop(NUMERIC arg)
2024-04-28T14:42:12.270-04:00 DEBUG 7452 --- [           main] org.hibernate.HQL_FUNCTIONS              : Double stddev_samp(NUMERIC arg)
2024-04-28T14:42:12.270-04:00 DEBUG 7452 --- [           main] org.hibernate.HQL_FUNCTIONS              : String str(arg)
2024-04-28T14:42:12.270-04:00 DEBUG 7452 --- [           main] org.hibernate.HQL_FUNCTIONS              : String substr(STRING string, INTEGER start[, INTEGER length])
2024-04-28T14:42:12.270-04:00 DEBUG 7452 --- [           main] org.hibernate.HQL_FUNCTIONS              : String substring(STRING string{ from|,} INTEGER start[{ for|,} INTEGER length])
2024-04-28T14:42:12.270-04:00 DEBUG 7452 --- [           main] org.hibernate.HQL_FUNCTIONS              : sum(arg)
2024-04-28T14:42:12.270-04:00 DEBUG 7452 --- [           main] org.hibernate.HQL_FUNCTIONS              : Timestamp sysdate
2024-04-28T14:42:12.270-04:00 DEBUG 7452 --- [           main] org.hibernate.HQL_FUNCTIONS              : Timestamp systimestamp
2024-04-28T14:42:12.270-04:00 DEBUG 7452 --- [           main] org.hibernate.HQL_FUNCTIONS              : Double tan(NUMERIC arg)
2024-04-28T14:42:12.270-04:00 DEBUG 7452 --- [           main] org.hibernate.HQL_FUNCTIONS              : Double tanh(NUMERIC arg)
2024-04-28T14:42:12.270-04:00 DEBUG 7452 --- [           main] org.hibernate.HQL_FUNCTIONS              : timestampadd(TEMPORAL_UNIT field, INTEGER magnitude, TEMPORAL datetime)
2024-04-28T14:42:12.270-04:00 DEBUG 7452 --- [           main] org.hibernate.HQL_FUNCTIONS              : basicType@23(java.lang.Long,-5)|basicType@36(java.lang.Double,8) timestampdiff(TEMPORAL_UNIT field, TEMPORAL start, TEMPORAL end)
2024-04-28T14:42:12.270-04:00 DEBUG 7452 --- [           main] org.hibernate.HQL_FUNCTIONS              : String to_char(ANY arg0[, STRING arg1, STRING arg2])
2024-04-28T14:42:12.270-04:00 DEBUG 7452 --- [           main] org.hibernate.HQL_FUNCTIONS              : Date to_date(STRING arg0[, STRING arg1, STRING arg2])
2024-04-28T14:42:12.270-04:00 DEBUG 7452 --- [           main] org.hibernate.HQL_FUNCTIONS              : Double to_number(STRING arg0[, STRING arg1, STRING arg2])
2024-04-28T14:42:12.270-04:00 DEBUG 7452 --- [           main] org.hibernate.HQL_FUNCTIONS              : Timestamp to_timestamp(STRING arg0[, STRING arg1, STRING arg2])
2024-04-28T14:42:12.270-04:00 DEBUG 7452 --- [           main] org.hibernate.HQL_FUNCTIONS              : String translate(STRING arg0, STRING arg1, STRING arg2)
2024-04-28T14:42:12.270-04:00 DEBUG 7452 --- [           main] org.hibernate.HQL_FUNCTIONS              : String trim([[{leading|trailing|both} ][STRING arg0 ]from] STRING arg1)
2024-04-28T14:42:12.270-04:00 DEBUG 7452 --- [           main] org.hibernate.HQL_FUNCTIONS              : trunc( ... )
2024-04-28T14:42:12.270-04:00 DEBUG 7452 --- [           main] org.hibernate.HQL_FUNCTIONS              : truncate( ... )
2024-04-28T14:42:12.270-04:00 DEBUG 7452 --- [           main] org.hibernate.HQL_FUNCTIONS              : String upper(STRING string)
2024-04-28T14:42:12.270-04:00 DEBUG 7452 --- [           main] org.hibernate.HQL_FUNCTIONS              : Double var_pop(NUMERIC arg)
2024-04-28T14:42:12.270-04:00 DEBUG 7452 --- [           main] org.hibernate.HQL_FUNCTIONS              : Double var_samp(NUMERIC arg)
2024-04-28T14:42:12.270-04:00 DEBUG 7452 --- [           main] org.hibernate.HQL_FUNCTIONS              : Double variance(NUMERIC arg)
2024-04-28T14:42:12.270-04:00 DEBUG 7452 --- [           main] org.hibernate.orm.query.plan.cache       : Starting QueryInterpretationCache(2048)
2024-04-28T14:42:12.270-04:00 DEBUG 7452 --- [           main] .h.s.i.SessionFactoryServiceRegistryImpl : EventListenerRegistry access via ServiceRegistry is deprecated.  Use `sessionFactory.getEventEngine().getListenerRegistry()` instead
2024-04-28T14:42:12.271-04:00 DEBUG 7452 --- [           main] h.e.i.EntityCopyObserverFactoryInitiator : Configured EntityCopyObserver strategy: disallow
2024-04-28T14:42:12.271-04:00 DEBUG 7452 --- [           main] o.h.boot.internal.ClassLoaderAccessImpl  : Not known whether passed class name [com.example.demo.model.Paciente] is safe
2024-04-28T14:42:12.271-04:00 DEBUG 7452 --- [           main] o.h.boot.internal.ClassLoaderAccessImpl  : No temp ClassLoader provided; using live ClassLoader for loading potentially unsafe class : com.example.demo.model.Paciente
2024-04-28T14:42:12.281-04:00 DEBUG 7452 --- [           main] o.h.b.i.bytebuddy.BytecodeProviderImpl   : HHH000513: Unable to create the ReflectionOptimizer for [com.example.demo.model.Paciente]: private accessor [apellido]
2024-04-28T14:42:12.282-04:00 DEBUG 7452 --- [           main] o.h.boot.internal.ClassLoaderAccessImpl  : Not known whether passed class name [com.example.demo.model.ConsultaMedica] is safe
2024-04-28T14:42:12.282-04:00 DEBUG 7452 --- [           main] o.h.boot.internal.ClassLoaderAccessImpl  : No temp ClassLoader provided; using live ClassLoader for loading potentially unsafe class : com.example.demo.model.ConsultaMedica
2024-04-28T14:42:12.292-04:00 DEBUG 7452 --- [           main] o.h.b.i.bytebuddy.BytecodeProviderImpl   : HHH000513: Unable to create the ReflectionOptimizer for [com.example.demo.model.ConsultaMedica]: private accessor [diagnostico]
2024-04-28T14:42:12.292-04:00 DEBUG 7452 --- [           main] org.hibernate.orm.jdbc.mutation          : Skipping collection (re)creation - com.example.demo.model.Paciente.consultasMedicas
2024-04-28T14:42:12.293-04:00 DEBUG 7452 --- [           main] org.hibernate.orm.jdbc.mutation          : Skipping collection row deletions - com.example.demo.model.Paciente.consultasMedicas
2024-04-28T14:42:12.293-04:00 DEBUG 7452 --- [           main] org.hibernate.orm.jdbc.mutation          : Skipping collection removals - com.example.demo.model.Paciente.consultasMedicas
2024-04-28T14:42:12.293-04:00 DEBUG 7452 --- [           main] o.hibernate.orm.model.mapping.creation   : Starting post-init callbacks
2024-04-28T14:42:12.293-04:00 DEBUG 7452 --- [           main] o.hibernate.orm.model.mapping.creation   : Starting PostInitCallbackEntry : PluralAttributeMapping( NavigableRole[com.example.demo.model.Paciente.consultasMedicas#{element}]) - element descriptor
2024-04-28T14:42:12.293-04:00 DEBUG 7452 --- [           main] o.hibernate.orm.model.mapping.creation   : Starting PostInitCallbackEntry : PluralAttributeMapping(com.example.demo.model.Paciente.consultasMedicas)#finishInitialization
2024-04-28T14:42:12.293-04:00 DEBUG 7452 --- [           main] o.hibernate.orm.model.mapping.creation   : Starting PostInitCallbackEntry : PluralAttributeMapping(com.example.demo.model.Paciente.consultasMedicas) - key descriptor
2024-04-28T14:42:12.293-04:00 DEBUG 7452 --- [           main] o.hibernate.orm.model.mapping.creation   : Starting PostInitCallbackEntry : Entity(com.example.demo.model.Paciente) `staticFetchableList` generator
2024-04-28T14:42:12.293-04:00 DEBUG 7452 --- [           main] o.hibernate.orm.model.mapping.creation   : Starting PostInitCallbackEntry : Entity(com.example.demo.model.ConsultaMedica) `staticFetchableList` generator
2024-04-28T14:42:12.293-04:00 DEBUG 7452 --- [           main] o.hibernate.orm.model.mapping.creation   : Starting PostInitCallbackEntry : PluralAttributeMapping( NavigableRole[com.example.demo.model.Paciente.consultasMedicas#{element}]) - element descriptor
2024-04-28T14:42:12.294-04:00 DEBUG 7452 --- [           main] org.hibernate.orm.sql.ast.create         : Created new SQL alias : p1_0
2024-04-28T14:42:12.294-04:00 DEBUG 7452 --- [           main] org.hibernate.orm.sql.ast.create         : Registration of TableGroup [StandardTableGroup(com.example.demo.model.Paciente)] with identifierForTableGroup [com.example.demo.model.Paciente] for NavigablePath [com.example.demo.model.Paciente] 
2024-04-28T14:42:12.294-04:00 DEBUG 7452 --- [           main] org.hibernate.orm.results.graph.AST      : DomainResult Graph:
 \-EntityResultImpl [com.example.demo.model.Paciente]
 |  +-BasicFetch [com.example.demo.model.Paciente.apellido]
 |  +-DelayedCollectionFetch [com.example.demo.model.Paciente.consultasMedicas]
 |  +-BasicFetch [com.example.demo.model.Paciente.direccion]
 |  +-BasicFetch [com.example.demo.model.Paciente.nombre]
 |  \-BasicFetch [com.example.demo.model.Paciente.rut]

2024-04-28T14:42:12.294-04:00 DEBUG 7452 --- [           main] org.hibernate.orm.sql.ast.tree           : SQL AST Tree:
    SelectStatement {
      FromClause {
        StandardTableGroup (p1 : com.example.demo.model.Paciente) {
          primaryTableReference : paciente as p1_0
        }
      }
    }

2024-04-28T14:42:12.294-04:00 DEBUG 7452 --- [           main] o.h.p.entity.AbstractEntityPersister     : Static SQL for entity: com.example.demo.model.Paciente
2024-04-28T14:42:12.294-04:00 DEBUG 7452 --- [           main] o.h.p.entity.AbstractEntityPersister     :  Version select: select id from paciente where id=?
2024-04-28T14:42:12.294-04:00 DEBUG 7452 --- [           main] o.h.p.entity.AbstractEntityPersister     :  Insert (0): insert into paciente (apellido,direccion,nombre,rut,id) values (?,?,?,?,default)
2024-04-28T14:42:12.294-04:00 DEBUG 7452 --- [           main] o.h.p.entity.AbstractEntityPersister     :  Update (0): update paciente set apellido=?,direccion=?,nombre=?,rut=? where id=?
2024-04-28T14:42:12.294-04:00 DEBUG 7452 --- [           main] o.h.p.entity.AbstractEntityPersister     :  Delete (0): delete from paciente where id=?
2024-04-28T14:42:12.294-04:00 DEBUG 7452 --- [           main] org.hibernate.orm.sql.ast.create         : Created new SQL alias : cm1_0
2024-04-28T14:42:12.294-04:00 DEBUG 7452 --- [           main] org.hibernate.orm.sql.ast.create         : Registration of TableGroup [StandardTableGroup(com.example.demo.model.ConsultaMedica)] with identifierForTableGroup [com.example.demo.model.ConsultaMedica] for NavigablePath [com.example.demo.model.ConsultaMedica] 
2024-04-28T14:42:12.295-04:00 DEBUG 7452 --- [           main] org.hibernate.orm.results.graph.AST      : DomainResult Graph:
 \-EntityResultImpl [com.example.demo.model.ConsultaMedica]
 |  +-BasicFetch [com.example.demo.model.ConsultaMedica.diagnostico]
 |  +-BasicFetch [com.example.demo.model.ConsultaMedica.fecha]
 |  +-BasicFetch [com.example.demo.model.ConsultaMedica.motivoConsulta]
 |  \-BasicFetch [com.example.demo.model.ConsultaMedica.pacienteid]

2024-04-28T14:42:12.295-04:00 DEBUG 7452 --- [           main] org.hibernate.orm.sql.ast.tree           : SQL AST Tree:
    SelectStatement {
      FromClause {
        StandardTableGroup (cm1 : com.example.demo.model.ConsultaMedica) {
          primaryTableReference : consulta_medica as cm1_0
        }
      }
    }

2024-04-28T14:42:12.295-04:00 DEBUG 7452 --- [           main] o.h.p.entity.AbstractEntityPersister     : Static SQL for entity: com.example.demo.model.ConsultaMedica
2024-04-28T14:42:12.295-04:00 DEBUG 7452 --- [           main] o.h.p.entity.AbstractEntityPersister     :  Version select: select id from consulta_medica where id=?
2024-04-28T14:42:12.295-04:00 DEBUG 7452 --- [           main] o.h.p.entity.AbstractEntityPersister     :  Insert (0): insert into consulta_medica (diagnostico,fecha,motivo_consulta,paciente_id,id) values (?,?,?,?,default)
2024-04-28T14:42:12.295-04:00 DEBUG 7452 --- [           main] o.h.p.entity.AbstractEntityPersister     :  Update (0): update consulta_medica set diagnostico=?,fecha=?,motivo_consulta=?,paciente_id=? where id=?
2024-04-28T14:42:12.295-04:00 DEBUG 7452 --- [           main] o.h.p.entity.AbstractEntityPersister     :  Delete (0): delete from consulta_medica where id=?
2024-04-28T14:42:12.295-04:00 DEBUG 7452 --- [           main] org.hibernate.orm.sql.ast.create         : Created new SQL alias : cm1_0
2024-04-28T14:42:12.295-04:00 DEBUG 7452 --- [           main] org.hibernate.orm.sql.ast.create         : Registration of TableGroup [org.hibernate.sql.ast.tree.from.OneToManyTableGroup@1942a960] with identifierForTableGroup [com.example.demo.model.Paciente.consultasMedicas] for NavigablePath [com.example.demo.model.Paciente.consultasMedicas] 
2024-04-28T14:42:12.295-04:00 DEBUG 7452 --- [           main] org.hibernate.orm.sql.ast.create         : Registration of TableGroup [StandardTableGroup(com.example.demo.model.Paciente.consultasMedicas.{element})] with identifierForTableGroup [com.example.demo.model.Paciente.consultasMedicas.{element}] for NavigablePath [com.example.demo.model.Paciente.consultasMedicas.{element}] 
2024-04-28T14:42:12.295-04:00 DEBUG 7452 --- [           main] org.hibernate.orm.results.graph.AST      : DomainResult Graph:
 \-CollectionDomainResult [com.example.demo.model.Paciente.consultasMedicas]

2024-04-28T14:42:12.295-04:00 DEBUG 7452 --- [           main] org.hibernate.orm.sql.ast.tree           : SQL AST Tree:
    SelectStatement {
      FromClause {
        OneToManyTableGroup (cm1 : com.example.demo.model.Paciente.consultasMedicas) {
          primaryTableReference : consulta_medica as cm1_0
        }
      }
    }

2024-04-28T14:42:12.296-04:00 DEBUG 7452 --- [           main] org.hibernate.orm.jdbc.mutation          : Static SQL for collection: com.example.demo.model.Paciente.consultasMedicas
2024-04-28T14:42:12.296-04:00  INFO 7452 --- [           main] o.h.e.t.j.p.i.JtaPlatformInitiator       : HHH000489: No JTA platform available (set 'hibernate.transaction.jta.platform' to enable JTA platform integration)
2024-04-28T14:42:12.296-04:00 DEBUG 7452 --- [           main] o.h.type.spi.TypeConfiguration$Scope     : Scoping TypeConfiguration [org.hibernate.type.spi.TypeConfiguration@1df6f57d] to SessionFactoryImplementor [org.hibernate.internal.SessionFactoryImpl@4485ca30]
2024-04-28T14:42:12.297-04:00 DEBUG 7452 --- [           main] o.h.query.named.NamedObjectRepository    : Checking 0 named HQL queries
2024-04-28T14:42:12.297-04:00 DEBUG 7452 --- [           main] o.h.query.named.NamedObjectRepository    : Checking 0 named SQL queries
2024-04-28T14:42:12.297-04:00 DEBUG 7452 --- [           main] .h.t.s.s.SchemaManagementToolCoordinator : No schema actions specified for contributor `orm`; doing nothing
2024-04-28T14:42:12.297-04:00 DEBUG 7452 --- [           main] .h.t.s.s.SchemaManagementToolCoordinator : No actions found; doing nothing
2024-04-28T14:42:12.297-04:00 DEBUG 7452 --- [           main] o.h.internal.SessionFactoryRegistry      : Registering SessionFactory: 6f364c79-3f1a-4cbd-b9d8-eaf2a5e6f0d5 (<unnamed>)
2024-04-28T14:42:12.297-04:00 DEBUG 7452 --- [           main] o.h.internal.SessionFactoryRegistry      : Not binding SessionFactory to JNDI, no JNDI name configured
2024-04-28T14:42:12.297-04:00 DEBUG 7452 --- [           main] o.hibernate.internal.SessionFactoryImpl  : Instantiated SessionFactory
2024-04-28T14:42:12.297-04:00  INFO 7452 --- [           main] j.LocalContainerEntityManagerFactoryBean : Initialized JPA EntityManagerFactory for persistence unit 'default'
2024-04-28T14:42:12.297-04:00 DEBUG 7452 --- [           main] o.s.b.f.s.DefaultListableBeanFactory     : Creating shared instance of singleton bean 'demoApplication'
2024-04-28T14:42:12.297-04:00 DEBUG 7452 --- [           main] o.s.b.f.s.DefaultListableBeanFactory     : Creating shared instance of singleton bean 'org.springframework.boot.test.autoconfigure.jdbc.TestDatabaseAutoConfiguration'
2024-04-28T14:42:12.298-04:00 DEBUG 7452 --- [           main] o.s.b.f.s.DefaultListableBeanFactory     : Creating shared instance of singleton bean 'org.springframework.boot.autoconfigure.jdbc.metadata.DataSourcePoolMetadataProvidersConfiguration'
2024-04-28T14:42:12.298-04:00 DEBUG 7452 --- [           main] o.s.b.f.s.DefaultListableBeanFactory     : Creating shared instance of singleton bean 'org.springframework.boot.autoconfigure.jdbc.DataSourceAutoConfiguration'
2024-04-28T14:42:12.298-04:00 DEBUG 7452 --- [           main] o.s.b.f.s.DefaultListableBeanFactory     : Creating shared instance of singleton bean 'org.springframework.boot.context.properties.EnableConfigurationPropertiesRegistrar.methodValidationExcludeFilter'
2024-04-28T14:42:12.299-04:00 DEBUG 7452 --- [           main] o.s.b.f.s.DefaultListableBeanFactory     : Creating shared instance of singleton bean 'org.springframework.boot.autoconfigure.orm.jpa.JpaBaseConfiguration$PersistenceManagedTypesConfiguration'
2024-04-28T14:42:12.299-04:00 DEBUG 7452 --- [           main] o.s.b.f.s.DefaultListableBeanFactory     : Creating shared instance of singleton bean 'transactionManager'
2024-04-28T14:42:12.300-04:00 DEBUG 7452 --- [           main] o.s.b.f.s.DefaultListableBeanFactory     : Creating shared instance of singleton bean 'org.springframework.boot.autoconfigure.orm.jpa.HibernateJpaAutoConfiguration'
2024-04-28T14:42:12.300-04:00 DEBUG 7452 --- [           main] o.s.b.f.s.DefaultListableBeanFactory     : Creating shared instance of singleton bean 'org.springframework.boot.autoconfigure.data.jpa.JpaRepositoriesAutoConfiguration'
2024-04-28T14:42:12.300-04:00 DEBUG 7452 --- [           main] o.s.b.f.s.DefaultListableBeanFactory     : Creating shared instance of singleton bean 'jpaSharedEM_entityManagerFactory'
2024-04-28T14:42:12.303-04:00 DEBUG 7452 --- [           main] o.s.b.f.s.DefaultListableBeanFactory     : Creating shared instance of singleton bean 'org.springframework.data.jpa.util.JpaMetamodelCacheCleanup'
2024-04-28T14:42:12.303-04:00 DEBUG 7452 --- [           main] o.s.b.f.s.DefaultListableBeanFactory     : Creating shared instance of singleton bean 'org.springframework.data.jpa.repository.support.JpaEvaluationContextExtension'
2024-04-28T14:42:12.303-04:00 DEBUG 7452 --- [           main] o.s.b.f.s.DefaultListableBeanFactory     : Creating shared instance of singleton bean 'jpa.named-queries#0'
2024-04-28T14:42:12.304-04:00 DEBUG 7452 --- [           main] o.s.b.f.s.DefaultListableBeanFactory     : Creating shared instance of singleton bean 'jpa.ConsultaMedicaRepository.fragments#0'
2024-04-28T14:42:12.304-04:00 DEBUG 7452 --- [           main] o.s.b.f.s.DefaultListableBeanFactory     : Creating shared instance of singleton bean 'consultaMedicaRepository'
2024-04-28T14:42:12.306-04:00 DEBUG 7452 --- [           main] o.s.b.f.s.DefaultListableBeanFactory     : Creating shared instance of singleton bean 'jpaMappingContext'
2024-04-28T14:42:12.307-04:00 DEBUG 7452 --- [           main] .c.JpaMetamodelMappingContextFactoryBean : Initializing JpaMetamodelMappingContext…
2024-04-28T14:42:12.307-04:00 DEBUG 7452 --- [           main] .c.JpaMetamodelMappingContextFactoryBean : Finished initializing JpaMetamodelMappingContext
2024-04-28T14:42:12.308-04:00 DEBUG 7452 --- [           main] tor$SharedEntityManagerInvocationHandler : Creating new EntityManager for shared EntityManager invocation
2024-04-28T14:42:12.308-04:00 DEBUG 7452 --- [           main] o.h.stat.internal.StatisticsInitiator    : Statistics initialized [enabled=false]
2024-04-28T14:42:12.309-04:00 DEBUG 7452 --- [           main] o.s.d.r.c.s.RepositoryFactorySupport     : Initializing repository instance for com.example.demo.repository.ConsultaMedicaRepository…
2024-04-28T14:42:12.310-04:00 DEBUG 7452 --- [           main] tor$SharedEntityManagerInvocationHandler : Creating new EntityManager for shared EntityManager invocation
2024-04-28T14:42:12.321-04:00 DEBUG 7452 --- [           main] o.s.d.r.c.s.RepositoryFactorySupport     : Finished creation of repository instance for com.example.demo.repository.ConsultaMedicaRepository.
2024-04-28T14:42:12.321-04:00 DEBUG 7452 --- [           main] o.s.b.f.s.DefaultListableBeanFactory     : Creating shared instance of singleton bean 'jpa.named-queries#1'
2024-04-28T14:42:12.322-04:00 DEBUG 7452 --- [           main] o.s.b.f.s.DefaultListableBeanFactory     : Creating shared instance of singleton bean 'jpa.PacienteRepository.fragments#0'
2024-04-28T14:42:12.322-04:00 DEBUG 7452 --- [           main] o.s.b.f.s.DefaultListableBeanFactory     : Creating shared instance of singleton bean 'pacienteRepository'
2024-04-28T14:42:12.323-04:00 DEBUG 7452 --- [           main] tor$SharedEntityManagerInvocationHandler : Creating new EntityManager for shared EntityManager invocation
2024-04-28T14:42:12.324-04:00 DEBUG 7452 --- [           main] o.s.d.r.c.s.RepositoryFactorySupport     : Initializing repository instance for com.example.demo.repository.PacienteRepository…
2024-04-28T14:42:12.324-04:00 DEBUG 7452 --- [           main] tor$SharedEntityManagerInvocationHandler : Creating new EntityManager for shared EntityManager invocation
2024-04-28T14:42:12.328-04:00 DEBUG 7452 --- [           main] o.s.d.r.c.s.RepositoryFactorySupport     : Finished creation of repository instance for com.example.demo.repository.PacienteRepository.
2024-04-28T14:42:12.328-04:00 DEBUG 7452 --- [           main] o.s.b.f.s.DefaultListableBeanFactory     : Creating shared instance of singleton bean 'data-jpa.repository-aot-processor#0'
2024-04-28T14:42:12.329-04:00 DEBUG 7452 --- [           main] o.s.b.f.s.DefaultListableBeanFactory     : Creating shared instance of singleton bean 'org.springframework.boot.autoconfigure.jdbc.JdbcTemplateConfiguration'
2024-04-28T14:42:12.329-04:00 DEBUG 7452 --- [           main] o.s.b.f.s.DefaultListableBeanFactory     : Creating shared instance of singleton bean 'jdbcTemplate'
2024-04-28T14:42:12.329-04:00 DEBUG 7452 --- [           main] o.s.b.f.s.DefaultListableBeanFactory     : Creating shared instance of singleton bean 'spring.jdbc-org.springframework.boot.autoconfigure.jdbc.JdbcProperties'
2024-04-28T14:42:12.329-04:00 DEBUG 7452 --- [           main] o.s.b.f.s.DefaultListableBeanFactory     : Autowiring by type from bean name 'jdbcTemplate' via factory method to bean named 'dataSource'
2024-04-28T14:42:12.329-04:00 DEBUG 7452 --- [           main] o.s.b.f.s.DefaultListableBeanFactory     : Autowiring by type from bean name 'jdbcTemplate' via factory method to bean named 'spring.jdbc-org.springframework.boot.autoconfigure.jdbc.JdbcProperties'
2024-04-28T14:42:12.330-04:00 DEBUG 7452 --- [           main] o.s.b.f.s.DefaultListableBeanFactory     : Creating shared instance of singleton bean 'org.springframework.boot.autoconfigure.jdbc.NamedParameterJdbcTemplateConfiguration'
2024-04-28T14:42:12.331-04:00 DEBUG 7452 --- [           main] o.s.b.f.s.DefaultListableBeanFactory     : Creating shared instance of singleton bean 'namedParameterJdbcTemplate'
2024-04-28T14:42:12.331-04:00 DEBUG 7452 --- [           main] o.s.b.f.s.DefaultListableBeanFactory     : Autowiring by type from bean name 'namedParameterJdbcTemplate' via factory method to bean named 'jdbcTemplate'
2024-04-28T14:42:12.331-04:00 DEBUG 7452 --- [           main] o.s.b.f.s.DefaultListableBeanFactory     : Creating shared instance of singleton bean 'org.springframework.boot.autoconfigure.jdbc.JdbcTemplateAutoConfiguration'
2024-04-28T14:42:12.331-04:00 DEBUG 7452 --- [           main] o.s.b.f.s.DefaultListableBeanFactory     : Creating shared instance of singleton bean 'org.springframework.boot.autoconfigure.jdbc.JdbcClientAutoConfiguration'
2024-04-28T14:42:12.331-04:00 DEBUG 7452 --- [           main] o.s.b.f.s.DefaultListableBeanFactory     : Creating shared instance of singleton bean 'jdbcClient'
2024-04-28T14:42:12.331-04:00 DEBUG 7452 --- [           main] o.s.b.f.s.DefaultListableBeanFactory     : Autowiring by type from bean name 'jdbcClient' via factory method to bean named 'namedParameterJdbcTemplate'
2024-04-28T14:42:12.331-04:00 DEBUG 7452 --- [           main] o.s.b.f.s.DefaultListableBeanFactory     : Creating shared instance of singleton bean 'org.springframework.boot.autoconfigure.sql.init.SqlInitializationAutoConfiguration'
2024-04-28T14:42:12.331-04:00 DEBUG 7452 --- [           main] o.s.b.f.s.DefaultListableBeanFactory     : Creating shared instance of singleton bean 'org.springframework.boot.autoconfigure.jdbc.DataSourceTransactionManagerAutoConfiguration$JdbcTransactionManagerConfiguration'
2024-04-28T14:42:12.332-04:00 DEBUG 7452 --- [           main] o.s.b.f.s.DefaultListableBeanFactory     : Creating shared instance of singleton bean 'org.springframework.boot.autoconfigure.jdbc.DataSourceTransactionManagerAutoConfiguration'
2024-04-28T14:42:12.332-04:00 DEBUG 7452 --- [           main] o.s.b.f.s.DefaultListableBeanFactory     : Creating shared instance of singleton bean 'org.springframework.boot.autoconfigure.transaction.TransactionAutoConfiguration$EnableTransactionManagementConfiguration$CglibAutoProxyConfiguration'
2024-04-28T14:42:12.332-04:00 DEBUG 7452 --- [           main] o.s.b.f.s.DefaultListableBeanFactory     : Creating shared instance of singleton bean 'org.springframework.boot.autoconfigure.transaction.TransactionAutoConfiguration$EnableTransactionManagementConfiguration'
2024-04-28T14:42:12.332-04:00 DEBUG 7452 --- [           main] o.s.b.f.s.DefaultListableBeanFactory     : Creating shared instance of singleton bean 'org.springframework.boot.autoconfigure.transaction.TransactionAutoConfiguration$TransactionTemplateConfiguration'
2024-04-28T14:42:12.332-04:00 DEBUG 7452 --- [           main] o.s.b.f.s.DefaultListableBeanFactory     : Creating shared instance of singleton bean 'transactionTemplate'
2024-04-28T14:42:12.332-04:00 DEBUG 7452 --- [           main] o.s.b.f.s.DefaultListableBeanFactory     : Autowiring by type from bean name 'transactionTemplate' via factory method to bean named 'transactionManager'
2024-04-28T14:42:12.332-04:00 DEBUG 7452 --- [           main] o.s.b.f.s.DefaultListableBeanFactory     : Creating shared instance of singleton bean 'org.springframework.boot.autoconfigure.transaction.TransactionAutoConfiguration'
2024-04-28T14:42:12.332-04:00 DEBUG 7452 --- [           main] o.s.b.f.s.DefaultListableBeanFactory     : Creating shared instance of singleton bean 'org.springframework.boot.test.autoconfigure.orm.jpa.TestEntityManagerAutoConfiguration'
2024-04-28T14:42:12.332-04:00 DEBUG 7452 --- [           main] o.s.b.f.s.DefaultListableBeanFactory     : Creating shared instance of singleton bean 'testEntityManager'
2024-04-28T14:42:12.332-04:00 DEBUG 7452 --- [           main] o.s.b.f.s.DefaultListableBeanFactory     : Autowiring by type from bean name 'testEntityManager' via factory method to bean named 'entityManagerFactory'
2024-04-28T14:42:12.333-04:00 DEBUG 7452 --- [           main] o.s.c.support.DefaultLifecycleProcessor  : Starting beans in phase -2147483647
2024-04-28T14:42:12.333-04:00 DEBUG 7452 --- [           main] o.s.c.support.DefaultLifecycleProcessor  : Successfully started bean 'springBootLoggingLifecycle'
2024-04-28T14:42:12.334-04:00 DEBUG 7452 --- [           main] .s.b.a.l.ConditionEvaluationReportLogger : 


============================
CONDITIONS EVALUATION REPORT
============================


Positive matches:
-----------------

   DataSourceAutoConfiguration matched:
      - @ConditionalOnClass found required classes 'javax.sql.DataSource', 'org.springframework.jdbc.datasource.embedded.EmbeddedDatabaseType' (OnClassCondition)
      - @ConditionalOnMissingBean (types: io.r2dbc.spi.ConnectionFactory; SearchStrategy: all) did not find any beans (OnBeanCondition)

   DataSourceAutoConfiguration.PooledDataSourceConfiguration matched:
      - AnyNestedCondition 1 matched 1 did not; NestedCondition on DataSourceAutoConfiguration.PooledDataSourceCondition.PooledDataSourceAvailable PooledDataSource found supported DataSource; NestedCondition on DataSourceAutoConfiguration.PooledDataSourceCondition.ExplicitType @ConditionalOnProperty (spring.datasource.type) did not find property 'type' (DataSourceAutoConfiguration.PooledDataSourceCondition)
      - @ConditionalOnMissingBean (types: javax.sql.DataSource,javax.sql.XADataSource; SearchStrategy: all) did not find any beans (OnBeanCondition)

   DataSourceAutoConfiguration.PooledDataSourceConfiguration#jdbcConnectionDetails matched:
      - @ConditionalOnMissingBean (types: org.springframework.boot.autoconfigure.jdbc.JdbcConnectionDetails; SearchStrategy: all) did not find any beans (OnBeanCondition)

   DataSourceConfiguration.Hikari matched:
      - @ConditionalOnClass found required class 'com.zaxxer.hikari.HikariDataSource' (OnClassCondition)
      - @ConditionalOnProperty (spring.datasource.type=com.zaxxer.hikari.HikariDataSource) matched (OnPropertyCondition)
      - @ConditionalOnMissingBean (types: javax.sql.DataSource; SearchStrategy: all) did not find any beans (OnBeanCondition)

   DataSourceInitializationConfiguration matched:
      - @ConditionalOnClass found required class 'org.springframework.jdbc.datasource.init.DatabasePopulator' (OnClassCondition)
      - @ConditionalOnSingleCandidate (types: javax.sql.DataSource; SearchStrategy: all) found a single bean 'dataSource'; @ConditionalOnMissingBean (types: org.springframework.boot.autoconfigure.sql.init.SqlDataSourceScriptDatabaseInitializer,org.springframework.boot.autoconfigure.sql.init.SqlR2dbcScriptDatabaseInitializer; SearchStrategy: all) did not find any beans (OnBeanCondition)

   DataSourcePoolMetadataProvidersConfiguration.HikariPoolDataSourceMetadataProviderConfiguration matched:
      - @ConditionalOnClass found required class 'com.zaxxer.hikari.HikariDataSource' (OnClassCondition)

   DataSourceTransactionManagerAutoConfiguration matched:
      - @ConditionalOnClass found required classes 'org.springframework.jdbc.core.JdbcTemplate', 'org.springframework.transaction.TransactionManager' (OnClassCondition)

   DataSourceTransactionManagerAutoConfiguration.JdbcTransactionManagerConfiguration matched:
      - @ConditionalOnSingleCandidate (types: javax.sql.DataSource; SearchStrategy: all) found a single bean 'dataSource' (OnBeanCondition)

   HibernateJpaAutoConfiguration matched:
      - @ConditionalOnClass found required classes 'org.springframework.orm.jpa.LocalContainerEntityManagerFactoryBean', 'jakarta.persistence.EntityManager', 'org.hibernate.engine.spi.SessionImplementor' (OnClassCondition)

   HibernateJpaConfiguration matched:
      - @ConditionalOnSingleCandidate (types: javax.sql.DataSource; SearchStrategy: all) found a single bean 'dataSource' (OnBeanCondition)

   JdbcClientAutoConfiguration matched:
      - @ConditionalOnSingleCandidate (types: org.springframework.jdbc.core.namedparam.NamedParameterJdbcTemplate; SearchStrategy: all) found a single bean 'namedParameterJdbcTemplate'; @ConditionalOnMissingBean (types: org.springframework.jdbc.core.simple.JdbcClient; SearchStrategy: all) did not find any beans (OnBeanCondition)

   JdbcTemplateAutoConfiguration matched:
      - @ConditionalOnClass found required classes 'javax.sql.DataSource', 'org.springframework.jdbc.core.JdbcTemplate' (OnClassCondition)
      - @ConditionalOnSingleCandidate (types: javax.sql.DataSource; SearchStrategy: all) found a single bean 'dataSource' (OnBeanCondition)

   JdbcTemplateConfiguration matched:
      - @ConditionalOnMissingBean (types: org.springframework.jdbc.core.JdbcOperations; SearchStrategy: all) did not find any beans (OnBeanCondition)

   JpaBaseConfiguration#entityManagerFactory matched:
      - @ConditionalOnMissingBean (types: org.springframework.orm.jpa.LocalContainerEntityManagerFactoryBean,jakarta.persistence.EntityManagerFactory; SearchStrategy: all) did not find any beans (OnBeanCondition)

   JpaBaseConfiguration#entityManagerFactoryBuilder matched:
      - @ConditionalOnMissingBean (types: org.springframework.boot.orm.jpa.EntityManagerFactoryBuilder; SearchStrategy: all) did not find any beans (OnBeanCondition)

   JpaBaseConfiguration#jpaVendorAdapter matched:
      - @ConditionalOnMissingBean (types: org.springframework.orm.jpa.JpaVendorAdapter; SearchStrategy: all) did not find any beans (OnBeanCondition)

   JpaBaseConfiguration#transactionManager matched:
      - @ConditionalOnMissingBean (types: org.springframework.transaction.TransactionManager; SearchStrategy: all) did not find any beans (OnBeanCondition)

   JpaBaseConfiguration.PersistenceManagedTypesConfiguration matched:
      - @ConditionalOnMissingBean (types: org.springframework.orm.jpa.LocalContainerEntityManagerFactoryBean,jakarta.persistence.EntityManagerFactory; SearchStrategy: all) did not find any beans (OnBeanCondition)

   JpaBaseConfiguration.PersistenceManagedTypesConfiguration#persistenceManagedTypes matched:
      - @ConditionalOnMissingBean (types: org.springframework.orm.jpa.persistenceunit.PersistenceManagedTypes; SearchStrategy: all) did not find any beans (OnBeanCondition)

   JpaRepositoriesAutoConfiguration matched:
      - @ConditionalOnClass found required class 'org.springframework.data.jpa.repository.JpaRepository' (OnClassCondition)
      - @ConditionalOnProperty (spring.data.jpa.repositories.enabled=true) matched (OnPropertyCondition)
      - @ConditionalOnBean (types: javax.sql.DataSource; SearchStrategy: all) found bean 'dataSource'; @ConditionalOnMissingBean (types: org.springframework.data.jpa.repository.support.JpaRepositoryFactoryBean,org.springframework.data.jpa.repository.config.JpaRepositoryConfigExtension; SearchStrategy: all) did not find any beans (OnBeanCondition)

   NamedParameterJdbcTemplateConfiguration matched:
      - @ConditionalOnSingleCandidate (types: org.springframework.jdbc.core.JdbcTemplate; SearchStrategy: all) found a single bean 'jdbcTemplate'; @ConditionalOnMissingBean (types: org.springframework.jdbc.core.namedparam.NamedParameterJdbcOperations; SearchStrategy: all) did not find any beans (OnBeanCondition)

   NoOpCacheConfiguration matched:
      - Cache org.springframework.boot.autoconfigure.cache.NoOpCacheConfiguration NONE cache type (CacheCondition)

   SqlInitializationAutoConfiguration matched:
      - @ConditionalOnProperty (spring.sql.init.enabled) matched (OnPropertyCondition)
      - NoneNestedConditions 0 matched 1 did not; NestedCondition on SqlInitializationAutoConfiguration.SqlInitializationModeCondition.ModeIsNever @ConditionalOnProperty (spring.sql.init.mode=never) did not find property 'mode' (SqlInitializationAutoConfiguration.SqlInitializationModeCondition)

   TestEntityManagerAutoConfiguration matched:
      - @ConditionalOnClass found required class 'jakarta.persistence.EntityManagerFactory' (OnClassCondition)

   TestEntityManagerAutoConfiguration#testEntityManager matched:
      - @ConditionalOnMissingBean (types: org.springframework.boot.test.autoconfigure.orm.jpa.TestEntityManager; SearchStrategy: all) did not find any beans (OnBeanCondition)

   TransactionAutoConfiguration matched:
      - @ConditionalOnClass found required class 'org.springframework.transaction.PlatformTransactionManager' (OnClassCondition)

   TransactionAutoConfiguration.EnableTransactionManagementConfiguration matched:
      - @ConditionalOnBean (types: org.springframework.transaction.TransactionManager; SearchStrategy: all) found bean 'transactionManager'; @ConditionalOnMissingBean (types: org.springframework.transaction.annotation.AbstractTransactionManagementConfiguration; SearchStrategy: all) did not find any beans (OnBeanCondition)

   TransactionAutoConfiguration.EnableTransactionManagementConfiguration.CglibAutoProxyConfiguration matched:
      - @ConditionalOnProperty (spring.aop.proxy-target-class=true) matched (OnPropertyCondition)

   TransactionAutoConfiguration.TransactionTemplateConfiguration matched:
      - @ConditionalOnSingleCandidate (types: org.springframework.transaction.PlatformTransactionManager; SearchStrategy: all) found a single bean 'transactionManager' (OnBeanCondition)

   TransactionAutoConfiguration.TransactionTemplateConfiguration#transactionTemplate matched:
      - @ConditionalOnMissingBean (types: org.springframework.transaction.support.TransactionOperations; SearchStrategy: all) did not find any beans (OnBeanCondition)


Negative matches:
-----------------

   Cache2kCacheConfiguration:
      Did not match:
         - @ConditionalOnClass did not find required class 'org.cache2k.Cache2kBuilder' (OnClassCondition)

   CacheAutoConfiguration:
      Did not match:
         - @ConditionalOnBean (types: org.springframework.cache.interceptor.CacheAspectSupport; SearchStrategy: all) did not find any beans of type org.springframework.cache.interceptor.CacheAspectSupport (OnBeanCondition)
      Matched:
         - @ConditionalOnClass found required class 'org.springframework.cache.CacheManager' (OnClassCondition)

   CacheAutoConfiguration.CacheManagerEntityManagerFactoryDependsOnPostProcessor:
      Did not match:
         - Ancestor org.springframework.boot.autoconfigure.cache.CacheAutoConfiguration did not match (ConditionEvaluationReport.AncestorsMatchedCondition)
      Matched:
         - @ConditionalOnClass found required class 'org.springframework.orm.jpa.LocalContainerEntityManagerFactoryBean' (OnClassCondition)

   CaffeineCacheConfiguration:
      Did not match:
         - @ConditionalOnClass did not find required class 'com.github.benmanes.caffeine.cache.Caffeine' (OnClassCondition)

   CouchbaseCacheConfiguration:
      Did not match:
         - @ConditionalOnClass did not find required class 'com.couchbase.client.java.Cluster' (OnClassCondition)

   DataSourceAutoConfiguration.EmbeddedDatabaseConfiguration:
      Did not match:
         - EmbeddedDataSource spring.datasource.url is set (DataSourceAutoConfiguration.EmbeddedDatabaseCondition)

   DataSourceCheckpointRestoreConfiguration:
      Did not match:
         - @ConditionalOnClass did not find required class 'org.crac.Resource' (OnClassCondition)

   DataSourceConfiguration.Dbcp2:
      Did not match:
         - @ConditionalOnClass did not find required class 'org.apache.commons.dbcp2.BasicDataSource' (OnClassCondition)

   DataSourceConfiguration.Generic:
      Did not match:
         - @ConditionalOnProperty (spring.datasource.type) did not find property 'spring.datasource.type' (OnPropertyCondition)

   DataSourceConfiguration.OracleUcp:
      Did not match:
         - @ConditionalOnClass did not find required class 'oracle.ucp.jdbc.PoolDataSourceImpl' (OnClassCondition)

   DataSourceConfiguration.Tomcat:
      Did not match:
         - @ConditionalOnClass did not find required class 'org.apache.tomcat.jdbc.pool.DataSource' (OnClassCondition)

   DataSourceJmxConfiguration:
      Did not match:
         - @ConditionalOnProperty (spring.jmx.enabled=true) found different value in property 'enabled' (OnPropertyCondition)

   DataSourcePoolMetadataProvidersConfiguration.CommonsDbcp2PoolDataSourceMetadataProviderConfiguration:
      Did not match:
         - @ConditionalOnClass did not find required class 'org.apache.commons.dbcp2.BasicDataSource' (OnClassCondition)

   DataSourcePoolMetadataProvidersConfiguration.OracleUcpPoolDataSourceMetadataProviderConfiguration:
      Did not match:
         - @ConditionalOnClass did not find required class 'oracle.ucp.jdbc.PoolDataSource' (OnClassCondition)

   DataSourcePoolMetadataProvidersConfiguration.TomcatDataSourcePoolMetadataProviderConfiguration:
      Did not match:
         - @ConditionalOnClass did not find required class 'org.apache.tomcat.jdbc.pool.DataSource' (OnClassCondition)

   DataSourceTransactionManagerAutoConfiguration.JdbcTransactionManagerConfiguration#transactionManager:
      Did not match:
         - @ConditionalOnMissingBean (types: org.springframework.transaction.TransactionManager; SearchStrategy: all) found beans of type 'org.springframework.transaction.TransactionManager' transactionManager (OnBeanCondition)

   FlywayAutoConfiguration:
      Did not match:
         - @ConditionalOnClass did not find required class 'org.flywaydb.core.Flyway' (OnClassCondition)

   GenericCacheConfiguration:
      Did not match:
         - Cache org.springframework.boot.autoconfigure.cache.GenericCacheConfiguration unknown cache type (CacheCondition)

   HazelcastCacheConfiguration:
      Did not match:
         - @ConditionalOnClass did not find required class 'com.hazelcast.core.HazelcastInstance' (OnClassCondition)

   InfinispanCacheConfiguration:
      Did not match:
         - @ConditionalOnClass did not find required class 'org.infinispan.spring.embedded.provider.SpringEmbeddedCacheManager' (OnClassCondition)

   JCacheCacheConfiguration:
      Did not match:
         - @ConditionalOnClass did not find required class 'javax.cache.Caching' (OnClassCondition)

   JpaBaseConfiguration.JpaWebConfiguration:
      Did not match:
         - not a servlet web application (OnWebApplicationCondition)
      Matched:
         - @ConditionalOnClass found required class 'org.springframework.web.servlet.config.annotation.WebMvcConfigurer' (OnClassCondition)

   JpaRepositoriesAutoConfiguration#entityManagerFactoryBootstrapExecutorCustomizer:
      Did not match:
         - AnyNestedCondition 0 matched 2 did not; NestedCondition on JpaRepositoriesAutoConfiguration.BootstrapExecutorCondition.LazyBootstrapMode @ConditionalOnProperty (spring.data.jpa.repositories.bootstrap-mode=lazy) found different value in property 'bootstrap-mode'; NestedCondition on JpaRepositoriesAutoConfiguration.BootstrapExecutorCondition.DeferredBootstrapMode @ConditionalOnProperty (spring.data.jpa.repositories.bootstrap-mode=deferred) found different value in property 'bootstrap-mode' (JpaRepositoriesAutoConfiguration.BootstrapExecutorCondition)

   LiquibaseAutoConfiguration:
      Did not match:
         - @ConditionalOnClass did not find required class 'liquibase.change.DatabaseChange' (OnClassCondition)

   R2dbcInitializationConfiguration:
      Did not match:
         - @ConditionalOnClass did not find required classes 'io.r2dbc.spi.ConnectionFactory', 'org.springframework.r2dbc.connection.init.DatabasePopulator' (OnClassCondition)

   RedisCacheConfiguration:
      Did not match:
         - @ConditionalOnClass did not find required class 'org.springframework.data.redis.connection.RedisConnectionFactory' (OnClassCondition)

   SimpleCacheConfiguration:
      Did not match:
         - Cache org.springframework.boot.autoconfigure.cache.SimpleCacheConfiguration unknown cache type (CacheCondition)

   TestDatabaseAutoConfiguration#dataSource:
      Did not match:
         - @ConditionalOnProperty (spring.test.database.replace=AUTO_CONFIGURED) found different value in property 'replace' (OnPropertyCondition)

   TestDatabaseAutoConfiguration#embeddedDataSourceBeanFactoryPostProcessor:
      Did not match:
         - @ConditionalOnProperty (spring.test.database.replace=ANY) found different value in property 'replace' (OnPropertyCondition)

   TransactionAutoConfiguration#transactionalOperator:
      Did not match:
         - @ConditionalOnSingleCandidate (types: org.springframework.transaction.ReactiveTransactionManager; SearchStrategy: all) did not find any beans (OnBeanCondition)

   TransactionAutoConfiguration.AspectJTransactionManagementConfiguration:
      Did not match:
         - @ConditionalOnBean (types: org.springframework.transaction.aspectj.AbstractTransactionAspect; SearchStrategy: all) did not find any beans of type org.springframework.transaction.aspectj.AbstractTransactionAspect (OnBeanCondition)

   TransactionAutoConfiguration.EnableTransactionManagementConfiguration.JdkDynamicAutoProxyConfiguration:
      Did not match:
         - @ConditionalOnProperty (spring.aop.proxy-target-class=false) did not find property 'proxy-target-class' (OnPropertyCondition)


Exclusions:
-----------

    None


Unconditional classes:
----------------------

    org.springframework.boot.test.autoconfigure.jdbc.TestDatabaseAutoConfiguration



2024-04-28T14:42:12.334-04:00  INFO 7452 --- [           main] c.e.d.r.ConsultaMedicaRepositoryTest     : Started ConsultaMedicaRepositoryTest in 0.428 seconds (process running for 6.097)
2024-04-28T14:42:12.335-04:00 DEBUG 7452 --- [           main] org.springframework.test.context.cache   : Spring test ApplicationContext cache statistics: [DefaultContextCache@2499b971 size = 3, maxSize = 32, parentContextCount = 0, hitCount = 24, missCount = 3, failureCount = 0]
2024-04-28T14:42:12.336-04:00 DEBUG 7452 --- [           main] org.springframework.test.context.cache   : Spring test ApplicationContext cache statistics: [DefaultContextCache@2499b971 size = 3, maxSize = 32, parentContextCount = 0, hitCount = 25, missCount = 3, failureCount = 0]
2024-04-28T14:42:12.337-04:00 DEBUG 7452 --- [           main] sContextBeforeModesTestExecutionListener : Before test method: class [ConsultaMedicaRepositoryTest], method [guardarConsultaMedicaTest], class annotated with @DirtiesContext [false] with mode [null], method annotated with @DirtiesContext [false] with mode [null]
2024-04-28T14:42:12.339-04:00 DEBUG 7452 --- [           main] t.c.t.TransactionalTestExecutionListener : Explicit transaction definition [PROPAGATION_REQUIRED,ISOLATION_DEFAULT] found for test class [com.example.demo.repository.ConsultaMedicaRepositoryTest] and test method [guardarConsultaMedicaTest]
2024-04-28T14:42:12.339-04:00 DEBUG 7452 --- [           main] org.springframework.test.context.cache   : Spring test ApplicationContext cache statistics: [DefaultContextCache@2499b971 size = 3, maxSize = 32, parentContextCount = 0, hitCount = 26, missCount = 3, failureCount = 0]
2024-04-28T14:42:12.341-04:00 DEBUG 7452 --- [           main] t.c.t.TransactionalTestExecutionListener : No method-level @Rollback override: using default rollback [true] for test method [public void com.example.demo.repository.ConsultaMedicaRepositoryTest.guardarConsultaMedicaTest()]
2024-04-28T14:42:12.341-04:00 DEBUG 7452 --- [           main] o.s.orm.jpa.JpaTransactionManager        : Creating new transaction with name [com.example.demo.repository.ConsultaMedicaRepositoryTest.guardarConsultaMedicaTest]: PROPAGATION_REQUIRED,ISOLATION_DEFAULT
2024-04-28T14:42:12.342-04:00 DEBUG 7452 --- [           main] o.s.orm.jpa.JpaTransactionManager        : Opened new EntityManager [SessionImpl(1937115923<open>)] for JPA transaction
2024-04-28T14:42:12.344-04:00 DEBUG 7452 --- [           main] o.h.e.t.internal.TransactionImpl         : On TransactionImpl creation, JpaCompliance#isJpaTransactionComplianceEnabled == false
2024-04-28T14:42:12.344-04:00 DEBUG 7452 --- [           main] o.h.e.t.internal.TransactionImpl         : begin
2024-04-28T14:42:12.346-04:00 DEBUG 7452 --- [           main] o.s.orm.jpa.JpaTransactionManager        : Exposing JPA transaction as JDBC [org.springframework.orm.jpa.vendor.HibernateJpaDialect$HibernateConnectionHandle@6662af0a]
2024-04-28T14:42:12.347-04:00 DEBUG 7452 --- [           main] o.s.t.c.transaction.TransactionContext   : Began transaction (1) for test class [com.example.demo.repository.ConsultaMedicaRepositoryTest]; test method [guardarConsultaMedicaTest]; transaction manager [org.springframework.orm.jpa.JpaTransactionManager@4fddd42b]; rollback [true]
2024-04-28T14:42:12.347-04:00 DEBUG 7452 --- [           main] org.springframework.test.context.cache   : Spring test ApplicationContext cache statistics: [DefaultContextCache@2499b971 size = 3, maxSize = 32, parentContextCount = 0, hitCount = 27, missCount = 3, failureCount = 0]
2024-04-28T14:42:12.347-04:00 DEBUG 7452 --- [           main] org.springframework.test.context.cache   : Spring test ApplicationContext cache statistics: [DefaultContextCache@2499b971 size = 3, maxSize = 32, parentContextCount = 0, hitCount = 28, missCount = 3, failureCount = 0]
2024-04-28T14:42:12.348-04:00 DEBUG 7452 --- [           main] org.springframework.test.context.cache   : Spring test ApplicationContext cache statistics: [DefaultContextCache@2499b971 size = 3, maxSize = 32, parentContextCount = 0, hitCount = 29, missCount = 3, failureCount = 0]
2024-04-28T14:42:12.353-04:00 DEBUG 7452 --- [           main] o.s.orm.jpa.JpaTransactionManager        : Found thread-bound EntityManager [SessionImpl(1937115923<open>)] for JPA transaction
2024-04-28T14:42:12.353-04:00 DEBUG 7452 --- [           main] o.s.orm.jpa.JpaTransactionManager        : Participating in existing transaction
2024-04-28T14:42:12.357-04:00 DEBUG 7452 --- [           main] o.h.j.internal.PersistenceUnitUtilImpl   : jakarta.persistence.PersistenceUnitUtil.getIdentifier is only intended to work with enhanced entities (although Hibernate also adapts this support to its proxies); however the passed entity was not enhanced (nor a proxy).. may not be able to read identifier
2024-04-28T14:42:12.370-04:00 DEBUG 7452 --- [           main] org.hibernate.orm.sql.ast.create         : Created new SQL alias : cm1_0
2024-04-28T14:42:12.370-04:00 DEBUG 7452 --- [           main] org.hibernate.orm.sql.ast.create         : Registration of TableGroup [StandardTableGroup(com.example.demo.model.ConsultaMedica)] with identifierForTableGroup [com.example.demo.model.ConsultaMedica] for NavigablePath [com.example.demo.model.ConsultaMedica] 
2024-04-28T14:42:12.370-04:00 DEBUG 7452 --- [           main] org.hibernate.orm.results.graph.AST      : DomainResult Graph:
 \-EntityResultImpl [com.example.demo.model.ConsultaMedica]
 |  +-BasicFetch [com.example.demo.model.ConsultaMedica.diagnostico]
 |  +-BasicFetch [com.example.demo.model.ConsultaMedica.fecha]
 |  +-BasicFetch [com.example.demo.model.ConsultaMedica.motivoConsulta]
 |  \-BasicFetch [com.example.demo.model.ConsultaMedica.pacienteid]

2024-04-28T14:42:12.370-04:00 DEBUG 7452 --- [           main] org.hibernate.orm.sql.ast.tree           : SQL AST Tree:
    SelectStatement {
      FromClause {
        StandardTableGroup (cm1 : com.example.demo.model.ConsultaMedica) {
          primaryTableReference : consulta_medica as cm1_0
        }
      }
    }

2024-04-28T14:42:12.382-04:00 DEBUG 7452 --- [           main] org.hibernate.orm.sql.exec               : Skipping reading Query result cache data: cache-enabled = false, cache-mode = IGNORE
2024-04-28T14:42:12.393-04:00 DEBUG 7452 --- [           main] org.hibernate.orm.results                : Initializer list:
	  com.example.demo.model.ConsultaMedica -> EntityResultInitializer(com.example.demo.model.ConsultaMedica)@656802017 (SingleTableEntityPersister(com.example.demo.model.ConsultaMedica))

2024-04-28T14:42:12.399-04:00 DEBUG 7452 --- [           main] org.hibernate.SQL                        : select cm1_0.id,cm1_0.diagnostico,cm1_0.fecha,cm1_0.motivo_consulta,cm1_0.paciente_id from consulta_medica cm1_0 where cm1_0.id=?
Hibernate: select cm1_0.id,cm1_0.diagnostico,cm1_0.fecha,cm1_0.motivo_consulta,cm1_0.paciente_id from consulta_medica cm1_0 where cm1_0.id=?
2024-04-28T14:42:12.526-04:00 DEBUG 7452 --- [           main] o.hibernate.orm.results.loading.entity   : (EntityResultInitializer) Hydrated EntityKey (com.example.demo.model.ConsultaMedica): 1
2024-04-28T14:42:12.527-04:00 DEBUG 7452 --- [           main] o.hibernate.orm.results.loading.entity   : (EntityResultInitializer) Created new entity instance [com.example.demo.model.ConsultaMedica#1] : 1505200421
2024-04-28T14:42:12.527-04:00 DEBUG 7452 --- [           main] org.hibernate.orm.results                : Extracted JDBC value [1] - [Gripe común]
2024-04-28T14:42:12.528-04:00 DEBUG 7452 --- [           main] org.hibernate.orm.results                : Extracted JDBC value [2] - [2024-04-11]
2024-04-28T14:42:12.528-04:00 DEBUG 7452 --- [           main] org.hibernate.orm.results                : Extracted JDBC value [3] - [Fiebre y tos]
2024-04-28T14:42:12.528-04:00 DEBUG 7452 --- [           main] org.hibernate.orm.results                : Extracted JDBC value [4] - [1]
2024-04-28T14:42:12.530-04:00 DEBUG 7452 --- [           main] o.hibernate.orm.results.loading.entity   : (EntityResultInitializer) Done materializing entityInstance : com.example.demo.model.ConsultaMedica#1
2024-04-28T14:42:12.530-04:00 DEBUG 7452 --- [           main] org.hibernate.orm.results.loading        : Calling top-level assembler (0 / 1) : org.hibernate.sql.results.graph.entity.internal.EntityAssembler@7ba821ef
2024-04-28T14:42:12.539-04:00 DEBUG 7452 --- [           main] org.springframework.test.context.cache   : Spring test ApplicationContext cache statistics: [DefaultContextCache@2499b971 size = 3, maxSize = 32, parentContextCount = 0, hitCount = 30, missCount = 3, failureCount = 0]
2024-04-28T14:42:12.539-04:00 DEBUG 7452 --- [           main] org.springframework.test.context.cache   : Spring test ApplicationContext cache statistics: [DefaultContextCache@2499b971 size = 3, maxSize = 32, parentContextCount = 0, hitCount = 31, missCount = 3, failureCount = 0]
2024-04-28T14:42:12.539-04:00 DEBUG 7452 --- [           main] org.springframework.test.context.cache   : Spring test ApplicationContext cache statistics: [DefaultContextCache@2499b971 size = 3, maxSize = 32, parentContextCount = 0, hitCount = 32, missCount = 3, failureCount = 0]
2024-04-28T14:42:12.539-04:00 DEBUG 7452 --- [           main] org.springframework.test.context.cache   : Spring test ApplicationContext cache statistics: [DefaultContextCache@2499b971 size = 3, maxSize = 32, parentContextCount = 0, hitCount = 33, missCount = 3, failureCount = 0]
2024-04-28T14:42:12.539-04:00 DEBUG 7452 --- [           main] org.springframework.test.context.cache   : Spring test ApplicationContext cache statistics: [DefaultContextCache@2499b971 size = 3, maxSize = 32, parentContextCount = 0, hitCount = 34, missCount = 3, failureCount = 0]
2024-04-28T14:42:12.539-04:00 DEBUG 7452 --- [           main] org.springframework.test.context.cache   : Spring test ApplicationContext cache statistics: [DefaultContextCache@2499b971 size = 3, maxSize = 32, parentContextCount = 0, hitCount = 35, missCount = 3, failureCount = 0]
2024-04-28T14:42:12.540-04:00 DEBUG 7452 --- [           main] o.s.orm.jpa.JpaTransactionManager        : Initiating transaction rollback
2024-04-28T14:42:12.540-04:00 DEBUG 7452 --- [           main] o.s.orm.jpa.JpaTransactionManager        : Rolling back JPA transaction on EntityManager [SessionImpl(1937115923<open>)]
2024-04-28T14:42:12.540-04:00 DEBUG 7452 --- [           main] o.h.e.t.internal.TransactionImpl         : rolling back
2024-04-28T14:42:12.546-04:00 DEBUG 7452 --- [           main] o.s.orm.jpa.JpaTransactionManager        : Closing JPA EntityManager [SessionImpl(1937115923<open>)] after transaction
2024-04-28T14:42:12.546-04:00 DEBUG 7452 --- [           main] o.s.t.c.transaction.TransactionContext   : Rolled back transaction (1) for test class [com.example.demo.repository.ConsultaMedicaRepositoryTest]; test method [guardarConsultaMedicaTest]
2024-04-28T14:42:12.547-04:00 DEBUG 7452 --- [           main] .c.s.DirtiesContextTestExecutionListener : After test method: class [ConsultaMedicaRepositoryTest], method [guardarConsultaMedicaTest], class annotated with @DirtiesContext [false] with mode [null], method annotated with @DirtiesContext [false] with mode [null]
]]></system-out>
  </testcase>
</testsuite>